This file contains any messages produced by compilers while
running configure, to aid debugging if configure makes a mistake.

It was created by Cephalon Core configure 4.4.4, which was
generated by GNU Autoconf 2.71.  Invocation command line was

  $ ./configure --with-incompatible-bdb --disable-shared --with-pic --with-bignum=no --enable-module-recovery --disable-jni --no-create --no-recursion

## --------- ##
## Platform. ##
## --------- ##

hostname = dellacsep1
uname -m = x86_64
uname -r = 5.15.0-50-generic
uname -s = Linux
uname -v = #56-Ubuntu SMP Tue Sep 20 13:23:26 UTC 2022

/usr/bin/uname -p = x86_64
/bin/uname -X     = unknown

/bin/arch              = x86_64
/usr/bin/arch -k       = unknown
/usr/convex/getsysinfo = unknown
/usr/bin/hostinfo      = unknown
/bin/machine           = unknown
/usr/bin/oslevel       = unknown
/bin/universe          = unknown

PATH: /usr/local/sbin/
PATH: /usr/local/bin/
PATH: /usr/sbin/
PATH: /usr/bin/
PATH: /sbin/
PATH: /bin/
PATH: /snap/bin/


## ----------- ##
## Core tests. ##
## ----------- ##

configure:3340: looking for aux files: compile ltmain.sh missing install-sh config.guess config.sub
configure:3353:  trying ./build-aux/
configure:3382:   ./build-aux/compile found
configure:3382:   ./build-aux/ltmain.sh found
configure:3382:   ./build-aux/missing found
configure:3364:   ./build-aux/install-sh found
configure:3382:   ./build-aux/config.guess found
configure:3382:   ./build-aux/config.sub found
configure:3516: checking build system type
configure:3531: result: x86_64-pc-linux-gnu
configure:3551: checking host system type
configure:3565: result: x86_64-pc-linux-gnu
configure:3609: checking for a BSD-compatible install
configure:3682: result: /usr/bin/install -c
configure:3693: checking whether build environment is sane
configure:3748: result: yes
configure:3907: checking for a race-free mkdir -p
configure:3951: result: /usr/bin/mkdir -p
configure:3958: checking for gawk
configure:3979: found /usr/bin/gawk
configure:3990: result: gawk
configure:4001: checking whether make sets $(MAKE)
configure:4024: result: yes
configure:4054: checking whether make supports nested variables
configure:4072: result: yes
configure:4205: checking whether to enable maintainer-specific portions of Makefiles
configure:4215: result: yes
configure:4241: checking whether make supports nested variables
configure:4259: result: yes
configure:4345: checking for g++
configure:4366: found /usr/bin/g++
configure:4377: result: g++
configure:4404: checking for C++ compiler version
configure:4413: g++ --version >&5
g++ (Ubuntu 11.2.0-19ubuntu1) 11.2.0
Copyright (C) 2021 Free Software Foundation, Inc.
This is free software; see the source for copying conditions.  There is NO
warranty; not even for MERCHANTABILITY or FITNESS FOR A PARTICULAR PURPOSE.

configure:4424: $? = 0
configure:4413: g++ -v >&5
Using built-in specs.
COLLECT_GCC=g++
COLLECT_LTO_WRAPPER=/usr/lib/gcc/x86_64-linux-gnu/11/lto-wrapper
OFFLOAD_TARGET_NAMES=nvptx-none:amdgcn-amdhsa
OFFLOAD_TARGET_DEFAULT=1
Target: x86_64-linux-gnu
Configured with: ../src/configure -v --with-pkgversion='Ubuntu 11.2.0-19ubuntu1' --with-bugurl=file:///usr/share/doc/gcc-11/README.Bugs --enable-languages=c,ada,c++,go,brig,d,fortran,objc,obj-c++,m2 --prefix=/usr --with-gcc-major-version-only --program-suffix=-11 --program-prefix=x86_64-linux-gnu- --enable-shared --enable-linker-build-id --libexecdir=/usr/lib --without-included-gettext --enable-threads=posix --libdir=/usr/lib --enable-nls --enable-bootstrap --enable-clocale=gnu --enable-libstdcxx-debug --enable-libstdcxx-time=yes --with-default-libstdcxx-abi=new --enable-gnu-unique-object --disable-vtable-verify --enable-plugin --enable-default-pie --with-system-zlib --enable-libphobos-checking=release --with-target-system-zlib=auto --enable-objc-gc=auto --enable-multiarch --disable-werror --enable-cet --with-arch-32=i686 --with-abi=m64 --with-multilib-list=m32,m64,mx32 --enable-multilib --with-tune=generic --enable-offload-targets=nvptx-none=/build/gcc-11-gBFGDP/gcc-11-11.2.0/debian/tmp-nvptx/usr,amdgcn-amdhsa=/build/gcc-11-gBFGDP/gcc-11-11.2.0/debian/tmp-gcn/usr --without-cuda-driver --enable-checking=release --build=x86_64-linux-gnu --host=x86_64-linux-gnu --target=x86_64-linux-gnu --with-build-config=bootstrap-lto-lean --enable-link-serialization=2
Thread model: posix
Supported LTO compression algorithms: zlib zstd
gcc version 11.2.0 (Ubuntu 11.2.0-19ubuntu1) 
... rest of stderr output deleted ...
configure:4424: $? = 0
configure:4413: g++ -V >&5
g++: error: unrecognized command-line option '-V'
g++: fatal error: no input files
compilation terminated.
configure:4424: $? = 1
configure:4413: g++ -qversion >&5
g++: error: unrecognized command-line option '-qversion'; did you mean '--version'?
g++: fatal error: no input files
compilation terminated.
configure:4424: $? = 1
configure:4444: checking whether the C++ compiler works
configure:4466: g++    conftest.cpp  >&5
configure:4470: $? = 0
configure:4520: result: yes
configure:4523: checking for C++ compiler default output file name
configure:4525: result: a.out
configure:4531: checking for suffix of executables
configure:4538: g++ -o conftest    conftest.cpp  >&5
configure:4542: $? = 0
configure:4565: result: 
configure:4587: checking whether we are cross compiling
configure:4595: g++ -o conftest    conftest.cpp  >&5
configure:4599: $? = 0
configure:4606: ./conftest
configure:4610: $? = 0
configure:4625: result: no
configure:4630: checking for suffix of object files
configure:4653: g++ -c   conftest.cpp >&5
configure:4657: $? = 0
configure:4679: result: o
configure:4683: checking whether the compiler supports GNU C++
configure:4703: g++ -c   conftest.cpp >&5
configure:4703: $? = 0
configure:4713: result: yes
configure:4724: checking whether g++ accepts -g
configure:4745: g++ -c -g  conftest.cpp >&5
configure:4745: $? = 0
configure:4789: result: yes
configure:4809: checking for g++ option to enable C++11 features
configure:4824: g++  -c -g -O2  conftest.cpp >&5
conftest.cpp: In function 'int main(int, char**)':
conftest.cpp:175:25: warning: empty parentheses were disambiguated as a function declaration [-Wvexing-parse]
  175 |   cxx11test::delegate d2();
      |                         ^~
conftest.cpp:175:25: note: remove parentheses to default-initialize a variable
  175 |   cxx11test::delegate d2();
      |                         ^~
      |                         --
conftest.cpp:175:25: note: or replace parentheses with braces to value-initialize a variable
configure:4824: $? = 0
configure:4842: result: none needed
configure:4909: checking whether make supports the include directive
configure:4924: make -f confmf.GNU && cat confinc.out
make[1]: Entering directory '/home/dellacsep1/Desktop/oct'
make[1]: Leaving directory '/home/dellacsep1/Desktop/oct'
this is the am__doit target
configure:4927: $? = 0
configure:4946: result: yes (GNU style)
configure:4972: checking dependency style of g++
configure:5084: result: gcc3
configure:5122: checking whether g++ supports C++11 features with -std=c++11
configure:5419: g++ -std=c++11 -c -g -O2  conftest.cpp >&5
configure:5419: $? = 0
configure:5429: result: yes
configure:5473: checking whether std::atomic can be used without link library
configure:5491: g++ -std=c++11 -o conftest -g -O2   conftest.cpp  >&5
configure:5491: $? = 0
configure:5494: result: yes
configure:5670: checking for Objective C++ compiler version
configure:5679: g++ -std=c++11 --version >&5
g++ (Ubuntu 11.2.0-19ubuntu1) 11.2.0
Copyright (C) 2021 Free Software Foundation, Inc.
This is free software; see the source for copying conditions.  There is NO
warranty; not even for MERCHANTABILITY or FITNESS FOR A PARTICULAR PURPOSE.

configure:5690: $? = 0
configure:5679: g++ -std=c++11 -v >&5
Using built-in specs.
COLLECT_GCC=g++
COLLECT_LTO_WRAPPER=/usr/lib/gcc/x86_64-linux-gnu/11/lto-wrapper
OFFLOAD_TARGET_NAMES=nvptx-none:amdgcn-amdhsa
OFFLOAD_TARGET_DEFAULT=1
Target: x86_64-linux-gnu
Configured with: ../src/configure -v --with-pkgversion='Ubuntu 11.2.0-19ubuntu1' --with-bugurl=file:///usr/share/doc/gcc-11/README.Bugs --enable-languages=c,ada,c++,go,brig,d,fortran,objc,obj-c++,m2 --prefix=/usr --with-gcc-major-version-only --program-suffix=-11 --program-prefix=x86_64-linux-gnu- --enable-shared --enable-linker-build-id --libexecdir=/usr/lib --without-included-gettext --enable-threads=posix --libdir=/usr/lib --enable-nls --enable-bootstrap --enable-clocale=gnu --enable-libstdcxx-debug --enable-libstdcxx-time=yes --with-default-libstdcxx-abi=new --enable-gnu-unique-object --disable-vtable-verify --enable-plugin --enable-default-pie --with-system-zlib --enable-libphobos-checking=release --with-target-system-zlib=auto --enable-objc-gc=auto --enable-multiarch --disable-werror --enable-cet --with-arch-32=i686 --with-abi=m64 --with-multilib-list=m32,m64,mx32 --enable-multilib --with-tune=generic --enable-offload-targets=nvptx-none=/build/gcc-11-gBFGDP/gcc-11-11.2.0/debian/tmp-nvptx/usr,amdgcn-amdhsa=/build/gcc-11-gBFGDP/gcc-11-11.2.0/debian/tmp-gcn/usr --without-cuda-driver --enable-checking=release --build=x86_64-linux-gnu --host=x86_64-linux-gnu --target=x86_64-linux-gnu --with-build-config=bootstrap-lto-lean --enable-link-serialization=2
Thread model: posix
Supported LTO compression algorithms: zlib zstd
gcc version 11.2.0 (Ubuntu 11.2.0-19ubuntu1) 
... rest of stderr output deleted ...
configure:5690: $? = 0
configure:5679: g++ -std=c++11 -V >&5
g++: error: unrecognized command-line option '-V'
g++: fatal error: no input files
compilation terminated.
configure:5690: $? = 1
configure:5679: g++ -std=c++11 -qversion >&5
g++: error: unrecognized command-line option '-qversion'; did you mean '--version'?
g++: fatal error: no input files
compilation terminated.
configure:5690: $? = 1
configure:5694: checking whether the compiler supports GNU Objective C++
configure:5714: g++ -std=c++11 -c   conftest.mm >&5
g++: fatal error: cannot execute 'cc1objplus': execvp: No such file or directory
compilation terminated.
configure:5714: $? = 1
configure: failed program was:
| /* confdefs.h */
| #define PACKAGE_NAME "Cephalon Core"
| #define PACKAGE_TARNAME "cephalon"
| #define PACKAGE_VERSION "4.4.4"
| #define PACKAGE_STRING "Cephalon Core 4.4.4"
| #define PACKAGE_BUGREPORT "https://github.com/CephalonChain/Cephalon/issues"
| #define PACKAGE_URL "https://cephalon.net"
| #define HAVE_CXX11 1
| /* end confdefs.h.  */
| 
| int
| main (void)
| {
| #ifndef __GNUC__
|        choke me
| #endif
| 
|   ;
|   return 0;
| }
configure:5724: result: no
configure:5735: checking whether g++ -std=c++11 accepts -g
configure:5756: g++ -std=c++11 -c -g  conftest.mm >&5
g++: fatal error: cannot execute 'cc1objplus': execvp: No such file or directory
compilation terminated.
configure:5756: $? = 1
configure: failed program was:
| /* confdefs.h */
| #define PACKAGE_NAME "Cephalon Core"
| #define PACKAGE_TARNAME "cephalon"
| #define PACKAGE_VERSION "4.4.4"
| #define PACKAGE_STRING "Cephalon Core 4.4.4"
| #define PACKAGE_BUGREPORT "https://github.com/CephalonChain/Cephalon/issues"
| #define PACKAGE_URL "https://cephalon.net"
| #define HAVE_CXX11 1
| /* end confdefs.h.  */
| 
| int
| main (void)
| {
| 
|   ;
|   return 0;
| }
configure:5772: g++ -std=c++11 -c   conftest.mm >&5
g++: fatal error: cannot execute 'cc1objplus': execvp: No such file or directory
compilation terminated.
configure:5772: $? = 1
configure: failed program was:
| /* confdefs.h */
| #define PACKAGE_NAME "Cephalon Core"
| #define PACKAGE_TARNAME "cephalon"
| #define PACKAGE_VERSION "4.4.4"
| #define PACKAGE_STRING "Cephalon Core 4.4.4"
| #define PACKAGE_BUGREPORT "https://github.com/CephalonChain/Cephalon/issues"
| #define PACKAGE_URL "https://cephalon.net"
| #define HAVE_CXX11 1
| /* end confdefs.h.  */
| 
| int
| main (void)
| {
| 
|   ;
|   return 0;
| }
configure:5789: g++ -std=c++11 -c -g  conftest.mm >&5
g++: fatal error: cannot execute 'cc1objplus': execvp: No such file or directory
compilation terminated.
configure:5789: $? = 1
configure: failed program was:
| /* confdefs.h */
| #define PACKAGE_NAME "Cephalon Core"
| #define PACKAGE_TARNAME "cephalon"
| #define PACKAGE_VERSION "4.4.4"
| #define PACKAGE_STRING "Cephalon Core 4.4.4"
| #define PACKAGE_BUGREPORT "https://github.com/CephalonChain/Cephalon/issues"
| #define PACKAGE_URL "https://cephalon.net"
| #define HAVE_CXX11 1
| /* end confdefs.h.  */
| 
| int
| main (void)
| {
| 
|   ;
|   return 0;
| }
configure:5800: result: no
configure:5825: checking dependency style of g++ -std=c++11
configure:5935: result: gcc3
configure:5999: checking how to print strings
configure:6026: result: printf
configure:6109: checking for gcc
configure:6130: found /usr/bin/gcc
configure:6141: result: gcc
configure:6494: checking for C compiler version
configure:6503: gcc --version >&5
gcc (Ubuntu 11.2.0-19ubuntu1) 11.2.0
Copyright (C) 2021 Free Software Foundation, Inc.
This is free software; see the source for copying conditions.  There is NO
warranty; not even for MERCHANTABILITY or FITNESS FOR A PARTICULAR PURPOSE.

configure:6514: $? = 0
configure:6503: gcc -v >&5
Using built-in specs.
COLLECT_GCC=gcc
COLLECT_LTO_WRAPPER=/usr/lib/gcc/x86_64-linux-gnu/11/lto-wrapper
OFFLOAD_TARGET_NAMES=nvptx-none:amdgcn-amdhsa
OFFLOAD_TARGET_DEFAULT=1
Target: x86_64-linux-gnu
Configured with: ../src/configure -v --with-pkgversion='Ubuntu 11.2.0-19ubuntu1' --with-bugurl=file:///usr/share/doc/gcc-11/README.Bugs --enable-languages=c,ada,c++,go,brig,d,fortran,objc,obj-c++,m2 --prefix=/usr --with-gcc-major-version-only --program-suffix=-11 --program-prefix=x86_64-linux-gnu- --enable-shared --enable-linker-build-id --libexecdir=/usr/lib --without-included-gettext --enable-threads=posix --libdir=/usr/lib --enable-nls --enable-bootstrap --enable-clocale=gnu --enable-libstdcxx-debug --enable-libstdcxx-time=yes --with-default-libstdcxx-abi=new --enable-gnu-unique-object --disable-vtable-verify --enable-plugin --enable-default-pie --with-system-zlib --enable-libphobos-checking=release --with-target-system-zlib=auto --enable-objc-gc=auto --enable-multiarch --disable-werror --enable-cet --with-arch-32=i686 --with-abi=m64 --with-multilib-list=m32,m64,mx32 --enable-multilib --with-tune=generic --enable-offload-targets=nvptx-none=/build/gcc-11-gBFGDP/gcc-11-11.2.0/debian/tmp-nvptx/usr,amdgcn-amdhsa=/build/gcc-11-gBFGDP/gcc-11-11.2.0/debian/tmp-gcn/usr --without-cuda-driver --enable-checking=release --build=x86_64-linux-gnu --host=x86_64-linux-gnu --target=x86_64-linux-gnu --with-build-config=bootstrap-lto-lean --enable-link-serialization=2
Thread model: posix
Supported LTO compression algorithms: zlib zstd
gcc version 11.2.0 (Ubuntu 11.2.0-19ubuntu1) 
... rest of stderr output deleted ...
configure:6514: $? = 0
configure:6503: gcc -V >&5
gcc: error: unrecognized command-line option '-V'
gcc: fatal error: no input files
compilation terminated.
configure:6514: $? = 1
configure:6503: gcc -qversion >&5
gcc: error: unrecognized command-line option '-qversion'; did you mean '--version'?
gcc: fatal error: no input files
compilation terminated.
configure:6514: $? = 1
configure:6503: gcc -version >&5
gcc: error: unrecognized command-line option '-version'
gcc: fatal error: no input files
compilation terminated.
configure:6514: $? = 1
configure:6518: checking whether the compiler supports GNU C
configure:6538: gcc -c   conftest.c >&5
configure:6538: $? = 0
configure:6548: result: yes
configure:6559: checking whether gcc accepts -g
configure:6580: gcc -c -g  conftest.c >&5
configure:6580: $? = 0
configure:6624: result: yes
configure:6644: checking for gcc option to enable C11 features
configure:6659: gcc  -c -g -O2  conftest.c >&5
configure:6659: $? = 0
configure:6677: result: none needed
configure:6793: checking whether gcc understands -c and -o together
configure:6816: gcc -c conftest.c -o conftest2.o
configure:6819: $? = 0
configure:6816: gcc -c conftest.c -o conftest2.o
configure:6819: $? = 0
configure:6831: result: yes
configure:6850: checking dependency style of gcc
configure:6962: result: gcc3
configure:6977: checking for a sed that does not truncate output
configure:7047: result: /usr/bin/sed
configure:7065: checking for grep that handles long lines and -e
configure:7129: result: /usr/bin/grep
configure:7134: checking for egrep
configure:7202: result: /usr/bin/grep -E
configure:7207: checking for fgrep
configure:7275: result: /usr/bin/grep -F
configure:7311: checking for ld used by gcc
configure:7379: result: /usr/bin/ld
configure:7386: checking if the linker (/usr/bin/ld) is GNU ld
configure:7402: result: yes
configure:7414: checking for BSD- or MS-compatible name lister (nm)
configure:7469: result: /usr/bin/nm -B
configure:7609: checking the name lister (/usr/bin/nm -B) interface
configure:7617: gcc -c -g -O2  conftest.c >&5
configure:7620: /usr/bin/nm -B "conftest.o"
configure:7623: output
0000000000000000 B some_variable
configure:7630: result: BSD nm
configure:7633: checking whether ln -s works
configure:7637: result: yes
configure:7645: checking the maximum length of command line arguments
configure:7777: result: 1572864
configure:7825: checking how to convert x86_64-pc-linux-gnu file names to x86_64-pc-linux-gnu format
configure:7866: result: func_convert_file_noop
configure:7873: checking how to convert x86_64-pc-linux-gnu file names to toolchain format
configure:7894: result: func_convert_file_noop
configure:7901: checking for /usr/bin/ld option to reload object files
configure:7909: result: -r
configure:7988: checking for objdump
configure:8009: found /usr/bin/objdump
configure:8020: result: objdump
configure:8052: checking how to recognize dependent libraries
configure:8253: result: pass_all
configure:8343: checking for dlltool
configure:8378: result: no
configure:8408: checking how to associate runtime and link libraries
configure:8436: result: printf %s\n
configure:8502: checking for ar
configure:8523: found /usr/bin/ar
configure:8534: result: ar
configure:8571: checking for archiver @FILE support
configure:8589: gcc -c -g -O2  conftest.c >&5
configure:8589: $? = 0
configure:8593: ar cr libconftest.a @conftest.lst >&5
configure:8596: $? = 0
configure:8601: ar cr libconftest.a @conftest.lst >&5
ar: conftest.o: No such file or directory
configure:8604: $? = 1
configure:8616: result: @
configure:8679: checking for strip
configure:8700: found /usr/bin/strip
configure:8711: result: strip
configure:8788: checking for ranlib
configure:8809: found /usr/bin/ranlib
configure:8820: result: ranlib
configure:8922: checking command to parse /usr/bin/nm -B output from gcc object
configure:9076: gcc -c -g -O2  conftest.c >&5
configure:9079: $? = 0
configure:9083: /usr/bin/nm -B conftest.o | sed -n -e 's/^.*[	 ]\([ABCDGIRSTW][ABCDGIRSTW]*\)[	 ][	 ]*\([_A-Za-z][_A-Za-z0-9]*\)$/\1 \2 \2/p' | sed '/ __gnu_lto/d' > conftest.nm
configure:9149: gcc -o conftest -g -O2   conftest.c conftstm.o >&5
configure:9152: $? = 0
configure:9190: result: ok
configure:9237: checking for sysroot
configure:9268: result: no
configure:9275: checking for a working dd
configure:9319: result: /usr/bin/dd
configure:9323: checking how to truncate binary pipes
configure:9339: result: /usr/bin/dd bs=4096 count=1
configure:9476: gcc -c -g -O2  conftest.c >&5
configure:9479: $? = 0
configure:9676: checking for mt
configure:9697: found /usr/bin/mt
configure:9708: result: mt
configure:9731: checking if mt is a manifest tool
configure:9738: mt '-?'
configure:9746: result: no
configure:10476: checking for stdio.h
configure:10476: gcc -c -g -O2  conftest.c >&5
configure:10476: $? = 0
configure:10476: result: yes
configure:10476: checking for stdlib.h
configure:10476: gcc -c -g -O2  conftest.c >&5
configure:10476: $? = 0
configure:10476: result: yes
configure:10476: checking for string.h
configure:10476: gcc -c -g -O2  conftest.c >&5
configure:10476: $? = 0
configure:10476: result: yes
configure:10476: checking for inttypes.h
configure:10476: gcc -c -g -O2  conftest.c >&5
configure:10476: $? = 0
configure:10476: result: yes
configure:10476: checking for stdint.h
configure:10476: gcc -c -g -O2  conftest.c >&5
configure:10476: $? = 0
configure:10476: result: yes
configure:10476: checking for strings.h
configure:10476: gcc -c -g -O2  conftest.c >&5
configure:10476: $? = 0
configure:10476: result: yes
configure:10476: checking for sys/stat.h
configure:10476: gcc -c -g -O2  conftest.c >&5
configure:10476: $? = 0
configure:10476: result: yes
configure:10476: checking for sys/types.h
configure:10476: gcc -c -g -O2  conftest.c >&5
configure:10476: $? = 0
configure:10476: result: yes
configure:10476: checking for unistd.h
configure:10476: gcc -c -g -O2  conftest.c >&5
configure:10476: $? = 0
configure:10476: result: yes
configure:10501: checking for dlfcn.h
configure:10501: gcc -c -g -O2  conftest.c >&5
configure:10501: $? = 0
configure:10501: result: yes
configure:10769: checking for objdir
configure:10785: result: .libs
configure:11049: checking if gcc supports -fno-rtti -fno-exceptions
configure:11068: gcc -c -g -O2  -fno-rtti -fno-exceptions conftest.c >&5
cc1: warning: command-line option '-fno-rtti' is valid for C++/D/ObjC++ but not for C
configure:11072: $? = 0
configure:11085: result: no
configure:11449: checking for gcc option to produce PIC
configure:11457: result: -fPIC -DPIC
configure:11465: checking if gcc PIC flag -fPIC -DPIC works
configure:11484: gcc -c -g -O2  -fPIC -DPIC -DPIC conftest.c >&5
configure:11488: $? = 0
configure:11501: result: yes
configure:11530: checking if gcc static flag -static works
configure:11559: result: yes
configure:11574: checking if gcc supports -c -o file.o
configure:11596: gcc -c -g -O2  -o out/conftest2.o conftest.c >&5
configure:11600: $? = 0
configure:11622: result: yes
configure:11630: checking if gcc supports -c -o file.o
configure:11678: result: yes
configure:11711: checking whether the gcc linker (/usr/bin/ld -m elf_x86_64) supports shared libraries
configure:12981: result: yes
configure:13222: checking dynamic linker characteristics
configure:13804: gcc -o conftest -g -O2   -Wl,-rpath -Wl,/foo conftest.c  >&5
configure:13804: $? = 0
configure:14055: result: GNU/Linux ld.so
configure:14177: checking how to hardcode library paths into programs
configure:14202: result: immediate
configure:14754: checking whether stripping libraries is possible
configure:14759: result: yes
configure:14794: checking if libtool supports shared libraries
configure:14796: result: yes
configure:14799: checking whether to build shared libraries
configure:14824: result: no
configure:14827: checking whether to build static libraries
configure:14831: result: yes
configure:14854: checking how to run the C++ preprocessor
configure:14876: g++ -std=c++11 -E  conftest.cpp
configure:14876: $? = 0
configure:14891: g++ -std=c++11 -E  conftest.cpp
conftest.cpp:22:10: fatal error: ac_nonexistent.h: No such file or directory
   22 | #include <ac_nonexistent.h>
      |          ^~~~~~~~~~~~~~~~~~
compilation terminated.
configure:14891: $? = 1
configure: failed program was:
| /* confdefs.h */
| #define PACKAGE_NAME "Cephalon Core"
| #define PACKAGE_TARNAME "cephalon"
| #define PACKAGE_VERSION "4.4.4"
| #define PACKAGE_STRING "Cephalon Core 4.4.4"
| #define PACKAGE_BUGREPORT "https://github.com/CephalonChain/Cephalon/issues"
| #define PACKAGE_URL "https://cephalon.net"
| #define HAVE_CXX11 1
| #define HAVE_STDIO_H 1
| #define HAVE_STDLIB_H 1
| #define HAVE_STRING_H 1
| #define HAVE_INTTYPES_H 1
| #define HAVE_STDINT_H 1
| #define HAVE_STRINGS_H 1
| #define HAVE_SYS_STAT_H 1
| #define HAVE_SYS_TYPES_H 1
| #define HAVE_UNISTD_H 1
| #define STDC_HEADERS 1
| #define HAVE_DLFCN_H 1
| #define LT_OBJDIR ".libs/"
| /* end confdefs.h.  */
| #include <ac_nonexistent.h>
configure:14918: result: g++ -std=c++11 -E
configure:14932: g++ -std=c++11 -E  conftest.cpp
configure:14932: $? = 0
configure:14947: g++ -std=c++11 -E  conftest.cpp
conftest.cpp:22:10: fatal error: ac_nonexistent.h: No such file or directory
   22 | #include <ac_nonexistent.h>
      |          ^~~~~~~~~~~~~~~~~~
compilation terminated.
configure:14947: $? = 1
configure: failed program was:
| /* confdefs.h */
| #define PACKAGE_NAME "Cephalon Core"
| #define PACKAGE_TARNAME "cephalon"
| #define PACKAGE_VERSION "4.4.4"
| #define PACKAGE_STRING "Cephalon Core 4.4.4"
| #define PACKAGE_BUGREPORT "https://github.com/CephalonChain/Cephalon/issues"
| #define PACKAGE_URL "https://cephalon.net"
| #define HAVE_CXX11 1
| #define HAVE_STDIO_H 1
| #define HAVE_STDLIB_H 1
| #define HAVE_STRING_H 1
| #define HAVE_INTTYPES_H 1
| #define HAVE_STDINT_H 1
| #define HAVE_STRINGS_H 1
| #define HAVE_SYS_STAT_H 1
| #define HAVE_SYS_TYPES_H 1
| #define HAVE_UNISTD_H 1
| #define STDC_HEADERS 1
| #define HAVE_DLFCN_H 1
| #define LT_OBJDIR ".libs/"
| /* end confdefs.h.  */
| #include <ac_nonexistent.h>
configure:15112: checking for ld used by g++ -std=c++11
configure:15180: result: /usr/bin/ld -m elf_x86_64
configure:15187: checking if the linker (/usr/bin/ld -m elf_x86_64) is GNU ld
configure:15203: result: yes
configure:15258: checking whether the g++ -std=c++11 linker (/usr/bin/ld -m elf_x86_64) supports shared libraries
configure:16335: result: yes
configure:16371: g++ -std=c++11 -c -g -O2  conftest.cpp >&5
configure:16374: $? = 0
configure:16855: checking for g++ -std=c++11 option to produce PIC
configure:16863: result: -fPIC -DPIC
configure:16871: checking if g++ -std=c++11 PIC flag -fPIC -DPIC works
configure:16890: g++ -std=c++11 -c -g -O2  -fPIC -DPIC -DPIC conftest.cpp >&5
configure:16894: $? = 0
configure:16907: result: yes
configure:16930: checking if g++ -std=c++11 static flag -static works
configure:16959: result: yes
configure:16971: checking if g++ -std=c++11 supports -c -o file.o
configure:16993: g++ -std=c++11 -c -g -O2  -o out/conftest2.o conftest.cpp >&5
configure:16997: $? = 0
configure:17019: result: yes
configure:17024: checking if g++ -std=c++11 supports -c -o file.o
configure:17072: result: yes
configure:17102: checking whether the g++ -std=c++11 linker (/usr/bin/ld -m elf_x86_64) supports shared libraries
configure:17145: result: yes
configure:17287: checking dynamic linker characteristics
configure:18047: result: GNU/Linux ld.so
configure:18112: checking how to hardcode library paths into programs
configure:18137: result: immediate
configure:18250: checking for ar
configure:18273: found /usr/bin/ar
configure:18285: result: /usr/bin/ar
configure:18358: checking for ranlib
configure:18381: found /usr/bin/ranlib
configure:18393: result: /usr/bin/ranlib
configure:18466: checking for strip
configure:18489: found /usr/bin/strip
configure:18501: result: /usr/bin/strip
configure:18574: checking for gcov
configure:18597: found /usr/bin/gcov
configure:18609: result: /usr/bin/gcov
configure:18633: checking for lcov
configure:18671: result: no
configure:18680: checking for python3.6
configure:18718: result: no
configure:18680: checking for python3.5
configure:18718: result: no
configure:18680: checking for python3.4
configure:18718: result: no
configure:18680: checking for python3
configure:18703: found /usr/bin/python3
configure:18715: result: /usr/bin/python3
configure:18728: checking for genhtml
configure:18766: result: no
configure:18773: checking for git
configure:18796: found /usr/bin/git
configure:18808: result: /usr/bin/git
configure:18818: checking for ccache
configure:18856: result: no
configure:18863: checking for xgettext
configure:18901: result: no
configure:18908: checking for hexdump
configure:18931: found /usr/bin/hexdump
configure:18943: result: /usr/bin/hexdump
configure:19002: checking for readelf
configure:19025: found /usr/bin/readelf
configure:19037: result: /usr/bin/readelf
configure:19110: checking for c++filt
configure:19133: found /usr/bin/c++filt
configure:19145: result: /usr/bin/c++filt
configure:19218: checking for objcopy
configure:19241: found /usr/bin/objcopy
configure:19253: result: /usr/bin/objcopy
configure:19278: checking for doxygen
configure:19316: result: no
configure:19322: WARNING: Doxygen not found
configure:19550: checking whether C++ compiler accepts -Werror
configure:19570: g++ -std=c++11 -c -g -O2  -Werror  conftest.cpp >&5
configure:19570: $? = 0
configure:19579: result: yes
configure:19649: checking whether C++ compiler accepts -Wall
configure:19669: g++ -std=c++11 -c -g -O2 -Werror -Wall  conftest.cpp >&5
configure:19669: $? = 0
configure:19679: result: yes
configure:19689: checking whether C++ compiler accepts -Wextra
configure:19709: g++ -std=c++11 -c -g -O2 -Wall -Werror -Wextra  conftest.cpp >&5
configure:19709: $? = 0
configure:19719: result: yes
configure:19729: checking whether C++ compiler accepts -Wformat
configure:19749: g++ -std=c++11 -c -g -O2 -Wall -Wextra -Werror -Wformat  conftest.cpp >&5
configure:19749: $? = 0
configure:19759: result: yes
configure:19769: checking whether C++ compiler accepts -Wvla
configure:19789: g++ -std=c++11 -c -g -O2 -Wall -Wextra -Wformat -Werror -Wvla  conftest.cpp >&5
configure:19789: $? = 0
configure:19799: result: yes
configure:19809: checking whether C++ compiler accepts -Wformat-security
configure:19829: g++ -std=c++11 -c -g -O2 -Wall -Wextra -Wformat -Wvla -Werror -Wformat-security  conftest.cpp >&5
configure:19829: $? = 0
configure:19839: result: yes
configure:19853: checking whether C++ compiler accepts -Wunused-parameter
configure:19873: g++ -std=c++11 -c -g -O2 -Wall -Wextra -Wformat -Wvla -Wformat-security -Werror -Wunused-parameter  conftest.cpp >&5
configure:19873: $? = 0
configure:19883: result: yes
configure:19893: checking whether C++ compiler accepts -Wself-assign
configure:19913: g++ -std=c++11 -c -g -O2 -Wall -Wextra -Wformat -Wvla -Wformat-security -Wno-unused-parameter -Werror -Wself-assign  conftest.cpp >&5
g++: error: unrecognized command-line option '-Wself-assign'
configure:19913: $? = 1
configure: failed program was:
| /* confdefs.h */
| #define PACKAGE_NAME "Cephalon Core"
| #define PACKAGE_TARNAME "cephalon"
| #define PACKAGE_VERSION "4.4.4"
| #define PACKAGE_STRING "Cephalon Core 4.4.4"
| #define PACKAGE_BUGREPORT "https://github.com/CephalonChain/Cephalon/issues"
| #define PACKAGE_URL "https://cephalon.net"
| #define HAVE_CXX11 1
| #define HAVE_STDIO_H 1
| #define HAVE_STDLIB_H 1
| #define HAVE_STRING_H 1
| #define HAVE_INTTYPES_H 1
| #define HAVE_STDINT_H 1
| #define HAVE_STRINGS_H 1
| #define HAVE_SYS_STAT_H 1
| #define HAVE_SYS_TYPES_H 1
| #define HAVE_UNISTD_H 1
| #define STDC_HEADERS 1
| #define HAVE_DLFCN_H 1
| #define LT_OBJDIR ".libs/"
| #define USE_ASM 1
| /* end confdefs.h.  */
| 
| int
| main (void)
| {
| 
|   ;
|   return 0;
| }
configure:19923: result: no
configure:19933: checking whether C++ compiler accepts -Wunused-local-typedef
configure:19953: g++ -std=c++11 -c -g -O2 -Wall -Wextra -Wformat -Wvla -Wformat-security -Wno-unused-parameter -Werror -Wunused-local-typedef  conftest.cpp >&5
g++: error: unrecognized command-line option '-Wunused-local-typedef'; did you mean '-Wunused-local-typedefs'?
configure:19953: $? = 1
configure: failed program was:
| /* confdefs.h */
| #define PACKAGE_NAME "Cephalon Core"
| #define PACKAGE_TARNAME "cephalon"
| #define PACKAGE_VERSION "4.4.4"
| #define PACKAGE_STRING "Cephalon Core 4.4.4"
| #define PACKAGE_BUGREPORT "https://github.com/CephalonChain/Cephalon/issues"
| #define PACKAGE_URL "https://cephalon.net"
| #define HAVE_CXX11 1
| #define HAVE_STDIO_H 1
| #define HAVE_STDLIB_H 1
| #define HAVE_STRING_H 1
| #define HAVE_INTTYPES_H 1
| #define HAVE_STDINT_H 1
| #define HAVE_STRINGS_H 1
| #define HAVE_SYS_STAT_H 1
| #define HAVE_SYS_TYPES_H 1
| #define HAVE_UNISTD_H 1
| #define STDC_HEADERS 1
| #define HAVE_DLFCN_H 1
| #define LT_OBJDIR ".libs/"
| #define USE_ASM 1
| /* end confdefs.h.  */
| 
| int
| main (void)
| {
| 
|   ;
|   return 0;
| }
configure:19963: result: no
configure:19973: checking whether C++ compiler accepts -Wdeprecated-register
configure:19993: g++ -std=c++11 -c -g -O2 -Wall -Wextra -Wformat -Wvla -Wformat-security -Wno-unused-parameter -Werror -Wdeprecated-register  conftest.cpp >&5
g++: error: unrecognized command-line option '-Wdeprecated-register'; did you mean '-Wdeprecated-copy-dtor'?
configure:19993: $? = 1
configure: failed program was:
| /* confdefs.h */
| #define PACKAGE_NAME "Cephalon Core"
| #define PACKAGE_TARNAME "cephalon"
| #define PACKAGE_VERSION "4.4.4"
| #define PACKAGE_STRING "Cephalon Core 4.4.4"
| #define PACKAGE_BUGREPORT "https://github.com/CephalonChain/Cephalon/issues"
| #define PACKAGE_URL "https://cephalon.net"
| #define HAVE_CXX11 1
| #define HAVE_STDIO_H 1
| #define HAVE_STDLIB_H 1
| #define HAVE_STRING_H 1
| #define HAVE_INTTYPES_H 1
| #define HAVE_STDINT_H 1
| #define HAVE_STRINGS_H 1
| #define HAVE_SYS_STAT_H 1
| #define HAVE_SYS_TYPES_H 1
| #define HAVE_UNISTD_H 1
| #define STDC_HEADERS 1
| #define HAVE_DLFCN_H 1
| #define LT_OBJDIR ".libs/"
| #define USE_ASM 1
| /* end confdefs.h.  */
| 
| int
| main (void)
| {
| 
|   ;
|   return 0;
| }
configure:20003: result: no
configure:20013: checking whether C++ compiler accepts -Wimplicit-fallthrough
configure:20033: g++ -std=c++11 -c -g -O2 -Wall -Wextra -Wformat -Wvla -Wformat-security -Wno-unused-parameter -Werror -Wimplicit-fallthrough  conftest.cpp >&5
configure:20033: $? = 0
configure:20043: result: yes
configure:20053: checking whether C++ compiler accepts -Wuser-defined-warnings
configure:20073: g++ -std=c++11 -c -g -O2 -Wall -Wextra -Wformat -Wvla -Wformat-security -Wno-unused-parameter -Wno-implicit-fallthrough -Werror -Wuser-defined-warnings  conftest.cpp >&5
g++: error: unrecognized command-line option '-Wuser-defined-warnings'
configure:20073: $? = 1
configure: failed program was:
| /* confdefs.h */
| #define PACKAGE_NAME "Cephalon Core"
| #define PACKAGE_TARNAME "cephalon"
| #define PACKAGE_VERSION "4.4.4"
| #define PACKAGE_STRING "Cephalon Core 4.4.4"
| #define PACKAGE_BUGREPORT "https://github.com/CephalonChain/Cephalon/issues"
| #define PACKAGE_URL "https://cephalon.net"
| #define HAVE_CXX11 1
| #define HAVE_STDIO_H 1
| #define HAVE_STDLIB_H 1
| #define HAVE_STRING_H 1
| #define HAVE_INTTYPES_H 1
| #define HAVE_STDINT_H 1
| #define HAVE_STRINGS_H 1
| #define HAVE_SYS_STAT_H 1
| #define HAVE_SYS_TYPES_H 1
| #define HAVE_UNISTD_H 1
| #define STDC_HEADERS 1
| #define HAVE_DLFCN_H 1
| #define LT_OBJDIR ".libs/"
| #define USE_ASM 1
| /* end confdefs.h.  */
| 
| int
| main (void)
| {
| 
|   ;
|   return 0;
| }
configure:20083: result: no
configure:20098: checking whether C++ compiler accepts -msse4.2
configure:20118: g++ -std=c++11 -c -g -O2 -Wall -Wextra -Wformat -Wvla -Wformat-security -Wno-unused-parameter -Wno-implicit-fallthrough -Werror -msse4.2  conftest.cpp >&5
configure:20118: $? = 0
configure:20128: result: yes
configure:20140: checking for assembler crc32 support
configure:20166: g++ -std=c++11 -c -g -O2 -Wall -Wextra -Wformat -Wvla -Wformat-security -Wno-unused-parameter -Wno-implicit-fallthrough -msse4.2  conftest.cpp >&5
configure:20166: $? = 0
configure:20168: result: yes
configure:22009: checking for pkg-config
configure:22032: found /usr/bin/pkg-config
configure:22044: result: /usr/bin/pkg-config
configure:22069: checking pkg-config is at least version 0.9.0
configure:22072: result: yes
configure:22193: checking whether byte ordering is bigendian
configure:22209: g++ -std=c++11 -c -g -O2 -Wall -Wextra -Wformat -Wvla -Wformat-security -Wno-unused-parameter -Wno-implicit-fallthrough -fPIC  -DHAVE_BUILD_INFO -D__STDC_FORMAT_MACROS -fPIC conftest.cpp >&5
conftest.cpp:24:16: error: expected unqualified-id before 'not' token
   24 |                not a universal capable compiler
      |                ^~~
configure:22209: $? = 1
configure: failed program was:
| /* confdefs.h */
| #define PACKAGE_NAME "Cephalon Core"
| #define PACKAGE_TARNAME "cephalon"
| #define PACKAGE_VERSION "4.4.4"
| #define PACKAGE_STRING "Cephalon Core 4.4.4"
| #define PACKAGE_BUGREPORT "https://github.com/CephalonChain/Cephalon/issues"
| #define PACKAGE_URL "https://cephalon.net"
| #define HAVE_CXX11 1
| #define HAVE_STDIO_H 1
| #define HAVE_STDLIB_H 1
| #define HAVE_STRING_H 1
| #define HAVE_INTTYPES_H 1
| #define HAVE_STDINT_H 1
| #define HAVE_STRINGS_H 1
| #define HAVE_SYS_STAT_H 1
| #define HAVE_SYS_TYPES_H 1
| #define HAVE_UNISTD_H 1
| #define STDC_HEADERS 1
| #define HAVE_DLFCN_H 1
| #define LT_OBJDIR ".libs/"
| #define USE_ASM 1
| /* end confdefs.h.  */
| #ifndef __APPLE_CC__
| 	       not a universal capable compiler
| 	     #endif
| 	     typedef int dummy;
| 
configure:22255: g++ -std=c++11 -c -g -O2 -Wall -Wextra -Wformat -Wvla -Wformat-security -Wno-unused-parameter -Wno-implicit-fallthrough -fPIC  -DHAVE_BUILD_INFO -D__STDC_FORMAT_MACROS -fPIC conftest.cpp >&5
configure:22255: $? = 0
configure:22274: g++ -std=c++11 -c -g -O2 -Wall -Wextra -Wformat -Wvla -Wformat-security -Wno-unused-parameter -Wno-implicit-fallthrough -fPIC  -DHAVE_BUILD_INFO -D__STDC_FORMAT_MACROS -fPIC conftest.cpp >&5
conftest.cpp: In function 'int main()':
conftest.cpp:30:22: error: 'big' was not declared in this scope
   30 |                  not big endian
      |                      ^~~
configure:22274: $? = 1
configure: failed program was:
| /* confdefs.h */
| #define PACKAGE_NAME "Cephalon Core"
| #define PACKAGE_TARNAME "cephalon"
| #define PACKAGE_VERSION "4.4.4"
| #define PACKAGE_STRING "Cephalon Core 4.4.4"
| #define PACKAGE_BUGREPORT "https://github.com/CephalonChain/Cephalon/issues"
| #define PACKAGE_URL "https://cephalon.net"
| #define HAVE_CXX11 1
| #define HAVE_STDIO_H 1
| #define HAVE_STDLIB_H 1
| #define HAVE_STRING_H 1
| #define HAVE_INTTYPES_H 1
| #define HAVE_STDINT_H 1
| #define HAVE_STRINGS_H 1
| #define HAVE_SYS_STAT_H 1
| #define HAVE_SYS_TYPES_H 1
| #define HAVE_UNISTD_H 1
| #define STDC_HEADERS 1
| #define HAVE_DLFCN_H 1
| #define LT_OBJDIR ".libs/"
| #define USE_ASM 1
| /* end confdefs.h.  */
| #include <sys/types.h>
| 		#include <sys/param.h>
| 
| int
| main (void)
| {
| #if BYTE_ORDER != BIG_ENDIAN
| 		 not big endian
| 		#endif
| 
|   ;
|   return 0;
| }
configure:22408: result: no
configure:22432: checking how to run the C preprocessor
configure:22458: gcc -E  -DHAVE_BUILD_INFO -D__STDC_FORMAT_MACROS -fPIC conftest.c
configure:22458: $? = 0
configure:22473: gcc -E  -DHAVE_BUILD_INFO -D__STDC_FORMAT_MACROS -fPIC conftest.c
conftest.c:23:10: fatal error: ac_nonexistent.h: No such file or directory
   23 | #include <ac_nonexistent.h>
      |          ^~~~~~~~~~~~~~~~~~
compilation terminated.
configure:22473: $? = 1
configure: failed program was:
| /* confdefs.h */
| #define PACKAGE_NAME "Cephalon Core"
| #define PACKAGE_TARNAME "cephalon"
| #define PACKAGE_VERSION "4.4.4"
| #define PACKAGE_STRING "Cephalon Core 4.4.4"
| #define PACKAGE_BUGREPORT "https://github.com/CephalonChain/Cephalon/issues"
| #define PACKAGE_URL "https://cephalon.net"
| #define HAVE_CXX11 1
| #define HAVE_STDIO_H 1
| #define HAVE_STDLIB_H 1
| #define HAVE_STRING_H 1
| #define HAVE_INTTYPES_H 1
| #define HAVE_STDINT_H 1
| #define HAVE_STRINGS_H 1
| #define HAVE_SYS_STAT_H 1
| #define HAVE_SYS_TYPES_H 1
| #define HAVE_UNISTD_H 1
| #define STDC_HEADERS 1
| #define HAVE_DLFCN_H 1
| #define LT_OBJDIR ".libs/"
| #define USE_ASM 1
| /* end confdefs.h.  */
| #include <ac_nonexistent.h>
configure:22500: result: gcc -E
configure:22514: gcc -E  -DHAVE_BUILD_INFO -D__STDC_FORMAT_MACROS -fPIC conftest.c
configure:22514: $? = 0
configure:22529: gcc -E  -DHAVE_BUILD_INFO -D__STDC_FORMAT_MACROS -fPIC conftest.c
conftest.c:23:10: fatal error: ac_nonexistent.h: No such file or directory
   23 | #include <ac_nonexistent.h>
      |          ^~~~~~~~~~~~~~~~~~
compilation terminated.
configure:22529: $? = 1
configure: failed program was:
| /* confdefs.h */
| #define PACKAGE_NAME "Cephalon Core"
| #define PACKAGE_TARNAME "cephalon"
| #define PACKAGE_VERSION "4.4.4"
| #define PACKAGE_STRING "Cephalon Core 4.4.4"
| #define PACKAGE_BUGREPORT "https://github.com/CephalonChain/Cephalon/issues"
| #define PACKAGE_URL "https://cephalon.net"
| #define HAVE_CXX11 1
| #define HAVE_STDIO_H 1
| #define HAVE_STDLIB_H 1
| #define HAVE_STRING_H 1
| #define HAVE_INTTYPES_H 1
| #define HAVE_STDINT_H 1
| #define HAVE_STRINGS_H 1
| #define HAVE_SYS_STAT_H 1
| #define HAVE_SYS_TYPES_H 1
| #define HAVE_UNISTD_H 1
| #define STDC_HEADERS 1
| #define HAVE_DLFCN_H 1
| #define LT_OBJDIR ".libs/"
| #define USE_ASM 1
| /* end confdefs.h.  */
| #include <ac_nonexistent.h>
configure:22745: checking whether gcc is Clang
configure:22772: result: no
configure:22900: checking whether pthreads work with -pthread
configure:23000: gcc -o conftest -g -O2 -pthread  -DHAVE_BUILD_INFO -D__STDC_FORMAT_MACROS -fPIC  conftest.c   >&5
configure:23000: $? = 0
configure:23010: result: yes
configure:23030: checking for joinable pthread attribute
configure:23049: gcc -o conftest -g -O2 -pthread  -DHAVE_BUILD_INFO -D__STDC_FORMAT_MACROS -fPIC  conftest.c   >&5
configure:23049: $? = 0
configure:23058: result: PTHREAD_CREATE_JOINABLE
configure:23071: checking whether more special flags are required for pthreads
configure:23085: result: no
configure:23094: checking for PTHREAD_PRIO_INHERIT
configure:23111: gcc -o conftest -g -O2 -pthread  -DHAVE_BUILD_INFO -D__STDC_FORMAT_MACROS -fPIC  conftest.c   >&5
configure:23111: $? = 0
configure:23121: result: yes
configure:23242: checking for special C compiler options needed for large files
configure:23290: result: no
configure:23296: checking for _FILE_OFFSET_BITS value needed for large files
configure:23322: g++ -std=c++11 -c -g -O2 -Wall -Wextra -Wformat -Wvla -Wformat-security -Wno-unused-parameter -Wno-implicit-fallthrough -fPIC  -DHAVE_BUILD_INFO -D__STDC_FORMAT_MACROS -fPIC conftest.cpp >&5
configure:23322: $? = 0
configure:23356: result: no
configure:23439: checking for g++ -std=c++11 options needed to detect all undeclared functions
configure:23461: g++ -std=c++11 -c -g -O2 -Wall -Wextra -Wformat -Wvla -Wformat-security -Wno-unused-parameter -Wno-implicit-fallthrough -fPIC  -DHAVE_BUILD_INFO -D__STDC_FORMAT_MACROS -fPIC conftest.cpp >&5
conftest.cpp: In function 'int main()':
conftest.cpp:29:8: error: 'strchr' was not declared in this scope
   29 | (void) strchr;
      |        ^~~~~~
conftest.cpp:1:1: note: 'strchr' is defined in header '<cstring>'; did you forget to '#include <cstring>'?
    1 | /* confdefs.h */
configure:23461: $? = 1
configure: failed program was:
| /* confdefs.h */
| #define PACKAGE_NAME "Cephalon Core"
| #define PACKAGE_TARNAME "cephalon"
| #define PACKAGE_VERSION "4.4.4"
| #define PACKAGE_STRING "Cephalon Core 4.4.4"
| #define PACKAGE_BUGREPORT "https://github.com/CephalonChain/Cephalon/issues"
| #define PACKAGE_URL "https://cephalon.net"
| #define HAVE_CXX11 1
| #define HAVE_STDIO_H 1
| #define HAVE_STDLIB_H 1
| #define HAVE_STRING_H 1
| #define HAVE_INTTYPES_H 1
| #define HAVE_STDINT_H 1
| #define HAVE_STRINGS_H 1
| #define HAVE_SYS_STAT_H 1
| #define HAVE_SYS_TYPES_H 1
| #define HAVE_UNISTD_H 1
| #define STDC_HEADERS 1
| #define HAVE_DLFCN_H 1
| #define LT_OBJDIR ".libs/"
| #define USE_ASM 1
| #define HAVE_PTHREAD_PRIO_INHERIT 1
| #define HAVE_PTHREAD 1
| /* end confdefs.h.  */
| 
| int
| main (void)
| {
| (void) strchr;
|   ;
|   return 0;
| }
configure:23488: g++ -std=c++11 -c -g -O2 -Wall -Wextra -Wformat -Wvla -Wformat-security -Wno-unused-parameter -Wno-implicit-fallthrough -fPIC  -DHAVE_BUILD_INFO -D__STDC_FORMAT_MACROS -fPIC conftest.cpp >&5
configure:23488: $? = 0
configure:23505: result: none needed
configure:23519: checking whether strerror_r is declared
configure:23519: g++ -std=c++11 -c -g -O2 -Wall -Wextra -Wformat -Wvla -Wformat-security -Wno-unused-parameter -Wno-implicit-fallthrough -fPIC   -DHAVE_BUILD_INFO -D__STDC_FORMAT_MACROS -fPIC conftest.cpp >&5
configure:23519: $? = 0
configure:23519: result: yes
configure:23538: checking whether strerror_r returns char *
configure:23563: g++ -std=c++11 -c -g -O2 -Wall -Wextra -Wformat -Wvla -Wformat-security -Wno-unused-parameter -Wno-implicit-fallthrough -fPIC  -DHAVE_BUILD_INFO -D__STDC_FORMAT_MACROS -fPIC conftest.cpp >&5
configure:23563: $? = 0
configure:23572: result: yes
configure:23593: checking whether the linker accepts -Wl,--large-address-aware
configure:23613: g++ -std=c++11 -o conftest -g -O2 -Wall -Wextra -Wformat -Wvla -Wformat-security -Wno-unused-parameter -Wno-implicit-fallthrough -fPIC  -DHAVE_BUILD_INFO -D__STDC_FORMAT_MACROS -fPIC   -Wl,--large-address-aware conftest.cpp  >&5
/usr/bin/ld: unrecognized option '--large-address-aware'
/usr/bin/ld: use the --help option for usage information
collect2: error: ld returned 1 exit status
configure:23613: $? = 1
configure: failed program was:
| /* confdefs.h */
| #define PACKAGE_NAME "Cephalon Core"
| #define PACKAGE_TARNAME "cephalon"
| #define PACKAGE_VERSION "4.4.4"
| #define PACKAGE_STRING "Cephalon Core 4.4.4"
| #define PACKAGE_BUGREPORT "https://github.com/CephalonChain/Cephalon/issues"
| #define PACKAGE_URL "https://cephalon.net"
| #define HAVE_CXX11 1
| #define HAVE_STDIO_H 1
| #define HAVE_STDLIB_H 1
| #define HAVE_STRING_H 1
| #define HAVE_INTTYPES_H 1
| #define HAVE_STDINT_H 1
| #define HAVE_STRINGS_H 1
| #define HAVE_SYS_STAT_H 1
| #define HAVE_SYS_TYPES_H 1
| #define HAVE_UNISTD_H 1
| #define STDC_HEADERS 1
| #define HAVE_DLFCN_H 1
| #define LT_OBJDIR ".libs/"
| #define USE_ASM 1
| #define HAVE_PTHREAD_PRIO_INHERIT 1
| #define HAVE_PTHREAD 1
| #define HAVE_DECL_STRERROR_R 1
| #define HAVE_STRERROR_R 1
| #define STRERROR_R_CHAR_P 1
| /* end confdefs.h.  */
| 
| int
| main (void)
| {
| 
|   ;
|   return 0;
| }
configure:23623: result: no
configure:23636: checking for __attribute__((visibility))
configure:23661: g++ -std=c++11 -o conftest -g -O2 -Wall -Wextra -Wformat -Wvla -Wformat-security -Wno-unused-parameter -Wno-implicit-fallthrough -fPIC  -DHAVE_BUILD_INFO -D__STDC_FORMAT_MACROS -fPIC  conftest.cpp  >&5
configure:23661: $? = 0
configure:23676: result: yes
configure:23691: checking for __attribute__((dllexport))
configure:23713: g++ -std=c++11 -o conftest -g -O2 -Wall -Wextra -Wformat -Wvla -Wformat-security -Wno-unused-parameter -Wno-implicit-fallthrough -fPIC  -DHAVE_BUILD_INFO -D__STDC_FORMAT_MACROS -fPIC  conftest.cpp  >&5
conftest.cpp:31:62: warning: 'dllexport' attribute directive ignored [-Wattributes]
   31 |                     __attribute__((dllexport)) int foo( void ) { return 0; }
      |                                                              ^
configure:23713: $? = 0
configure:23728: result: no
configure:23743: checking for __attribute__((dllimport))
configure:23765: g++ -std=c++11 -o conftest -g -O2 -Wall -Wextra -Wformat -Wvla -Wformat-security -Wno-unused-parameter -Wno-implicit-fallthrough -fPIC  -DHAVE_BUILD_INFO -D__STDC_FORMAT_MACROS -fPIC  conftest.cpp  >&5
conftest.cpp:31:62: warning: 'dllimport' attribute directive ignored [-Wattributes]
   31 |                     int foo( void ) __attribute__((dllimport));
      |                                                              ^
configure:23765: $? = 0
configure:23780: result: no
configure:23953: checking for library containing clock_gettime
configure:23982: g++ -std=c++11 -o conftest -g -O2 -Wall -Wextra -Wformat -Wvla -Wformat-security -Wno-unused-parameter -Wno-implicit-fallthrough -fPIC  -DHAVE_BUILD_INFO -D__STDC_FORMAT_MACROS -fPIC  conftest.cpp  >&5
configure:23982: $? = 0
configure:24002: result: none required
configure:24015: checking whether C++ compiler accepts -fPIC
configure:24035: g++ -std=c++11 -c -g -O2 -Wall -Wextra -Wformat -Wvla -Wformat-security -Wno-unused-parameter -Wno-implicit-fallthrough -fPIC  -fPIC  -DHAVE_BUILD_INFO -D__STDC_FORMAT_MACROS -fPIC conftest.cpp >&5
configure:24035: $? = 0
configure:24044: result: yes
configure:24056: checking whether C++ compiler accepts -Wstack-protector
configure:24076: g++ -std=c++11 -c -g -O2 -Wall -Wextra -Wformat -Wvla -Wformat-security -Wno-unused-parameter -Wno-implicit-fallthrough -fPIC  -Wstack-protector  -DHAVE_BUILD_INFO -D__STDC_FORMAT_MACROS -fPIC conftest.cpp >&5
configure:24076: $? = 0
configure:24085: result: yes
configure:24094: checking whether C++ compiler accepts -fstack-protector-all
configure:24114: g++ -std=c++11 -c -g -O2 -Wall -Wextra -Wformat -Wvla -Wformat-security -Wno-unused-parameter -Wno-implicit-fallthrough -fPIC  -fstack-protector-all  -DHAVE_BUILD_INFO -D__STDC_FORMAT_MACROS -fPIC conftest.cpp >&5
configure:24114: $? = 0
configure:24123: result: yes
configure:24134: checking whether C++ preprocessor accepts -D_FORTIFY_SOURCE=2
configure:24154: g++ -std=c++11 -E  -DHAVE_BUILD_INFO -D__STDC_FORMAT_MACROS -fPIC  -D_FORTIFY_SOURCE=2 conftest.cpp
configure:24154: $? = 0
configure:24163: result: yes
configure:24168: checking whether C++ preprocessor accepts -U_FORTIFY_SOURCE
configure:24188: g++ -std=c++11 -E  -DHAVE_BUILD_INFO -D__STDC_FORMAT_MACROS -fPIC  -U_FORTIFY_SOURCE conftest.cpp
configure:24188: $? = 0
configure:24197: result: yes
configure:24215: checking whether the linker accepts -Wl,--dynamicbase
configure:24235: g++ -std=c++11 -o conftest -g -O2 -Wall -Wextra -Wformat -Wvla -Wformat-security -Wno-unused-parameter -Wno-implicit-fallthrough -fPIC  -DHAVE_BUILD_INFO -D__STDC_FORMAT_MACROS -fPIC   -Wl,--dynamicbase conftest.cpp  >&5
/usr/bin/ld: unrecognized option '--dynamicbase'
/usr/bin/ld: use the --help option for usage information
collect2: error: ld returned 1 exit status
configure:24235: $? = 1
configure: failed program was:
| /* confdefs.h */
| #define PACKAGE_NAME "Cephalon Core"
| #define PACKAGE_TARNAME "cephalon"
| #define PACKAGE_VERSION "4.4.4"
| #define PACKAGE_STRING "Cephalon Core 4.4.4"
| #define PACKAGE_BUGREPORT "https://github.com/CephalonChain/Cephalon/issues"
| #define PACKAGE_URL "https://cephalon.net"
| #define HAVE_CXX11 1
| #define HAVE_STDIO_H 1
| #define HAVE_STDLIB_H 1
| #define HAVE_STRING_H 1
| #define HAVE_INTTYPES_H 1
| #define HAVE_STDINT_H 1
| #define HAVE_STRINGS_H 1
| #define HAVE_SYS_STAT_H 1
| #define HAVE_SYS_TYPES_H 1
| #define HAVE_UNISTD_H 1
| #define STDC_HEADERS 1
| #define HAVE_DLFCN_H 1
| #define LT_OBJDIR ".libs/"
| #define USE_ASM 1
| #define HAVE_PTHREAD_PRIO_INHERIT 1
| #define HAVE_PTHREAD 1
| #define HAVE_DECL_STRERROR_R 1
| #define HAVE_STRERROR_R 1
| #define STRERROR_R_CHAR_P 1
| #define HAVE_FUNC_ATTRIBUTE_VISIBILITY 1
| /* end confdefs.h.  */
| 
| int
| main (void)
| {
| 
|   ;
|   return 0;
| }
configure:24245: result: no
configure:24254: checking whether the linker accepts -Wl,--nxcompat
configure:24274: g++ -std=c++11 -o conftest -g -O2 -Wall -Wextra -Wformat -Wvla -Wformat-security -Wno-unused-parameter -Wno-implicit-fallthrough -fPIC  -DHAVE_BUILD_INFO -D__STDC_FORMAT_MACROS -fPIC   -Wl,--nxcompat conftest.cpp  >&5
/usr/bin/ld: unrecognized option '--nxcompat'
/usr/bin/ld: use the --help option for usage information
collect2: error: ld returned 1 exit status
configure:24274: $? = 1
configure: failed program was:
| /* confdefs.h */
| #define PACKAGE_NAME "Cephalon Core"
| #define PACKAGE_TARNAME "cephalon"
| #define PACKAGE_VERSION "4.4.4"
| #define PACKAGE_STRING "Cephalon Core 4.4.4"
| #define PACKAGE_BUGREPORT "https://github.com/CephalonChain/Cephalon/issues"
| #define PACKAGE_URL "https://cephalon.net"
| #define HAVE_CXX11 1
| #define HAVE_STDIO_H 1
| #define HAVE_STDLIB_H 1
| #define HAVE_STRING_H 1
| #define HAVE_INTTYPES_H 1
| #define HAVE_STDINT_H 1
| #define HAVE_STRINGS_H 1
| #define HAVE_SYS_STAT_H 1
| #define HAVE_SYS_TYPES_H 1
| #define HAVE_UNISTD_H 1
| #define STDC_HEADERS 1
| #define HAVE_DLFCN_H 1
| #define LT_OBJDIR ".libs/"
| #define USE_ASM 1
| #define HAVE_PTHREAD_PRIO_INHERIT 1
| #define HAVE_PTHREAD 1
| #define HAVE_DECL_STRERROR_R 1
| #define HAVE_STRERROR_R 1
| #define STRERROR_R_CHAR_P 1
| #define HAVE_FUNC_ATTRIBUTE_VISIBILITY 1
| /* end confdefs.h.  */
| 
| int
| main (void)
| {
| 
|   ;
|   return 0;
| }
configure:24284: result: no
configure:24293: checking whether the linker accepts -Wl,--high-entropy-va
configure:24313: g++ -std=c++11 -o conftest -g -O2 -Wall -Wextra -Wformat -Wvla -Wformat-security -Wno-unused-parameter -Wno-implicit-fallthrough -fPIC  -DHAVE_BUILD_INFO -D__STDC_FORMAT_MACROS -fPIC   -Wl,--high-entropy-va conftest.cpp  >&5
/usr/bin/ld: unrecognized option '--high-entropy-va'
/usr/bin/ld: use the --help option for usage information
collect2: error: ld returned 1 exit status
configure:24313: $? = 1
configure: failed program was:
| /* confdefs.h */
| #define PACKAGE_NAME "Cephalon Core"
| #define PACKAGE_TARNAME "cephalon"
| #define PACKAGE_VERSION "4.4.4"
| #define PACKAGE_STRING "Cephalon Core 4.4.4"
| #define PACKAGE_BUGREPORT "https://github.com/CephalonChain/Cephalon/issues"
| #define PACKAGE_URL "https://cephalon.net"
| #define HAVE_CXX11 1
| #define HAVE_STDIO_H 1
| #define HAVE_STDLIB_H 1
| #define HAVE_STRING_H 1
| #define HAVE_INTTYPES_H 1
| #define HAVE_STDINT_H 1
| #define HAVE_STRINGS_H 1
| #define HAVE_SYS_STAT_H 1
| #define HAVE_SYS_TYPES_H 1
| #define HAVE_UNISTD_H 1
| #define STDC_HEADERS 1
| #define HAVE_DLFCN_H 1
| #define LT_OBJDIR ".libs/"
| #define USE_ASM 1
| #define HAVE_PTHREAD_PRIO_INHERIT 1
| #define HAVE_PTHREAD 1
| #define HAVE_DECL_STRERROR_R 1
| #define HAVE_STRERROR_R 1
| #define STRERROR_R_CHAR_P 1
| #define HAVE_FUNC_ATTRIBUTE_VISIBILITY 1
| /* end confdefs.h.  */
| 
| int
| main (void)
| {
| 
|   ;
|   return 0;
| }
configure:24323: result: no
configure:24332: checking whether the linker accepts -Wl,-z,relro
configure:24352: g++ -std=c++11 -o conftest -g -O2 -Wall -Wextra -Wformat -Wvla -Wformat-security -Wno-unused-parameter -Wno-implicit-fallthrough -fPIC  -DHAVE_BUILD_INFO -D__STDC_FORMAT_MACROS -fPIC   -Wl,-z,relro conftest.cpp  >&5
configure:24352: $? = 0
configure:24362: result: yes
configure:24371: checking whether the linker accepts -Wl,-z,now
configure:24391: g++ -std=c++11 -o conftest -g -O2 -Wall -Wextra -Wformat -Wvla -Wformat-security -Wno-unused-parameter -Wno-implicit-fallthrough -fPIC  -DHAVE_BUILD_INFO -D__STDC_FORMAT_MACROS -fPIC   -Wl,-z,now conftest.cpp  >&5
configure:24391: $? = 0
configure:24401: result: yes
configure:24411: checking whether the linker accepts -fPIE -pie
configure:24431: g++ -std=c++11 -o conftest -g -O2 -Wall -Wextra -Wformat -Wvla -Wformat-security -Wno-unused-parameter -Wno-implicit-fallthrough -fPIC  -DHAVE_BUILD_INFO -D__STDC_FORMAT_MACROS -fPIC  -Werror -fPIE -pie conftest.cpp  >&5
configure:24431: $? = 0
configure:24442: result: yes
configure:24544: checking for endian.h
configure:24544: g++ -std=c++11 -c -g -O2 -Wall -Wextra -Wformat -Wvla -Wformat-security -Wno-unused-parameter -Wno-implicit-fallthrough -fPIC  -DHAVE_BUILD_INFO -D__STDC_FORMAT_MACROS -fPIC conftest.cpp >&5
configure:24544: $? = 0
configure:24544: result: yes
configure:24550: checking for sys/endian.h
configure:24550: g++ -std=c++11 -c -g -O2 -Wall -Wextra -Wformat -Wvla -Wformat-security -Wno-unused-parameter -Wno-implicit-fallthrough -fPIC  -DHAVE_BUILD_INFO -D__STDC_FORMAT_MACROS -fPIC conftest.cpp >&5
conftest.cpp:58:10: fatal error: sys/endian.h: No such file or directory
   58 | #include <sys/endian.h>
      |          ^~~~~~~~~~~~~~
compilation terminated.
configure:24550: $? = 1
configure: failed program was:
| /* confdefs.h */
| #define PACKAGE_NAME "Cephalon Core"
| #define PACKAGE_TARNAME "cephalon"
| #define PACKAGE_VERSION "4.4.4"
| #define PACKAGE_STRING "Cephalon Core 4.4.4"
| #define PACKAGE_BUGREPORT "https://github.com/CephalonChain/Cephalon/issues"
| #define PACKAGE_URL "https://cephalon.net"
| #define HAVE_CXX11 1
| #define HAVE_STDIO_H 1
| #define HAVE_STDLIB_H 1
| #define HAVE_STRING_H 1
| #define HAVE_INTTYPES_H 1
| #define HAVE_STDINT_H 1
| #define HAVE_STRINGS_H 1
| #define HAVE_SYS_STAT_H 1
| #define HAVE_SYS_TYPES_H 1
| #define HAVE_UNISTD_H 1
| #define STDC_HEADERS 1
| #define HAVE_DLFCN_H 1
| #define LT_OBJDIR ".libs/"
| #define USE_ASM 1
| #define HAVE_PTHREAD_PRIO_INHERIT 1
| #define HAVE_PTHREAD 1
| #define HAVE_DECL_STRERROR_R 1
| #define HAVE_STRERROR_R 1
| #define STRERROR_R_CHAR_P 1
| #define HAVE_FUNC_ATTRIBUTE_VISIBILITY 1
| #define HAVE_ENDIAN_H 1
| /* end confdefs.h.  */
| #include <stddef.h>
| #ifdef HAVE_STDIO_H
| # include <stdio.h>
| #endif
| #ifdef HAVE_STDLIB_H
| # include <stdlib.h>
| #endif
| #ifdef HAVE_STRING_H
| # include <string.h>
| #endif
| #ifdef HAVE_INTTYPES_H
| # include <inttypes.h>
| #endif
| #ifdef HAVE_STDINT_H
| # include <stdint.h>
| #endif
| #ifdef HAVE_STRINGS_H
| # include <strings.h>
| #endif
| #ifdef HAVE_SYS_TYPES_H
| # include <sys/types.h>
| #endif
| #ifdef HAVE_SYS_STAT_H
| # include <sys/stat.h>
| #endif
| #ifdef HAVE_UNISTD_H
| # include <unistd.h>
| #endif
| #include <sys/endian.h>
configure:24550: result: no
configure:24556: checking for byteswap.h
configure:24556: g++ -std=c++11 -c -g -O2 -Wall -Wextra -Wformat -Wvla -Wformat-security -Wno-unused-parameter -Wno-implicit-fallthrough -fPIC  -DHAVE_BUILD_INFO -D__STDC_FORMAT_MACROS -fPIC conftest.cpp >&5
configure:24556: $? = 0
configure:24556: result: yes
configure:24562: checking for stdio.h
configure:24562: result: yes
configure:24568: checking for stdlib.h
configure:24568: result: yes
configure:24574: checking for unistd.h
configure:24574: result: yes
configure:24580: checking for strings.h
configure:24580: result: yes
configure:24586: checking for sys/types.h
configure:24586: result: yes
configure:24592: checking for sys/stat.h
configure:24592: result: yes
configure:24598: checking for sys/select.h
configure:24598: g++ -std=c++11 -c -g -O2 -Wall -Wextra -Wformat -Wvla -Wformat-security -Wno-unused-parameter -Wno-implicit-fallthrough -fPIC  -DHAVE_BUILD_INFO -D__STDC_FORMAT_MACROS -fPIC conftest.cpp >&5
configure:24598: $? = 0
configure:24598: result: yes
configure:24604: checking for sys/prctl.h
configure:24604: g++ -std=c++11 -c -g -O2 -Wall -Wextra -Wformat -Wvla -Wformat-security -Wno-unused-parameter -Wno-implicit-fallthrough -fPIC  -DHAVE_BUILD_INFO -D__STDC_FORMAT_MACROS -fPIC conftest.cpp >&5
configure:24604: $? = 0
configure:24604: result: yes
configure:24612: checking whether strnlen is declared
configure:24612: g++ -std=c++11 -c -g -O2 -Wall -Wextra -Wformat -Wvla -Wformat-security -Wno-unused-parameter -Wno-implicit-fallthrough -fPIC   -DHAVE_BUILD_INFO -D__STDC_FORMAT_MACROS -fPIC conftest.cpp >&5
configure:24612: $? = 0
configure:24612: result: yes
configure:24623: checking whether daemon is declared
configure:24623: g++ -std=c++11 -c -g -O2 -Wall -Wextra -Wformat -Wvla -Wformat-security -Wno-unused-parameter -Wno-implicit-fallthrough -fPIC   -DHAVE_BUILD_INFO -D__STDC_FORMAT_MACROS -fPIC conftest.cpp >&5
configure:24623: $? = 0
configure:24623: result: yes
configure:24633: checking whether le16toh is declared
configure:24633: g++ -std=c++11 -c -g -O2 -Wall -Wextra -Wformat -Wvla -Wformat-security -Wno-unused-parameter -Wno-implicit-fallthrough -fPIC   -DHAVE_BUILD_INFO -D__STDC_FORMAT_MACROS -fPIC conftest.cpp >&5
configure:24633: $? = 0
configure:24633: result: yes
configure:24646: checking whether le32toh is declared
configure:24646: g++ -std=c++11 -c -g -O2 -Wall -Wextra -Wformat -Wvla -Wformat-security -Wno-unused-parameter -Wno-implicit-fallthrough -fPIC   -DHAVE_BUILD_INFO -D__STDC_FORMAT_MACROS -fPIC conftest.cpp >&5
configure:24646: $? = 0
configure:24646: result: yes
configure:24659: checking whether le64toh is declared
configure:24659: g++ -std=c++11 -c -g -O2 -Wall -Wextra -Wformat -Wvla -Wformat-security -Wno-unused-parameter -Wno-implicit-fallthrough -fPIC   -DHAVE_BUILD_INFO -D__STDC_FORMAT_MACROS -fPIC conftest.cpp >&5
configure:24659: $? = 0
configure:24659: result: yes
configure:24672: checking whether htole16 is declared
configure:24672: g++ -std=c++11 -c -g -O2 -Wall -Wextra -Wformat -Wvla -Wformat-security -Wno-unused-parameter -Wno-implicit-fallthrough -fPIC   -DHAVE_BUILD_INFO -D__STDC_FORMAT_MACROS -fPIC conftest.cpp >&5
configure:24672: $? = 0
configure:24672: result: yes
configure:24685: checking whether htole32 is declared
configure:24685: g++ -std=c++11 -c -g -O2 -Wall -Wextra -Wformat -Wvla -Wformat-security -Wno-unused-parameter -Wno-implicit-fallthrough -fPIC   -DHAVE_BUILD_INFO -D__STDC_FORMAT_MACROS -fPIC conftest.cpp >&5
configure:24685: $? = 0
configure:24685: result: yes
configure:24698: checking whether htole64 is declared
configure:24698: g++ -std=c++11 -c -g -O2 -Wall -Wextra -Wformat -Wvla -Wformat-security -Wno-unused-parameter -Wno-implicit-fallthrough -fPIC   -DHAVE_BUILD_INFO -D__STDC_FORMAT_MACROS -fPIC conftest.cpp >&5
configure:24698: $? = 0
configure:24698: result: yes
configure:24711: checking whether be16toh is declared
configure:24711: g++ -std=c++11 -c -g -O2 -Wall -Wextra -Wformat -Wvla -Wformat-security -Wno-unused-parameter -Wno-implicit-fallthrough -fPIC   -DHAVE_BUILD_INFO -D__STDC_FORMAT_MACROS -fPIC conftest.cpp >&5
configure:24711: $? = 0
configure:24711: result: yes
configure:24724: checking whether be32toh is declared
configure:24724: g++ -std=c++11 -c -g -O2 -Wall -Wextra -Wformat -Wvla -Wformat-security -Wno-unused-parameter -Wno-implicit-fallthrough -fPIC   -DHAVE_BUILD_INFO -D__STDC_FORMAT_MACROS -fPIC conftest.cpp >&5
configure:24724: $? = 0
configure:24724: result: yes
configure:24737: checking whether be64toh is declared
configure:24737: g++ -std=c++11 -c -g -O2 -Wall -Wextra -Wformat -Wvla -Wformat-security -Wno-unused-parameter -Wno-implicit-fallthrough -fPIC   -DHAVE_BUILD_INFO -D__STDC_FORMAT_MACROS -fPIC conftest.cpp >&5
configure:24737: $? = 0
configure:24737: result: yes
configure:24750: checking whether htobe16 is declared
configure:24750: g++ -std=c++11 -c -g -O2 -Wall -Wextra -Wformat -Wvla -Wformat-security -Wno-unused-parameter -Wno-implicit-fallthrough -fPIC   -DHAVE_BUILD_INFO -D__STDC_FORMAT_MACROS -fPIC conftest.cpp >&5
configure:24750: $? = 0
configure:24750: result: yes
configure:24763: checking whether htobe32 is declared
configure:24763: g++ -std=c++11 -c -g -O2 -Wall -Wextra -Wformat -Wvla -Wformat-security -Wno-unused-parameter -Wno-implicit-fallthrough -fPIC   -DHAVE_BUILD_INFO -D__STDC_FORMAT_MACROS -fPIC conftest.cpp >&5
configure:24763: $? = 0
configure:24763: result: yes
configure:24776: checking whether htobe64 is declared
configure:24776: g++ -std=c++11 -c -g -O2 -Wall -Wextra -Wformat -Wvla -Wformat-security -Wno-unused-parameter -Wno-implicit-fallthrough -fPIC   -DHAVE_BUILD_INFO -D__STDC_FORMAT_MACROS -fPIC conftest.cpp >&5
configure:24776: $? = 0
configure:24776: result: yes
configure:24791: checking whether bswap_16 is declared
configure:24791: g++ -std=c++11 -c -g -O2 -Wall -Wextra -Wformat -Wvla -Wformat-security -Wno-unused-parameter -Wno-implicit-fallthrough -fPIC   -DHAVE_BUILD_INFO -D__STDC_FORMAT_MACROS -fPIC conftest.cpp >&5
configure:24791: $? = 0
configure:24791: result: yes
configure:24802: checking whether bswap_32 is declared
configure:24802: g++ -std=c++11 -c -g -O2 -Wall -Wextra -Wformat -Wvla -Wformat-security -Wno-unused-parameter -Wno-implicit-fallthrough -fPIC   -DHAVE_BUILD_INFO -D__STDC_FORMAT_MACROS -fPIC conftest.cpp >&5
configure:24802: $? = 0
configure:24802: result: yes
configure:24813: checking whether bswap_64 is declared
configure:24813: g++ -std=c++11 -c -g -O2 -Wall -Wextra -Wformat -Wvla -Wformat-security -Wno-unused-parameter -Wno-implicit-fallthrough -fPIC   -DHAVE_BUILD_INFO -D__STDC_FORMAT_MACROS -fPIC conftest.cpp >&5
configure:24813: $? = 0
configure:24813: result: yes
configure:24826: checking whether __builtin_clz is declared
configure:24826: g++ -std=c++11 -c -g -O2 -Wall -Wextra -Wformat -Wvla -Wformat-security -Wno-unused-parameter -Wno-implicit-fallthrough -fPIC   -DHAVE_BUILD_INFO -D__STDC_FORMAT_MACROS -fPIC conftest.cpp >&5
configure:24826: $? = 0
configure:24826: result: yes
configure:24834: checking whether __builtin_clzl is declared
configure:24834: g++ -std=c++11 -c -g -O2 -Wall -Wextra -Wformat -Wvla -Wformat-security -Wno-unused-parameter -Wno-implicit-fallthrough -fPIC   -DHAVE_BUILD_INFO -D__STDC_FORMAT_MACROS -fPIC conftest.cpp >&5
configure:24834: $? = 0
configure:24834: result: yes
configure:24842: checking whether __builtin_clzll is declared
configure:24842: g++ -std=c++11 -c -g -O2 -Wall -Wextra -Wformat -Wvla -Wformat-security -Wno-unused-parameter -Wno-implicit-fallthrough -fPIC   -DHAVE_BUILD_INFO -D__STDC_FORMAT_MACROS -fPIC conftest.cpp >&5
configure:24842: $? = 0
configure:24842: result: yes
configure:24852: checking for MSG_NOSIGNAL
configure:24865: g++ -std=c++11 -c -g -O2 -Wall -Wextra -Wformat -Wvla -Wformat-security -Wno-unused-parameter -Wno-implicit-fallthrough -fPIC  -DHAVE_BUILD_INFO -D__STDC_FORMAT_MACROS -fPIC conftest.cpp >&5
conftest.cpp: In function 'int main()':
conftest.cpp:63:6: warning: unused variable 'f' [-Wunused-variable]
   63 |  int f = MSG_NOSIGNAL;
      |      ^
configure:24865: $? = 0
configure:24867: result: yes
configure:24878: checking for MSG_DONTWAIT
configure:24891: g++ -std=c++11 -c -g -O2 -Wall -Wextra -Wformat -Wvla -Wformat-security -Wno-unused-parameter -Wno-implicit-fallthrough -fPIC  -DHAVE_BUILD_INFO -D__STDC_FORMAT_MACROS -fPIC conftest.cpp >&5
conftest.cpp: In function 'int main()':
conftest.cpp:64:6: warning: unused variable 'f' [-Wunused-variable]
   64 |  int f = MSG_DONTWAIT;
      |      ^
configure:24891: $? = 0
configure:24893: result: yes
configure:24904: checking for getmemoryinfo
configure:24917: g++ -std=c++11 -c -g -O2 -Wall -Wextra -Wformat -Wvla -Wformat-security -Wno-unused-parameter -Wno-implicit-fallthrough -fPIC  -DHAVE_BUILD_INFO -D__STDC_FORMAT_MACROS -fPIC conftest.cpp >&5
conftest.cpp: In function 'int main()':
conftest.cpp:65:6: warning: unused variable 'f' [-Wunused-variable]
   65 |  int f = malloc_info(0, NULL);
      |      ^
configure:24917: $? = 0
configure:24919: result: yes
configure:24930: checking for mallopt M_ARENA_MAX
configure:24943: g++ -std=c++11 -c -g -O2 -Wall -Wextra -Wformat -Wvla -Wformat-security -Wno-unused-parameter -Wno-implicit-fallthrough -fPIC  -DHAVE_BUILD_INFO -D__STDC_FORMAT_MACROS -fPIC conftest.cpp >&5
configure:24943: $? = 0
configure:24945: result: yes
configure:24956: checking for visibility attribute
configure:24965: g++ -std=c++11 -o conftest -g -O2 -Wall -Wextra -Wformat -Wvla -Wformat-security -Wno-unused-parameter -Wno-implicit-fallthrough -fPIC  -DHAVE_BUILD_INFO -D__STDC_FORMAT_MACROS -fPIC  conftest.cpp  >&5
configure:24965: $? = 0
configure:24971: result: yes
configure:24988: checking for Linux getrandom syscall
configure:25003: g++ -std=c++11 -c -g -O2 -Wall -Wextra -Wformat -Wvla -Wformat-security -Wno-unused-parameter -Wno-implicit-fallthrough -fPIC  -DHAVE_BUILD_INFO -D__STDC_FORMAT_MACROS -fPIC conftest.cpp >&5
configure:25003: $? = 0
configure:25005: result: yes
configure:25016: checking for getentropy
configure:25029: g++ -std=c++11 -c -g -O2 -Wall -Wextra -Wformat -Wvla -Wformat-security -Wno-unused-parameter -Wno-implicit-fallthrough -fPIC  -DHAVE_BUILD_INFO -D__STDC_FORMAT_MACROS -fPIC conftest.cpp >&5
conftest.cpp: In function 'int main()':
conftest.cpp:69:12: warning: ignoring return value of 'int getentropy(void*, size_t)' declared with attribute 'warn_unused_result' [-Wunused-result]
   69 |  getentropy(nullptr, 32)
      |  ~~~~~~~~~~^~~~~~~~~~~~~
conftest.cpp:69:12: warning: argument 1 is null but the corresponding size argument 2 value is 32 [-Wnonnull]
   69 |  getentropy(nullptr, 32)
      |  ~~~~~~~~~~^~~~~~~~~~~~~
In file included from conftest.cpp:65:
/usr/include/unistd.h:1198:5: note: in a call to function 'int getentropy(void*, size_t)' declared with attribute 'access (write_only, 1, 2)'
 1198 | int getentropy (void *__buffer, size_t __length) __wur
      |     ^~~~~~~~~~
configure:25029: $? = 0
configure:25031: result: yes
configure:25042: checking for getentropy via random.h
configure:25056: g++ -std=c++11 -c -g -O2 -Wall -Wextra -Wformat -Wvla -Wformat-security -Wno-unused-parameter -Wno-implicit-fallthrough -fPIC  -DHAVE_BUILD_INFO -D__STDC_FORMAT_MACROS -fPIC conftest.cpp >&5
conftest.cpp: In function 'int main()':
conftest.cpp:71:12: warning: ignoring return value of 'int getentropy(void*, size_t)' declared with attribute 'warn_unused_result' [-Wunused-result]
   71 |  getentropy(nullptr, 32)
      |  ~~~~~~~~~~^~~~~~~~~~~~~
conftest.cpp:71:12: warning: argument 1 is null but the corresponding size argument 2 value is 32 [-Wnonnull]
   71 |  getentropy(nullptr, 32)
      |  ~~~~~~~~~~^~~~~~~~~~~~~
In file included from conftest.cpp:67:
/usr/include/x86_64-linux-gnu/sys/random.h:39:5: note: in a call to function 'int getentropy(void*, size_t)' declared with attribute 'access (write_only, 1, 2)'
   39 | int getentropy (void *__buffer, size_t __length) __wur;
      |     ^~~~~~~~~~
configure:25056: $? = 0
configure:25058: result: yes
configure:25069: checking for sysctl KERN_ARND
configure:25084: g++ -std=c++11 -c -g -O2 -Wall -Wextra -Wformat -Wvla -Wformat-security -Wno-unused-parameter -Wno-implicit-fallthrough -fPIC  -DHAVE_BUILD_INFO -D__STDC_FORMAT_MACROS -fPIC conftest.cpp >&5
conftest.cpp:68:12: fatal error: sys/sysctl.h: No such file or directory
   68 |   #include <sys/sysctl.h>
      |            ^~~~~~~~~~~~~~
compilation terminated.
configure:25084: $? = 1
configure: failed program was:
| /* confdefs.h */
| #define PACKAGE_NAME "Cephalon Core"
| #define PACKAGE_TARNAME "cephalon"
| #define PACKAGE_VERSION "4.4.4"
| #define PACKAGE_STRING "Cephalon Core 4.4.4"
| #define PACKAGE_BUGREPORT "https://github.com/CephalonChain/Cephalon/issues"
| #define PACKAGE_URL "https://cephalon.net"
| #define HAVE_CXX11 1
| #define HAVE_STDIO_H 1
| #define HAVE_STDLIB_H 1
| #define HAVE_STRING_H 1
| #define HAVE_INTTYPES_H 1
| #define HAVE_STDINT_H 1
| #define HAVE_STRINGS_H 1
| #define HAVE_SYS_STAT_H 1
| #define HAVE_SYS_TYPES_H 1
| #define HAVE_UNISTD_H 1
| #define STDC_HEADERS 1
| #define HAVE_DLFCN_H 1
| #define LT_OBJDIR ".libs/"
| #define USE_ASM 1
| #define HAVE_PTHREAD_PRIO_INHERIT 1
| #define HAVE_PTHREAD 1
| #define HAVE_DECL_STRERROR_R 1
| #define HAVE_STRERROR_R 1
| #define STRERROR_R_CHAR_P 1
| #define HAVE_FUNC_ATTRIBUTE_VISIBILITY 1
| #define HAVE_ENDIAN_H 1
| #define HAVE_BYTESWAP_H 1
| #define HAVE_STDIO_H 1
| #define HAVE_STDLIB_H 1
| #define HAVE_UNISTD_H 1
| #define HAVE_STRINGS_H 1
| #define HAVE_SYS_TYPES_H 1
| #define HAVE_SYS_STAT_H 1
| #define HAVE_SYS_SELECT_H 1
| #define HAVE_SYS_PRCTL_H 1
| #define HAVE_DECL_STRNLEN 1
| #define HAVE_DECL_DAEMON 1
| #define HAVE_DECL_LE16TOH 1
| #define HAVE_DECL_LE32TOH 1
| #define HAVE_DECL_LE64TOH 1
| #define HAVE_DECL_HTOLE16 1
| #define HAVE_DECL_HTOLE32 1
| #define HAVE_DECL_HTOLE64 1
| #define HAVE_DECL_BE16TOH 1
| #define HAVE_DECL_BE32TOH 1
| #define HAVE_DECL_BE64TOH 1
| #define HAVE_DECL_HTOBE16 1
| #define HAVE_DECL_HTOBE32 1
| #define HAVE_DECL_HTOBE64 1
| #define HAVE_DECL_BSWAP_16 1
| #define HAVE_DECL_BSWAP_32 1
| #define HAVE_DECL_BSWAP_64 1
| #define HAVE_DECL___BUILTIN_CLZ 1
| #define HAVE_DECL___BUILTIN_CLZL 1
| #define HAVE_DECL___BUILTIN_CLZLL 1
| #define HAVE_MSG_NOSIGNAL 1
| #define HAVE_MSG_DONTWAIT 1
| #define HAVE_MALLOC_INFO 1
| #define HAVE_MALLOPT_ARENA_MAX 1
| #define HAVE_VISIBILITY_ATTRIBUTE 1
| #define HAVE_SYS_GETRANDOM 1
| #define HAVE_GETENTROPY 1
| #define HAVE_GETENTROPY_RAND 1
| /* end confdefs.h.  */
| #include <sys/types.h>
|   #include <sys/sysctl.h>
| int
| main (void)
| {
|  static const int name[2] = {CTL_KERN, KERN_ARND};
|     sysctl(name, 2, nullptr, nullptr, nullptr, 0);
|   ;
|   return 0;
| }
configure:25091: result: no
configure:25160: checking for Berkeley DB C++ headers
configure:25190: g++ -std=c++11 -c -g -O2 -Wall -Wextra -Wformat -Wvla -Wformat-security -Wno-unused-parameter -Wno-implicit-fallthrough -fPIC  -DHAVE_BUILD_INFO -D__STDC_FORMAT_MACROS -fPIC conftest.cpp >&5
conftest.cpp:68:18: fatal error: bdb4.8/db_cxx.h: No such file or directory
   68 |         #include <bdb4.8/db_cxx.h>
      |                  ^~~~~~~~~~~~~~~~~
compilation terminated.
configure:25190: $? = 1
configure: failed program was:
| /* confdefs.h */
| #define PACKAGE_NAME "Cephalon Core"
| #define PACKAGE_TARNAME "cephalon"
| #define PACKAGE_VERSION "4.4.4"
| #define PACKAGE_STRING "Cephalon Core 4.4.4"
| #define PACKAGE_BUGREPORT "https://github.com/CephalonChain/Cephalon/issues"
| #define PACKAGE_URL "https://cephalon.net"
| #define HAVE_CXX11 1
| #define HAVE_STDIO_H 1
| #define HAVE_STDLIB_H 1
| #define HAVE_STRING_H 1
| #define HAVE_INTTYPES_H 1
| #define HAVE_STDINT_H 1
| #define HAVE_STRINGS_H 1
| #define HAVE_SYS_STAT_H 1
| #define HAVE_SYS_TYPES_H 1
| #define HAVE_UNISTD_H 1
| #define STDC_HEADERS 1
| #define HAVE_DLFCN_H 1
| #define LT_OBJDIR ".libs/"
| #define USE_ASM 1
| #define HAVE_PTHREAD_PRIO_INHERIT 1
| #define HAVE_PTHREAD 1
| #define HAVE_DECL_STRERROR_R 1
| #define HAVE_STRERROR_R 1
| #define STRERROR_R_CHAR_P 1
| #define HAVE_FUNC_ATTRIBUTE_VISIBILITY 1
| #define HAVE_ENDIAN_H 1
| #define HAVE_BYTESWAP_H 1
| #define HAVE_STDIO_H 1
| #define HAVE_STDLIB_H 1
| #define HAVE_UNISTD_H 1
| #define HAVE_STRINGS_H 1
| #define HAVE_SYS_TYPES_H 1
| #define HAVE_SYS_STAT_H 1
| #define HAVE_SYS_SELECT_H 1
| #define HAVE_SYS_PRCTL_H 1
| #define HAVE_DECL_STRNLEN 1
| #define HAVE_DECL_DAEMON 1
| #define HAVE_DECL_LE16TOH 1
| #define HAVE_DECL_LE32TOH 1
| #define HAVE_DECL_LE64TOH 1
| #define HAVE_DECL_HTOLE16 1
| #define HAVE_DECL_HTOLE32 1
| #define HAVE_DECL_HTOLE64 1
| #define HAVE_DECL_BE16TOH 1
| #define HAVE_DECL_BE32TOH 1
| #define HAVE_DECL_BE64TOH 1
| #define HAVE_DECL_HTOBE16 1
| #define HAVE_DECL_HTOBE32 1
| #define HAVE_DECL_HTOBE64 1
| #define HAVE_DECL_BSWAP_16 1
| #define HAVE_DECL_BSWAP_32 1
| #define HAVE_DECL_BSWAP_64 1
| #define HAVE_DECL___BUILTIN_CLZ 1
| #define HAVE_DECL___BUILTIN_CLZL 1
| #define HAVE_DECL___BUILTIN_CLZLL 1
| #define HAVE_MSG_NOSIGNAL 1
| #define HAVE_MSG_DONTWAIT 1
| #define HAVE_MALLOC_INFO 1
| #define HAVE_MALLOPT_ARENA_MAX 1
| #define HAVE_VISIBILITY_ATTRIBUTE 1
| #define HAVE_SYS_GETRANDOM 1
| #define HAVE_GETENTROPY 1
| #define HAVE_GETENTROPY_RAND 1
| /* end confdefs.h.  */
| 
|         #include <bdb4.8/db_cxx.h>
| 
| int
| main (void)
| {
| 
|         #if !((DB_VERSION_MAJOR == 4 && DB_VERSION_MINOR >= 8) || DB_VERSION_MAJOR > 4)
|           #error "failed to find bdb 4.8+"
|         #endif
| 
|   ;
|   return 0;
| }
configure:25190: g++ -std=c++11 -c -g -O2 -Wall -Wextra -Wformat -Wvla -Wformat-security -Wno-unused-parameter -Wno-implicit-fallthrough -fPIC  -DHAVE_BUILD_INFO -D__STDC_FORMAT_MACROS -fPIC conftest.cpp >&5
conftest.cpp:68:18: fatal error: libdb4.8/db_cxx.h: No such file or directory
   68 |         #include <libdb4.8/db_cxx.h>
      |                  ^~~~~~~~~~~~~~~~~~~
compilation terminated.
configure:25190: $? = 1
configure: failed program was:
| /* confdefs.h */
| #define PACKAGE_NAME "Cephalon Core"
| #define PACKAGE_TARNAME "cephalon"
| #define PACKAGE_VERSION "4.4.4"
| #define PACKAGE_STRING "Cephalon Core 4.4.4"
| #define PACKAGE_BUGREPORT "https://github.com/CephalonChain/Cephalon/issues"
| #define PACKAGE_URL "https://cephalon.net"
| #define HAVE_CXX11 1
| #define HAVE_STDIO_H 1
| #define HAVE_STDLIB_H 1
| #define HAVE_STRING_H 1
| #define HAVE_INTTYPES_H 1
| #define HAVE_STDINT_H 1
| #define HAVE_STRINGS_H 1
| #define HAVE_SYS_STAT_H 1
| #define HAVE_SYS_TYPES_H 1
| #define HAVE_UNISTD_H 1
| #define STDC_HEADERS 1
| #define HAVE_DLFCN_H 1
| #define LT_OBJDIR ".libs/"
| #define USE_ASM 1
| #define HAVE_PTHREAD_PRIO_INHERIT 1
| #define HAVE_PTHREAD 1
| #define HAVE_DECL_STRERROR_R 1
| #define HAVE_STRERROR_R 1
| #define STRERROR_R_CHAR_P 1
| #define HAVE_FUNC_ATTRIBUTE_VISIBILITY 1
| #define HAVE_ENDIAN_H 1
| #define HAVE_BYTESWAP_H 1
| #define HAVE_STDIO_H 1
| #define HAVE_STDLIB_H 1
| #define HAVE_UNISTD_H 1
| #define HAVE_STRINGS_H 1
| #define HAVE_SYS_TYPES_H 1
| #define HAVE_SYS_STAT_H 1
| #define HAVE_SYS_SELECT_H 1
| #define HAVE_SYS_PRCTL_H 1
| #define HAVE_DECL_STRNLEN 1
| #define HAVE_DECL_DAEMON 1
| #define HAVE_DECL_LE16TOH 1
| #define HAVE_DECL_LE32TOH 1
| #define HAVE_DECL_LE64TOH 1
| #define HAVE_DECL_HTOLE16 1
| #define HAVE_DECL_HTOLE32 1
| #define HAVE_DECL_HTOLE64 1
| #define HAVE_DECL_BE16TOH 1
| #define HAVE_DECL_BE32TOH 1
| #define HAVE_DECL_BE64TOH 1
| #define HAVE_DECL_HTOBE16 1
| #define HAVE_DECL_HTOBE32 1
| #define HAVE_DECL_HTOBE64 1
| #define HAVE_DECL_BSWAP_16 1
| #define HAVE_DECL_BSWAP_32 1
| #define HAVE_DECL_BSWAP_64 1
| #define HAVE_DECL___BUILTIN_CLZ 1
| #define HAVE_DECL___BUILTIN_CLZL 1
| #define HAVE_DECL___BUILTIN_CLZLL 1
| #define HAVE_MSG_NOSIGNAL 1
| #define HAVE_MSG_DONTWAIT 1
| #define HAVE_MALLOC_INFO 1
| #define HAVE_MALLOPT_ARENA_MAX 1
| #define HAVE_VISIBILITY_ATTRIBUTE 1
| #define HAVE_SYS_GETRANDOM 1
| #define HAVE_GETENTROPY 1
| #define HAVE_GETENTROPY_RAND 1
| /* end confdefs.h.  */
| 
|         #include <libdb4.8/db_cxx.h>
| 
| int
| main (void)
| {
| 
|         #if !((DB_VERSION_MAJOR == 4 && DB_VERSION_MINOR >= 8) || DB_VERSION_MAJOR > 4)
|           #error "failed to find bdb 4.8+"
|         #endif
| 
|   ;
|   return 0;
| }
configure:25190: g++ -std=c++11 -c -g -O2 -Wall -Wextra -Wformat -Wvla -Wformat-security -Wno-unused-parameter -Wno-implicit-fallthrough -fPIC  -DHAVE_BUILD_INFO -D__STDC_FORMAT_MACROS -fPIC conftest.cpp >&5
conftest.cpp:68:18: fatal error: db4.8/db_cxx.h: No such file or directory
   68 |         #include <db4.8/db_cxx.h>
      |                  ^~~~~~~~~~~~~~~~
compilation terminated.
configure:25190: $? = 1
configure: failed program was:
| /* confdefs.h */
| #define PACKAGE_NAME "Cephalon Core"
| #define PACKAGE_TARNAME "cephalon"
| #define PACKAGE_VERSION "4.4.4"
| #define PACKAGE_STRING "Cephalon Core 4.4.4"
| #define PACKAGE_BUGREPORT "https://github.com/CephalonChain/Cephalon/issues"
| #define PACKAGE_URL "https://cephalon.net"
| #define HAVE_CXX11 1
| #define HAVE_STDIO_H 1
| #define HAVE_STDLIB_H 1
| #define HAVE_STRING_H 1
| #define HAVE_INTTYPES_H 1
| #define HAVE_STDINT_H 1
| #define HAVE_STRINGS_H 1
| #define HAVE_SYS_STAT_H 1
| #define HAVE_SYS_TYPES_H 1
| #define HAVE_UNISTD_H 1
| #define STDC_HEADERS 1
| #define HAVE_DLFCN_H 1
| #define LT_OBJDIR ".libs/"
| #define USE_ASM 1
| #define HAVE_PTHREAD_PRIO_INHERIT 1
| #define HAVE_PTHREAD 1
| #define HAVE_DECL_STRERROR_R 1
| #define HAVE_STRERROR_R 1
| #define STRERROR_R_CHAR_P 1
| #define HAVE_FUNC_ATTRIBUTE_VISIBILITY 1
| #define HAVE_ENDIAN_H 1
| #define HAVE_BYTESWAP_H 1
| #define HAVE_STDIO_H 1
| #define HAVE_STDLIB_H 1
| #define HAVE_UNISTD_H 1
| #define HAVE_STRINGS_H 1
| #define HAVE_SYS_TYPES_H 1
| #define HAVE_SYS_STAT_H 1
| #define HAVE_SYS_SELECT_H 1
| #define HAVE_SYS_PRCTL_H 1
| #define HAVE_DECL_STRNLEN 1
| #define HAVE_DECL_DAEMON 1
| #define HAVE_DECL_LE16TOH 1
| #define HAVE_DECL_LE32TOH 1
| #define HAVE_DECL_LE64TOH 1
| #define HAVE_DECL_HTOLE16 1
| #define HAVE_DECL_HTOLE32 1
| #define HAVE_DECL_HTOLE64 1
| #define HAVE_DECL_BE16TOH 1
| #define HAVE_DECL_BE32TOH 1
| #define HAVE_DECL_BE64TOH 1
| #define HAVE_DECL_HTOBE16 1
| #define HAVE_DECL_HTOBE32 1
| #define HAVE_DECL_HTOBE64 1
| #define HAVE_DECL_BSWAP_16 1
| #define HAVE_DECL_BSWAP_32 1
| #define HAVE_DECL_BSWAP_64 1
| #define HAVE_DECL___BUILTIN_CLZ 1
| #define HAVE_DECL___BUILTIN_CLZL 1
| #define HAVE_DECL___BUILTIN_CLZLL 1
| #define HAVE_MSG_NOSIGNAL 1
| #define HAVE_MSG_DONTWAIT 1
| #define HAVE_MALLOC_INFO 1
| #define HAVE_MALLOPT_ARENA_MAX 1
| #define HAVE_VISIBILITY_ATTRIBUTE 1
| #define HAVE_SYS_GETRANDOM 1
| #define HAVE_GETENTROPY 1
| #define HAVE_GETENTROPY_RAND 1
| /* end confdefs.h.  */
| 
|         #include <db4.8/db_cxx.h>
| 
| int
| main (void)
| {
| 
|         #if !((DB_VERSION_MAJOR == 4 && DB_VERSION_MINOR >= 8) || DB_VERSION_MAJOR > 4)
|           #error "failed to find bdb 4.8+"
|         #endif
| 
|   ;
|   return 0;
| }
configure:25190: g++ -std=c++11 -c -g -O2 -Wall -Wextra -Wformat -Wvla -Wformat-security -Wno-unused-parameter -Wno-implicit-fallthrough -fPIC  -DHAVE_BUILD_INFO -D__STDC_FORMAT_MACROS -fPIC conftest.cpp >&5
conftest.cpp:68:18: fatal error: bdb48/db_cxx.h: No such file or directory
   68 |         #include <bdb48/db_cxx.h>
      |                  ^~~~~~~~~~~~~~~~
compilation terminated.
configure:25190: $? = 1
configure: failed program was:
| /* confdefs.h */
| #define PACKAGE_NAME "Cephalon Core"
| #define PACKAGE_TARNAME "cephalon"
| #define PACKAGE_VERSION "4.4.4"
| #define PACKAGE_STRING "Cephalon Core 4.4.4"
| #define PACKAGE_BUGREPORT "https://github.com/CephalonChain/Cephalon/issues"
| #define PACKAGE_URL "https://cephalon.net"
| #define HAVE_CXX11 1
| #define HAVE_STDIO_H 1
| #define HAVE_STDLIB_H 1
| #define HAVE_STRING_H 1
| #define HAVE_INTTYPES_H 1
| #define HAVE_STDINT_H 1
| #define HAVE_STRINGS_H 1
| #define HAVE_SYS_STAT_H 1
| #define HAVE_SYS_TYPES_H 1
| #define HAVE_UNISTD_H 1
| #define STDC_HEADERS 1
| #define HAVE_DLFCN_H 1
| #define LT_OBJDIR ".libs/"
| #define USE_ASM 1
| #define HAVE_PTHREAD_PRIO_INHERIT 1
| #define HAVE_PTHREAD 1
| #define HAVE_DECL_STRERROR_R 1
| #define HAVE_STRERROR_R 1
| #define STRERROR_R_CHAR_P 1
| #define HAVE_FUNC_ATTRIBUTE_VISIBILITY 1
| #define HAVE_ENDIAN_H 1
| #define HAVE_BYTESWAP_H 1
| #define HAVE_STDIO_H 1
| #define HAVE_STDLIB_H 1
| #define HAVE_UNISTD_H 1
| #define HAVE_STRINGS_H 1
| #define HAVE_SYS_TYPES_H 1
| #define HAVE_SYS_STAT_H 1
| #define HAVE_SYS_SELECT_H 1
| #define HAVE_SYS_PRCTL_H 1
| #define HAVE_DECL_STRNLEN 1
| #define HAVE_DECL_DAEMON 1
| #define HAVE_DECL_LE16TOH 1
| #define HAVE_DECL_LE32TOH 1
| #define HAVE_DECL_LE64TOH 1
| #define HAVE_DECL_HTOLE16 1
| #define HAVE_DECL_HTOLE32 1
| #define HAVE_DECL_HTOLE64 1
| #define HAVE_DECL_BE16TOH 1
| #define HAVE_DECL_BE32TOH 1
| #define HAVE_DECL_BE64TOH 1
| #define HAVE_DECL_HTOBE16 1
| #define HAVE_DECL_HTOBE32 1
| #define HAVE_DECL_HTOBE64 1
| #define HAVE_DECL_BSWAP_16 1
| #define HAVE_DECL_BSWAP_32 1
| #define HAVE_DECL_BSWAP_64 1
| #define HAVE_DECL___BUILTIN_CLZ 1
| #define HAVE_DECL___BUILTIN_CLZL 1
| #define HAVE_DECL___BUILTIN_CLZLL 1
| #define HAVE_MSG_NOSIGNAL 1
| #define HAVE_MSG_DONTWAIT 1
| #define HAVE_MALLOC_INFO 1
| #define HAVE_MALLOPT_ARENA_MAX 1
| #define HAVE_VISIBILITY_ATTRIBUTE 1
| #define HAVE_SYS_GETRANDOM 1
| #define HAVE_GETENTROPY 1
| #define HAVE_GETENTROPY_RAND 1
| /* end confdefs.h.  */
| 
|         #include <bdb48/db_cxx.h>
| 
| int
| main (void)
| {
| 
|         #if !((DB_VERSION_MAJOR == 4 && DB_VERSION_MINOR >= 8) || DB_VERSION_MAJOR > 4)
|           #error "failed to find bdb 4.8+"
|         #endif
| 
|   ;
|   return 0;
| }
configure:25190: g++ -std=c++11 -c -g -O2 -Wall -Wextra -Wformat -Wvla -Wformat-security -Wno-unused-parameter -Wno-implicit-fallthrough -fPIC  -DHAVE_BUILD_INFO -D__STDC_FORMAT_MACROS -fPIC conftest.cpp >&5
conftest.cpp:68:18: fatal error: libdb48/db_cxx.h: No such file or directory
   68 |         #include <libdb48/db_cxx.h>
      |                  ^~~~~~~~~~~~~~~~~~
compilation terminated.
configure:25190: $? = 1
configure: failed program was:
| /* confdefs.h */
| #define PACKAGE_NAME "Cephalon Core"
| #define PACKAGE_TARNAME "cephalon"
| #define PACKAGE_VERSION "4.4.4"
| #define PACKAGE_STRING "Cephalon Core 4.4.4"
| #define PACKAGE_BUGREPORT "https://github.com/CephalonChain/Cephalon/issues"
| #define PACKAGE_URL "https://cephalon.net"
| #define HAVE_CXX11 1
| #define HAVE_STDIO_H 1
| #define HAVE_STDLIB_H 1
| #define HAVE_STRING_H 1
| #define HAVE_INTTYPES_H 1
| #define HAVE_STDINT_H 1
| #define HAVE_STRINGS_H 1
| #define HAVE_SYS_STAT_H 1
| #define HAVE_SYS_TYPES_H 1
| #define HAVE_UNISTD_H 1
| #define STDC_HEADERS 1
| #define HAVE_DLFCN_H 1
| #define LT_OBJDIR ".libs/"
| #define USE_ASM 1
| #define HAVE_PTHREAD_PRIO_INHERIT 1
| #define HAVE_PTHREAD 1
| #define HAVE_DECL_STRERROR_R 1
| #define HAVE_STRERROR_R 1
| #define STRERROR_R_CHAR_P 1
| #define HAVE_FUNC_ATTRIBUTE_VISIBILITY 1
| #define HAVE_ENDIAN_H 1
| #define HAVE_BYTESWAP_H 1
| #define HAVE_STDIO_H 1
| #define HAVE_STDLIB_H 1
| #define HAVE_UNISTD_H 1
| #define HAVE_STRINGS_H 1
| #define HAVE_SYS_TYPES_H 1
| #define HAVE_SYS_STAT_H 1
| #define HAVE_SYS_SELECT_H 1
| #define HAVE_SYS_PRCTL_H 1
| #define HAVE_DECL_STRNLEN 1
| #define HAVE_DECL_DAEMON 1
| #define HAVE_DECL_LE16TOH 1
| #define HAVE_DECL_LE32TOH 1
| #define HAVE_DECL_LE64TOH 1
| #define HAVE_DECL_HTOLE16 1
| #define HAVE_DECL_HTOLE32 1
| #define HAVE_DECL_HTOLE64 1
| #define HAVE_DECL_BE16TOH 1
| #define HAVE_DECL_BE32TOH 1
| #define HAVE_DECL_BE64TOH 1
| #define HAVE_DECL_HTOBE16 1
| #define HAVE_DECL_HTOBE32 1
| #define HAVE_DECL_HTOBE64 1
| #define HAVE_DECL_BSWAP_16 1
| #define HAVE_DECL_BSWAP_32 1
| #define HAVE_DECL_BSWAP_64 1
| #define HAVE_DECL___BUILTIN_CLZ 1
| #define HAVE_DECL___BUILTIN_CLZL 1
| #define HAVE_DECL___BUILTIN_CLZLL 1
| #define HAVE_MSG_NOSIGNAL 1
| #define HAVE_MSG_DONTWAIT 1
| #define HAVE_MALLOC_INFO 1
| #define HAVE_MALLOPT_ARENA_MAX 1
| #define HAVE_VISIBILITY_ATTRIBUTE 1
| #define HAVE_SYS_GETRANDOM 1
| #define HAVE_GETENTROPY 1
| #define HAVE_GETENTROPY_RAND 1
| /* end confdefs.h.  */
| 
|         #include <libdb48/db_cxx.h>
| 
| int
| main (void)
| {
| 
|         #if !((DB_VERSION_MAJOR == 4 && DB_VERSION_MINOR >= 8) || DB_VERSION_MAJOR > 4)
|           #error "failed to find bdb 4.8+"
|         #endif
| 
|   ;
|   return 0;
| }
configure:25190: g++ -std=c++11 -c -g -O2 -Wall -Wextra -Wformat -Wvla -Wformat-security -Wno-unused-parameter -Wno-implicit-fallthrough -fPIC  -DHAVE_BUILD_INFO -D__STDC_FORMAT_MACROS -fPIC conftest.cpp >&5
conftest.cpp:68:18: fatal error: db48/db_cxx.h: No such file or directory
   68 |         #include <db48/db_cxx.h>
      |                  ^~~~~~~~~~~~~~~
compilation terminated.
configure:25190: $? = 1
configure: failed program was:
| /* confdefs.h */
| #define PACKAGE_NAME "Cephalon Core"
| #define PACKAGE_TARNAME "cephalon"
| #define PACKAGE_VERSION "4.4.4"
| #define PACKAGE_STRING "Cephalon Core 4.4.4"
| #define PACKAGE_BUGREPORT "https://github.com/CephalonChain/Cephalon/issues"
| #define PACKAGE_URL "https://cephalon.net"
| #define HAVE_CXX11 1
| #define HAVE_STDIO_H 1
| #define HAVE_STDLIB_H 1
| #define HAVE_STRING_H 1
| #define HAVE_INTTYPES_H 1
| #define HAVE_STDINT_H 1
| #define HAVE_STRINGS_H 1
| #define HAVE_SYS_STAT_H 1
| #define HAVE_SYS_TYPES_H 1
| #define HAVE_UNISTD_H 1
| #define STDC_HEADERS 1
| #define HAVE_DLFCN_H 1
| #define LT_OBJDIR ".libs/"
| #define USE_ASM 1
| #define HAVE_PTHREAD_PRIO_INHERIT 1
| #define HAVE_PTHREAD 1
| #define HAVE_DECL_STRERROR_R 1
| #define HAVE_STRERROR_R 1
| #define STRERROR_R_CHAR_P 1
| #define HAVE_FUNC_ATTRIBUTE_VISIBILITY 1
| #define HAVE_ENDIAN_H 1
| #define HAVE_BYTESWAP_H 1
| #define HAVE_STDIO_H 1
| #define HAVE_STDLIB_H 1
| #define HAVE_UNISTD_H 1
| #define HAVE_STRINGS_H 1
| #define HAVE_SYS_TYPES_H 1
| #define HAVE_SYS_STAT_H 1
| #define HAVE_SYS_SELECT_H 1
| #define HAVE_SYS_PRCTL_H 1
| #define HAVE_DECL_STRNLEN 1
| #define HAVE_DECL_DAEMON 1
| #define HAVE_DECL_LE16TOH 1
| #define HAVE_DECL_LE32TOH 1
| #define HAVE_DECL_LE64TOH 1
| #define HAVE_DECL_HTOLE16 1
| #define HAVE_DECL_HTOLE32 1
| #define HAVE_DECL_HTOLE64 1
| #define HAVE_DECL_BE16TOH 1
| #define HAVE_DECL_BE32TOH 1
| #define HAVE_DECL_BE64TOH 1
| #define HAVE_DECL_HTOBE16 1
| #define HAVE_DECL_HTOBE32 1
| #define HAVE_DECL_HTOBE64 1
| #define HAVE_DECL_BSWAP_16 1
| #define HAVE_DECL_BSWAP_32 1
| #define HAVE_DECL_BSWAP_64 1
| #define HAVE_DECL___BUILTIN_CLZ 1
| #define HAVE_DECL___BUILTIN_CLZL 1
| #define HAVE_DECL___BUILTIN_CLZLL 1
| #define HAVE_MSG_NOSIGNAL 1
| #define HAVE_MSG_DONTWAIT 1
| #define HAVE_MALLOC_INFO 1
| #define HAVE_MALLOPT_ARENA_MAX 1
| #define HAVE_VISIBILITY_ATTRIBUTE 1
| #define HAVE_SYS_GETRANDOM 1
| #define HAVE_GETENTROPY 1
| #define HAVE_GETENTROPY_RAND 1
| /* end confdefs.h.  */
| 
|         #include <db48/db_cxx.h>
| 
| int
| main (void)
| {
| 
|         #if !((DB_VERSION_MAJOR == 4 && DB_VERSION_MINOR >= 8) || DB_VERSION_MAJOR > 4)
|           #error "failed to find bdb 4.8+"
|         #endif
| 
|   ;
|   return 0;
| }
configure:25190: g++ -std=c++11 -c -g -O2 -Wall -Wextra -Wformat -Wvla -Wformat-security -Wno-unused-parameter -Wno-implicit-fallthrough -fPIC  -DHAVE_BUILD_INFO -D__STDC_FORMAT_MACROS -fPIC conftest.cpp >&5
conftest.cpp:68:18: fatal error: bdb4/db_cxx.h: No such file or directory
   68 |         #include <bdb4/db_cxx.h>
      |                  ^~~~~~~~~~~~~~~
compilation terminated.
configure:25190: $? = 1
configure: failed program was:
| /* confdefs.h */
| #define PACKAGE_NAME "Cephalon Core"
| #define PACKAGE_TARNAME "cephalon"
| #define PACKAGE_VERSION "4.4.4"
| #define PACKAGE_STRING "Cephalon Core 4.4.4"
| #define PACKAGE_BUGREPORT "https://github.com/CephalonChain/Cephalon/issues"
| #define PACKAGE_URL "https://cephalon.net"
| #define HAVE_CXX11 1
| #define HAVE_STDIO_H 1
| #define HAVE_STDLIB_H 1
| #define HAVE_STRING_H 1
| #define HAVE_INTTYPES_H 1
| #define HAVE_STDINT_H 1
| #define HAVE_STRINGS_H 1
| #define HAVE_SYS_STAT_H 1
| #define HAVE_SYS_TYPES_H 1
| #define HAVE_UNISTD_H 1
| #define STDC_HEADERS 1
| #define HAVE_DLFCN_H 1
| #define LT_OBJDIR ".libs/"
| #define USE_ASM 1
| #define HAVE_PTHREAD_PRIO_INHERIT 1
| #define HAVE_PTHREAD 1
| #define HAVE_DECL_STRERROR_R 1
| #define HAVE_STRERROR_R 1
| #define STRERROR_R_CHAR_P 1
| #define HAVE_FUNC_ATTRIBUTE_VISIBILITY 1
| #define HAVE_ENDIAN_H 1
| #define HAVE_BYTESWAP_H 1
| #define HAVE_STDIO_H 1
| #define HAVE_STDLIB_H 1
| #define HAVE_UNISTD_H 1
| #define HAVE_STRINGS_H 1
| #define HAVE_SYS_TYPES_H 1
| #define HAVE_SYS_STAT_H 1
| #define HAVE_SYS_SELECT_H 1
| #define HAVE_SYS_PRCTL_H 1
| #define HAVE_DECL_STRNLEN 1
| #define HAVE_DECL_DAEMON 1
| #define HAVE_DECL_LE16TOH 1
| #define HAVE_DECL_LE32TOH 1
| #define HAVE_DECL_LE64TOH 1
| #define HAVE_DECL_HTOLE16 1
| #define HAVE_DECL_HTOLE32 1
| #define HAVE_DECL_HTOLE64 1
| #define HAVE_DECL_BE16TOH 1
| #define HAVE_DECL_BE32TOH 1
| #define HAVE_DECL_BE64TOH 1
| #define HAVE_DECL_HTOBE16 1
| #define HAVE_DECL_HTOBE32 1
| #define HAVE_DECL_HTOBE64 1
| #define HAVE_DECL_BSWAP_16 1
| #define HAVE_DECL_BSWAP_32 1
| #define HAVE_DECL_BSWAP_64 1
| #define HAVE_DECL___BUILTIN_CLZ 1
| #define HAVE_DECL___BUILTIN_CLZL 1
| #define HAVE_DECL___BUILTIN_CLZLL 1
| #define HAVE_MSG_NOSIGNAL 1
| #define HAVE_MSG_DONTWAIT 1
| #define HAVE_MALLOC_INFO 1
| #define HAVE_MALLOPT_ARENA_MAX 1
| #define HAVE_VISIBILITY_ATTRIBUTE 1
| #define HAVE_SYS_GETRANDOM 1
| #define HAVE_GETENTROPY 1
| #define HAVE_GETENTROPY_RAND 1
| /* end confdefs.h.  */
| 
|         #include <bdb4/db_cxx.h>
| 
| int
| main (void)
| {
| 
|         #if !((DB_VERSION_MAJOR == 4 && DB_VERSION_MINOR >= 8) || DB_VERSION_MAJOR > 4)
|           #error "failed to find bdb 4.8+"
|         #endif
| 
|   ;
|   return 0;
| }
configure:25190: g++ -std=c++11 -c -g -O2 -Wall -Wextra -Wformat -Wvla -Wformat-security -Wno-unused-parameter -Wno-implicit-fallthrough -fPIC  -DHAVE_BUILD_INFO -D__STDC_FORMAT_MACROS -fPIC conftest.cpp >&5
conftest.cpp:68:18: fatal error: libdb4/db_cxx.h: No such file or directory
   68 |         #include <libdb4/db_cxx.h>
      |                  ^~~~~~~~~~~~~~~~~
compilation terminated.
configure:25190: $? = 1
configure: failed program was:
| /* confdefs.h */
| #define PACKAGE_NAME "Cephalon Core"
| #define PACKAGE_TARNAME "cephalon"
| #define PACKAGE_VERSION "4.4.4"
| #define PACKAGE_STRING "Cephalon Core 4.4.4"
| #define PACKAGE_BUGREPORT "https://github.com/CephalonChain/Cephalon/issues"
| #define PACKAGE_URL "https://cephalon.net"
| #define HAVE_CXX11 1
| #define HAVE_STDIO_H 1
| #define HAVE_STDLIB_H 1
| #define HAVE_STRING_H 1
| #define HAVE_INTTYPES_H 1
| #define HAVE_STDINT_H 1
| #define HAVE_STRINGS_H 1
| #define HAVE_SYS_STAT_H 1
| #define HAVE_SYS_TYPES_H 1
| #define HAVE_UNISTD_H 1
| #define STDC_HEADERS 1
| #define HAVE_DLFCN_H 1
| #define LT_OBJDIR ".libs/"
| #define USE_ASM 1
| #define HAVE_PTHREAD_PRIO_INHERIT 1
| #define HAVE_PTHREAD 1
| #define HAVE_DECL_STRERROR_R 1
| #define HAVE_STRERROR_R 1
| #define STRERROR_R_CHAR_P 1
| #define HAVE_FUNC_ATTRIBUTE_VISIBILITY 1
| #define HAVE_ENDIAN_H 1
| #define HAVE_BYTESWAP_H 1
| #define HAVE_STDIO_H 1
| #define HAVE_STDLIB_H 1
| #define HAVE_UNISTD_H 1
| #define HAVE_STRINGS_H 1
| #define HAVE_SYS_TYPES_H 1
| #define HAVE_SYS_STAT_H 1
| #define HAVE_SYS_SELECT_H 1
| #define HAVE_SYS_PRCTL_H 1
| #define HAVE_DECL_STRNLEN 1
| #define HAVE_DECL_DAEMON 1
| #define HAVE_DECL_LE16TOH 1
| #define HAVE_DECL_LE32TOH 1
| #define HAVE_DECL_LE64TOH 1
| #define HAVE_DECL_HTOLE16 1
| #define HAVE_DECL_HTOLE32 1
| #define HAVE_DECL_HTOLE64 1
| #define HAVE_DECL_BE16TOH 1
| #define HAVE_DECL_BE32TOH 1
| #define HAVE_DECL_BE64TOH 1
| #define HAVE_DECL_HTOBE16 1
| #define HAVE_DECL_HTOBE32 1
| #define HAVE_DECL_HTOBE64 1
| #define HAVE_DECL_BSWAP_16 1
| #define HAVE_DECL_BSWAP_32 1
| #define HAVE_DECL_BSWAP_64 1
| #define HAVE_DECL___BUILTIN_CLZ 1
| #define HAVE_DECL___BUILTIN_CLZL 1
| #define HAVE_DECL___BUILTIN_CLZLL 1
| #define HAVE_MSG_NOSIGNAL 1
| #define HAVE_MSG_DONTWAIT 1
| #define HAVE_MALLOC_INFO 1
| #define HAVE_MALLOPT_ARENA_MAX 1
| #define HAVE_VISIBILITY_ATTRIBUTE 1
| #define HAVE_SYS_GETRANDOM 1
| #define HAVE_GETENTROPY 1
| #define HAVE_GETENTROPY_RAND 1
| /* end confdefs.h.  */
| 
|         #include <libdb4/db_cxx.h>
| 
| int
| main (void)
| {
| 
|         #if !((DB_VERSION_MAJOR == 4 && DB_VERSION_MINOR >= 8) || DB_VERSION_MAJOR > 4)
|           #error "failed to find bdb 4.8+"
|         #endif
| 
|   ;
|   return 0;
| }
configure:25190: g++ -std=c++11 -c -g -O2 -Wall -Wextra -Wformat -Wvla -Wformat-security -Wno-unused-parameter -Wno-implicit-fallthrough -fPIC  -DHAVE_BUILD_INFO -D__STDC_FORMAT_MACROS -fPIC conftest.cpp >&5
conftest.cpp:68:18: fatal error: db4/db_cxx.h: No such file or directory
   68 |         #include <db4/db_cxx.h>
      |                  ^~~~~~~~~~~~~~
compilation terminated.
configure:25190: $? = 1
configure: failed program was:
| /* confdefs.h */
| #define PACKAGE_NAME "Cephalon Core"
| #define PACKAGE_TARNAME "cephalon"
| #define PACKAGE_VERSION "4.4.4"
| #define PACKAGE_STRING "Cephalon Core 4.4.4"
| #define PACKAGE_BUGREPORT "https://github.com/CephalonChain/Cephalon/issues"
| #define PACKAGE_URL "https://cephalon.net"
| #define HAVE_CXX11 1
| #define HAVE_STDIO_H 1
| #define HAVE_STDLIB_H 1
| #define HAVE_STRING_H 1
| #define HAVE_INTTYPES_H 1
| #define HAVE_STDINT_H 1
| #define HAVE_STRINGS_H 1
| #define HAVE_SYS_STAT_H 1
| #define HAVE_SYS_TYPES_H 1
| #define HAVE_UNISTD_H 1
| #define STDC_HEADERS 1
| #define HAVE_DLFCN_H 1
| #define LT_OBJDIR ".libs/"
| #define USE_ASM 1
| #define HAVE_PTHREAD_PRIO_INHERIT 1
| #define HAVE_PTHREAD 1
| #define HAVE_DECL_STRERROR_R 1
| #define HAVE_STRERROR_R 1
| #define STRERROR_R_CHAR_P 1
| #define HAVE_FUNC_ATTRIBUTE_VISIBILITY 1
| #define HAVE_ENDIAN_H 1
| #define HAVE_BYTESWAP_H 1
| #define HAVE_STDIO_H 1
| #define HAVE_STDLIB_H 1
| #define HAVE_UNISTD_H 1
| #define HAVE_STRINGS_H 1
| #define HAVE_SYS_TYPES_H 1
| #define HAVE_SYS_STAT_H 1
| #define HAVE_SYS_SELECT_H 1
| #define HAVE_SYS_PRCTL_H 1
| #define HAVE_DECL_STRNLEN 1
| #define HAVE_DECL_DAEMON 1
| #define HAVE_DECL_LE16TOH 1
| #define HAVE_DECL_LE32TOH 1
| #define HAVE_DECL_LE64TOH 1
| #define HAVE_DECL_HTOLE16 1
| #define HAVE_DECL_HTOLE32 1
| #define HAVE_DECL_HTOLE64 1
| #define HAVE_DECL_BE16TOH 1
| #define HAVE_DECL_BE32TOH 1
| #define HAVE_DECL_BE64TOH 1
| #define HAVE_DECL_HTOBE16 1
| #define HAVE_DECL_HTOBE32 1
| #define HAVE_DECL_HTOBE64 1
| #define HAVE_DECL_BSWAP_16 1
| #define HAVE_DECL_BSWAP_32 1
| #define HAVE_DECL_BSWAP_64 1
| #define HAVE_DECL___BUILTIN_CLZ 1
| #define HAVE_DECL___BUILTIN_CLZL 1
| #define HAVE_DECL___BUILTIN_CLZLL 1
| #define HAVE_MSG_NOSIGNAL 1
| #define HAVE_MSG_DONTWAIT 1
| #define HAVE_MALLOC_INFO 1
| #define HAVE_MALLOPT_ARENA_MAX 1
| #define HAVE_VISIBILITY_ATTRIBUTE 1
| #define HAVE_SYS_GETRANDOM 1
| #define HAVE_GETENTROPY 1
| #define HAVE_GETENTROPY_RAND 1
| /* end confdefs.h.  */
| 
|         #include <db4/db_cxx.h>
| 
| int
| main (void)
| {
| 
|         #if !((DB_VERSION_MAJOR == 4 && DB_VERSION_MINOR >= 8) || DB_VERSION_MAJOR > 4)
|           #error "failed to find bdb 4.8+"
|         #endif
| 
|   ;
|   return 0;
| }
configure:25190: g++ -std=c++11 -c -g -O2 -Wall -Wextra -Wformat -Wvla -Wformat-security -Wno-unused-parameter -Wno-implicit-fallthrough -fPIC  -DHAVE_BUILD_INFO -D__STDC_FORMAT_MACROS -fPIC conftest.cpp >&5
conftest.cpp:68:18: fatal error: bdb5/db_cxx.h: No such file or directory
   68 |         #include <bdb5/db_cxx.h>
      |                  ^~~~~~~~~~~~~~~
compilation terminated.
configure:25190: $? = 1
configure: failed program was:
| /* confdefs.h */
| #define PACKAGE_NAME "Cephalon Core"
| #define PACKAGE_TARNAME "cephalon"
| #define PACKAGE_VERSION "4.4.4"
| #define PACKAGE_STRING "Cephalon Core 4.4.4"
| #define PACKAGE_BUGREPORT "https://github.com/CephalonChain/Cephalon/issues"
| #define PACKAGE_URL "https://cephalon.net"
| #define HAVE_CXX11 1
| #define HAVE_STDIO_H 1
| #define HAVE_STDLIB_H 1
| #define HAVE_STRING_H 1
| #define HAVE_INTTYPES_H 1
| #define HAVE_STDINT_H 1
| #define HAVE_STRINGS_H 1
| #define HAVE_SYS_STAT_H 1
| #define HAVE_SYS_TYPES_H 1
| #define HAVE_UNISTD_H 1
| #define STDC_HEADERS 1
| #define HAVE_DLFCN_H 1
| #define LT_OBJDIR ".libs/"
| #define USE_ASM 1
| #define HAVE_PTHREAD_PRIO_INHERIT 1
| #define HAVE_PTHREAD 1
| #define HAVE_DECL_STRERROR_R 1
| #define HAVE_STRERROR_R 1
| #define STRERROR_R_CHAR_P 1
| #define HAVE_FUNC_ATTRIBUTE_VISIBILITY 1
| #define HAVE_ENDIAN_H 1
| #define HAVE_BYTESWAP_H 1
| #define HAVE_STDIO_H 1
| #define HAVE_STDLIB_H 1
| #define HAVE_UNISTD_H 1
| #define HAVE_STRINGS_H 1
| #define HAVE_SYS_TYPES_H 1
| #define HAVE_SYS_STAT_H 1
| #define HAVE_SYS_SELECT_H 1
| #define HAVE_SYS_PRCTL_H 1
| #define HAVE_DECL_STRNLEN 1
| #define HAVE_DECL_DAEMON 1
| #define HAVE_DECL_LE16TOH 1
| #define HAVE_DECL_LE32TOH 1
| #define HAVE_DECL_LE64TOH 1
| #define HAVE_DECL_HTOLE16 1
| #define HAVE_DECL_HTOLE32 1
| #define HAVE_DECL_HTOLE64 1
| #define HAVE_DECL_BE16TOH 1
| #define HAVE_DECL_BE32TOH 1
| #define HAVE_DECL_BE64TOH 1
| #define HAVE_DECL_HTOBE16 1
| #define HAVE_DECL_HTOBE32 1
| #define HAVE_DECL_HTOBE64 1
| #define HAVE_DECL_BSWAP_16 1
| #define HAVE_DECL_BSWAP_32 1
| #define HAVE_DECL_BSWAP_64 1
| #define HAVE_DECL___BUILTIN_CLZ 1
| #define HAVE_DECL___BUILTIN_CLZL 1
| #define HAVE_DECL___BUILTIN_CLZLL 1
| #define HAVE_MSG_NOSIGNAL 1
| #define HAVE_MSG_DONTWAIT 1
| #define HAVE_MALLOC_INFO 1
| #define HAVE_MALLOPT_ARENA_MAX 1
| #define HAVE_VISIBILITY_ATTRIBUTE 1
| #define HAVE_SYS_GETRANDOM 1
| #define HAVE_GETENTROPY 1
| #define HAVE_GETENTROPY_RAND 1
| /* end confdefs.h.  */
| 
|         #include <bdb5/db_cxx.h>
| 
| int
| main (void)
| {
| 
|         #if !((DB_VERSION_MAJOR == 4 && DB_VERSION_MINOR >= 8) || DB_VERSION_MAJOR > 4)
|           #error "failed to find bdb 4.8+"
|         #endif
| 
|   ;
|   return 0;
| }
configure:25190: g++ -std=c++11 -c -g -O2 -Wall -Wextra -Wformat -Wvla -Wformat-security -Wno-unused-parameter -Wno-implicit-fallthrough -fPIC  -DHAVE_BUILD_INFO -D__STDC_FORMAT_MACROS -fPIC conftest.cpp >&5
conftest.cpp:68:18: fatal error: libdb5/db_cxx.h: No such file or directory
   68 |         #include <libdb5/db_cxx.h>
      |                  ^~~~~~~~~~~~~~~~~
compilation terminated.
configure:25190: $? = 1
configure: failed program was:
| /* confdefs.h */
| #define PACKAGE_NAME "Cephalon Core"
| #define PACKAGE_TARNAME "cephalon"
| #define PACKAGE_VERSION "4.4.4"
| #define PACKAGE_STRING "Cephalon Core 4.4.4"
| #define PACKAGE_BUGREPORT "https://github.com/CephalonChain/Cephalon/issues"
| #define PACKAGE_URL "https://cephalon.net"
| #define HAVE_CXX11 1
| #define HAVE_STDIO_H 1
| #define HAVE_STDLIB_H 1
| #define HAVE_STRING_H 1
| #define HAVE_INTTYPES_H 1
| #define HAVE_STDINT_H 1
| #define HAVE_STRINGS_H 1
| #define HAVE_SYS_STAT_H 1
| #define HAVE_SYS_TYPES_H 1
| #define HAVE_UNISTD_H 1
| #define STDC_HEADERS 1
| #define HAVE_DLFCN_H 1
| #define LT_OBJDIR ".libs/"
| #define USE_ASM 1
| #define HAVE_PTHREAD_PRIO_INHERIT 1
| #define HAVE_PTHREAD 1
| #define HAVE_DECL_STRERROR_R 1
| #define HAVE_STRERROR_R 1
| #define STRERROR_R_CHAR_P 1
| #define HAVE_FUNC_ATTRIBUTE_VISIBILITY 1
| #define HAVE_ENDIAN_H 1
| #define HAVE_BYTESWAP_H 1
| #define HAVE_STDIO_H 1
| #define HAVE_STDLIB_H 1
| #define HAVE_UNISTD_H 1
| #define HAVE_STRINGS_H 1
| #define HAVE_SYS_TYPES_H 1
| #define HAVE_SYS_STAT_H 1
| #define HAVE_SYS_SELECT_H 1
| #define HAVE_SYS_PRCTL_H 1
| #define HAVE_DECL_STRNLEN 1
| #define HAVE_DECL_DAEMON 1
| #define HAVE_DECL_LE16TOH 1
| #define HAVE_DECL_LE32TOH 1
| #define HAVE_DECL_LE64TOH 1
| #define HAVE_DECL_HTOLE16 1
| #define HAVE_DECL_HTOLE32 1
| #define HAVE_DECL_HTOLE64 1
| #define HAVE_DECL_BE16TOH 1
| #define HAVE_DECL_BE32TOH 1
| #define HAVE_DECL_BE64TOH 1
| #define HAVE_DECL_HTOBE16 1
| #define HAVE_DECL_HTOBE32 1
| #define HAVE_DECL_HTOBE64 1
| #define HAVE_DECL_BSWAP_16 1
| #define HAVE_DECL_BSWAP_32 1
| #define HAVE_DECL_BSWAP_64 1
| #define HAVE_DECL___BUILTIN_CLZ 1
| #define HAVE_DECL___BUILTIN_CLZL 1
| #define HAVE_DECL___BUILTIN_CLZLL 1
| #define HAVE_MSG_NOSIGNAL 1
| #define HAVE_MSG_DONTWAIT 1
| #define HAVE_MALLOC_INFO 1
| #define HAVE_MALLOPT_ARENA_MAX 1
| #define HAVE_VISIBILITY_ATTRIBUTE 1
| #define HAVE_SYS_GETRANDOM 1
| #define HAVE_GETENTROPY 1
| #define HAVE_GETENTROPY_RAND 1
| /* end confdefs.h.  */
| 
|         #include <libdb5/db_cxx.h>
| 
| int
| main (void)
| {
| 
|         #if !((DB_VERSION_MAJOR == 4 && DB_VERSION_MINOR >= 8) || DB_VERSION_MAJOR > 4)
|           #error "failed to find bdb 4.8+"
|         #endif
| 
|   ;
|   return 0;
| }
configure:25190: g++ -std=c++11 -c -g -O2 -Wall -Wextra -Wformat -Wvla -Wformat-security -Wno-unused-parameter -Wno-implicit-fallthrough -fPIC  -DHAVE_BUILD_INFO -D__STDC_FORMAT_MACROS -fPIC conftest.cpp >&5
conftest.cpp:68:18: fatal error: db5/db_cxx.h: No such file or directory
   68 |         #include <db5/db_cxx.h>
      |                  ^~~~~~~~~~~~~~
compilation terminated.
configure:25190: $? = 1
configure: failed program was:
| /* confdefs.h */
| #define PACKAGE_NAME "Cephalon Core"
| #define PACKAGE_TARNAME "cephalon"
| #define PACKAGE_VERSION "4.4.4"
| #define PACKAGE_STRING "Cephalon Core 4.4.4"
| #define PACKAGE_BUGREPORT "https://github.com/CephalonChain/Cephalon/issues"
| #define PACKAGE_URL "https://cephalon.net"
| #define HAVE_CXX11 1
| #define HAVE_STDIO_H 1
| #define HAVE_STDLIB_H 1
| #define HAVE_STRING_H 1
| #define HAVE_INTTYPES_H 1
| #define HAVE_STDINT_H 1
| #define HAVE_STRINGS_H 1
| #define HAVE_SYS_STAT_H 1
| #define HAVE_SYS_TYPES_H 1
| #define HAVE_UNISTD_H 1
| #define STDC_HEADERS 1
| #define HAVE_DLFCN_H 1
| #define LT_OBJDIR ".libs/"
| #define USE_ASM 1
| #define HAVE_PTHREAD_PRIO_INHERIT 1
| #define HAVE_PTHREAD 1
| #define HAVE_DECL_STRERROR_R 1
| #define HAVE_STRERROR_R 1
| #define STRERROR_R_CHAR_P 1
| #define HAVE_FUNC_ATTRIBUTE_VISIBILITY 1
| #define HAVE_ENDIAN_H 1
| #define HAVE_BYTESWAP_H 1
| #define HAVE_STDIO_H 1
| #define HAVE_STDLIB_H 1
| #define HAVE_UNISTD_H 1
| #define HAVE_STRINGS_H 1
| #define HAVE_SYS_TYPES_H 1
| #define HAVE_SYS_STAT_H 1
| #define HAVE_SYS_SELECT_H 1
| #define HAVE_SYS_PRCTL_H 1
| #define HAVE_DECL_STRNLEN 1
| #define HAVE_DECL_DAEMON 1
| #define HAVE_DECL_LE16TOH 1
| #define HAVE_DECL_LE32TOH 1
| #define HAVE_DECL_LE64TOH 1
| #define HAVE_DECL_HTOLE16 1
| #define HAVE_DECL_HTOLE32 1
| #define HAVE_DECL_HTOLE64 1
| #define HAVE_DECL_BE16TOH 1
| #define HAVE_DECL_BE32TOH 1
| #define HAVE_DECL_BE64TOH 1
| #define HAVE_DECL_HTOBE16 1
| #define HAVE_DECL_HTOBE32 1
| #define HAVE_DECL_HTOBE64 1
| #define HAVE_DECL_BSWAP_16 1
| #define HAVE_DECL_BSWAP_32 1
| #define HAVE_DECL_BSWAP_64 1
| #define HAVE_DECL___BUILTIN_CLZ 1
| #define HAVE_DECL___BUILTIN_CLZL 1
| #define HAVE_DECL___BUILTIN_CLZLL 1
| #define HAVE_MSG_NOSIGNAL 1
| #define HAVE_MSG_DONTWAIT 1
| #define HAVE_MALLOC_INFO 1
| #define HAVE_MALLOPT_ARENA_MAX 1
| #define HAVE_VISIBILITY_ATTRIBUTE 1
| #define HAVE_SYS_GETRANDOM 1
| #define HAVE_GETENTROPY 1
| #define HAVE_GETENTROPY_RAND 1
| /* end confdefs.h.  */
| 
|         #include <db5/db_cxx.h>
| 
| int
| main (void)
| {
| 
|         #if !((DB_VERSION_MAJOR == 4 && DB_VERSION_MINOR >= 8) || DB_VERSION_MAJOR > 4)
|           #error "failed to find bdb 4.8+"
|         #endif
| 
|   ;
|   return 0;
| }
configure:25190: g++ -std=c++11 -c -g -O2 -Wall -Wextra -Wformat -Wvla -Wformat-security -Wno-unused-parameter -Wno-implicit-fallthrough -fPIC  -DHAVE_BUILD_INFO -D__STDC_FORMAT_MACROS -fPIC conftest.cpp >&5
conftest.cpp:68:18: fatal error: bdb5.3/db_cxx.h: No such file or directory
   68 |         #include <bdb5.3/db_cxx.h>
      |                  ^~~~~~~~~~~~~~~~~
compilation terminated.
configure:25190: $? = 1
configure: failed program was:
| /* confdefs.h */
| #define PACKAGE_NAME "Cephalon Core"
| #define PACKAGE_TARNAME "cephalon"
| #define PACKAGE_VERSION "4.4.4"
| #define PACKAGE_STRING "Cephalon Core 4.4.4"
| #define PACKAGE_BUGREPORT "https://github.com/CephalonChain/Cephalon/issues"
| #define PACKAGE_URL "https://cephalon.net"
| #define HAVE_CXX11 1
| #define HAVE_STDIO_H 1
| #define HAVE_STDLIB_H 1
| #define HAVE_STRING_H 1
| #define HAVE_INTTYPES_H 1
| #define HAVE_STDINT_H 1
| #define HAVE_STRINGS_H 1
| #define HAVE_SYS_STAT_H 1
| #define HAVE_SYS_TYPES_H 1
| #define HAVE_UNISTD_H 1
| #define STDC_HEADERS 1
| #define HAVE_DLFCN_H 1
| #define LT_OBJDIR ".libs/"
| #define USE_ASM 1
| #define HAVE_PTHREAD_PRIO_INHERIT 1
| #define HAVE_PTHREAD 1
| #define HAVE_DECL_STRERROR_R 1
| #define HAVE_STRERROR_R 1
| #define STRERROR_R_CHAR_P 1
| #define HAVE_FUNC_ATTRIBUTE_VISIBILITY 1
| #define HAVE_ENDIAN_H 1
| #define HAVE_BYTESWAP_H 1
| #define HAVE_STDIO_H 1
| #define HAVE_STDLIB_H 1
| #define HAVE_UNISTD_H 1
| #define HAVE_STRINGS_H 1
| #define HAVE_SYS_TYPES_H 1
| #define HAVE_SYS_STAT_H 1
| #define HAVE_SYS_SELECT_H 1
| #define HAVE_SYS_PRCTL_H 1
| #define HAVE_DECL_STRNLEN 1
| #define HAVE_DECL_DAEMON 1
| #define HAVE_DECL_LE16TOH 1
| #define HAVE_DECL_LE32TOH 1
| #define HAVE_DECL_LE64TOH 1
| #define HAVE_DECL_HTOLE16 1
| #define HAVE_DECL_HTOLE32 1
| #define HAVE_DECL_HTOLE64 1
| #define HAVE_DECL_BE16TOH 1
| #define HAVE_DECL_BE32TOH 1
| #define HAVE_DECL_BE64TOH 1
| #define HAVE_DECL_HTOBE16 1
| #define HAVE_DECL_HTOBE32 1
| #define HAVE_DECL_HTOBE64 1
| #define HAVE_DECL_BSWAP_16 1
| #define HAVE_DECL_BSWAP_32 1
| #define HAVE_DECL_BSWAP_64 1
| #define HAVE_DECL___BUILTIN_CLZ 1
| #define HAVE_DECL___BUILTIN_CLZL 1
| #define HAVE_DECL___BUILTIN_CLZLL 1
| #define HAVE_MSG_NOSIGNAL 1
| #define HAVE_MSG_DONTWAIT 1
| #define HAVE_MALLOC_INFO 1
| #define HAVE_MALLOPT_ARENA_MAX 1
| #define HAVE_VISIBILITY_ATTRIBUTE 1
| #define HAVE_SYS_GETRANDOM 1
| #define HAVE_GETENTROPY 1
| #define HAVE_GETENTROPY_RAND 1
| /* end confdefs.h.  */
| 
|         #include <bdb5.3/db_cxx.h>
| 
| int
| main (void)
| {
| 
|         #if !((DB_VERSION_MAJOR == 4 && DB_VERSION_MINOR >= 8) || DB_VERSION_MAJOR > 4)
|           #error "failed to find bdb 4.8+"
|         #endif
| 
|   ;
|   return 0;
| }
configure:25190: g++ -std=c++11 -c -g -O2 -Wall -Wextra -Wformat -Wvla -Wformat-security -Wno-unused-parameter -Wno-implicit-fallthrough -fPIC  -DHAVE_BUILD_INFO -D__STDC_FORMAT_MACROS -fPIC conftest.cpp >&5
conftest.cpp:68:18: fatal error: libdb5.3/db_cxx.h: No such file or directory
   68 |         #include <libdb5.3/db_cxx.h>
      |                  ^~~~~~~~~~~~~~~~~~~
compilation terminated.
configure:25190: $? = 1
configure: failed program was:
| /* confdefs.h */
| #define PACKAGE_NAME "Cephalon Core"
| #define PACKAGE_TARNAME "cephalon"
| #define PACKAGE_VERSION "4.4.4"
| #define PACKAGE_STRING "Cephalon Core 4.4.4"
| #define PACKAGE_BUGREPORT "https://github.com/CephalonChain/Cephalon/issues"
| #define PACKAGE_URL "https://cephalon.net"
| #define HAVE_CXX11 1
| #define HAVE_STDIO_H 1
| #define HAVE_STDLIB_H 1
| #define HAVE_STRING_H 1
| #define HAVE_INTTYPES_H 1
| #define HAVE_STDINT_H 1
| #define HAVE_STRINGS_H 1
| #define HAVE_SYS_STAT_H 1
| #define HAVE_SYS_TYPES_H 1
| #define HAVE_UNISTD_H 1
| #define STDC_HEADERS 1
| #define HAVE_DLFCN_H 1
| #define LT_OBJDIR ".libs/"
| #define USE_ASM 1
| #define HAVE_PTHREAD_PRIO_INHERIT 1
| #define HAVE_PTHREAD 1
| #define HAVE_DECL_STRERROR_R 1
| #define HAVE_STRERROR_R 1
| #define STRERROR_R_CHAR_P 1
| #define HAVE_FUNC_ATTRIBUTE_VISIBILITY 1
| #define HAVE_ENDIAN_H 1
| #define HAVE_BYTESWAP_H 1
| #define HAVE_STDIO_H 1
| #define HAVE_STDLIB_H 1
| #define HAVE_UNISTD_H 1
| #define HAVE_STRINGS_H 1
| #define HAVE_SYS_TYPES_H 1
| #define HAVE_SYS_STAT_H 1
| #define HAVE_SYS_SELECT_H 1
| #define HAVE_SYS_PRCTL_H 1
| #define HAVE_DECL_STRNLEN 1
| #define HAVE_DECL_DAEMON 1
| #define HAVE_DECL_LE16TOH 1
| #define HAVE_DECL_LE32TOH 1
| #define HAVE_DECL_LE64TOH 1
| #define HAVE_DECL_HTOLE16 1
| #define HAVE_DECL_HTOLE32 1
| #define HAVE_DECL_HTOLE64 1
| #define HAVE_DECL_BE16TOH 1
| #define HAVE_DECL_BE32TOH 1
| #define HAVE_DECL_BE64TOH 1
| #define HAVE_DECL_HTOBE16 1
| #define HAVE_DECL_HTOBE32 1
| #define HAVE_DECL_HTOBE64 1
| #define HAVE_DECL_BSWAP_16 1
| #define HAVE_DECL_BSWAP_32 1
| #define HAVE_DECL_BSWAP_64 1
| #define HAVE_DECL___BUILTIN_CLZ 1
| #define HAVE_DECL___BUILTIN_CLZL 1
| #define HAVE_DECL___BUILTIN_CLZLL 1
| #define HAVE_MSG_NOSIGNAL 1
| #define HAVE_MSG_DONTWAIT 1
| #define HAVE_MALLOC_INFO 1
| #define HAVE_MALLOPT_ARENA_MAX 1
| #define HAVE_VISIBILITY_ATTRIBUTE 1
| #define HAVE_SYS_GETRANDOM 1
| #define HAVE_GETENTROPY 1
| #define HAVE_GETENTROPY_RAND 1
| /* end confdefs.h.  */
| 
|         #include <libdb5.3/db_cxx.h>
| 
| int
| main (void)
| {
| 
|         #if !((DB_VERSION_MAJOR == 4 && DB_VERSION_MINOR >= 8) || DB_VERSION_MAJOR > 4)
|           #error "failed to find bdb 4.8+"
|         #endif
| 
|   ;
|   return 0;
| }
configure:25190: g++ -std=c++11 -c -g -O2 -Wall -Wextra -Wformat -Wvla -Wformat-security -Wno-unused-parameter -Wno-implicit-fallthrough -fPIC  -DHAVE_BUILD_INFO -D__STDC_FORMAT_MACROS -fPIC conftest.cpp >&5
conftest.cpp:68:18: fatal error: db5.3/db_cxx.h: No such file or directory
   68 |         #include <db5.3/db_cxx.h>
      |                  ^~~~~~~~~~~~~~~~
compilation terminated.
configure:25190: $? = 1
configure: failed program was:
| /* confdefs.h */
| #define PACKAGE_NAME "Cephalon Core"
| #define PACKAGE_TARNAME "cephalon"
| #define PACKAGE_VERSION "4.4.4"
| #define PACKAGE_STRING "Cephalon Core 4.4.4"
| #define PACKAGE_BUGREPORT "https://github.com/CephalonChain/Cephalon/issues"
| #define PACKAGE_URL "https://cephalon.net"
| #define HAVE_CXX11 1
| #define HAVE_STDIO_H 1
| #define HAVE_STDLIB_H 1
| #define HAVE_STRING_H 1
| #define HAVE_INTTYPES_H 1
| #define HAVE_STDINT_H 1
| #define HAVE_STRINGS_H 1
| #define HAVE_SYS_STAT_H 1
| #define HAVE_SYS_TYPES_H 1
| #define HAVE_UNISTD_H 1
| #define STDC_HEADERS 1
| #define HAVE_DLFCN_H 1
| #define LT_OBJDIR ".libs/"
| #define USE_ASM 1
| #define HAVE_PTHREAD_PRIO_INHERIT 1
| #define HAVE_PTHREAD 1
| #define HAVE_DECL_STRERROR_R 1
| #define HAVE_STRERROR_R 1
| #define STRERROR_R_CHAR_P 1
| #define HAVE_FUNC_ATTRIBUTE_VISIBILITY 1
| #define HAVE_ENDIAN_H 1
| #define HAVE_BYTESWAP_H 1
| #define HAVE_STDIO_H 1
| #define HAVE_STDLIB_H 1
| #define HAVE_UNISTD_H 1
| #define HAVE_STRINGS_H 1
| #define HAVE_SYS_TYPES_H 1
| #define HAVE_SYS_STAT_H 1
| #define HAVE_SYS_SELECT_H 1
| #define HAVE_SYS_PRCTL_H 1
| #define HAVE_DECL_STRNLEN 1
| #define HAVE_DECL_DAEMON 1
| #define HAVE_DECL_LE16TOH 1
| #define HAVE_DECL_LE32TOH 1
| #define HAVE_DECL_LE64TOH 1
| #define HAVE_DECL_HTOLE16 1
| #define HAVE_DECL_HTOLE32 1
| #define HAVE_DECL_HTOLE64 1
| #define HAVE_DECL_BE16TOH 1
| #define HAVE_DECL_BE32TOH 1
| #define HAVE_DECL_BE64TOH 1
| #define HAVE_DECL_HTOBE16 1
| #define HAVE_DECL_HTOBE32 1
| #define HAVE_DECL_HTOBE64 1
| #define HAVE_DECL_BSWAP_16 1
| #define HAVE_DECL_BSWAP_32 1
| #define HAVE_DECL_BSWAP_64 1
| #define HAVE_DECL___BUILTIN_CLZ 1
| #define HAVE_DECL___BUILTIN_CLZL 1
| #define HAVE_DECL___BUILTIN_CLZLL 1
| #define HAVE_MSG_NOSIGNAL 1
| #define HAVE_MSG_DONTWAIT 1
| #define HAVE_MALLOC_INFO 1
| #define HAVE_MALLOPT_ARENA_MAX 1
| #define HAVE_VISIBILITY_ATTRIBUTE 1
| #define HAVE_SYS_GETRANDOM 1
| #define HAVE_GETENTROPY 1
| #define HAVE_GETENTROPY_RAND 1
| /* end confdefs.h.  */
| 
|         #include <db5.3/db_cxx.h>
| 
| int
| main (void)
| {
| 
|         #if !((DB_VERSION_MAJOR == 4 && DB_VERSION_MINOR >= 8) || DB_VERSION_MAJOR > 4)
|           #error "failed to find bdb 4.8+"
|         #endif
| 
|   ;
|   return 0;
| }
configure:25190: g++ -std=c++11 -c -g -O2 -Wall -Wextra -Wformat -Wvla -Wformat-security -Wno-unused-parameter -Wno-implicit-fallthrough -fPIC  -DHAVE_BUILD_INFO -D__STDC_FORMAT_MACROS -fPIC conftest.cpp >&5
conftest.cpp:68:18: fatal error: bdb/db_cxx.h: No such file or directory
   68 |         #include <bdb/db_cxx.h>
      |                  ^~~~~~~~~~~~~~
compilation terminated.
configure:25190: $? = 1
configure: failed program was:
| /* confdefs.h */
| #define PACKAGE_NAME "Cephalon Core"
| #define PACKAGE_TARNAME "cephalon"
| #define PACKAGE_VERSION "4.4.4"
| #define PACKAGE_STRING "Cephalon Core 4.4.4"
| #define PACKAGE_BUGREPORT "https://github.com/CephalonChain/Cephalon/issues"
| #define PACKAGE_URL "https://cephalon.net"
| #define HAVE_CXX11 1
| #define HAVE_STDIO_H 1
| #define HAVE_STDLIB_H 1
| #define HAVE_STRING_H 1
| #define HAVE_INTTYPES_H 1
| #define HAVE_STDINT_H 1
| #define HAVE_STRINGS_H 1
| #define HAVE_SYS_STAT_H 1
| #define HAVE_SYS_TYPES_H 1
| #define HAVE_UNISTD_H 1
| #define STDC_HEADERS 1
| #define HAVE_DLFCN_H 1
| #define LT_OBJDIR ".libs/"
| #define USE_ASM 1
| #define HAVE_PTHREAD_PRIO_INHERIT 1
| #define HAVE_PTHREAD 1
| #define HAVE_DECL_STRERROR_R 1
| #define HAVE_STRERROR_R 1
| #define STRERROR_R_CHAR_P 1
| #define HAVE_FUNC_ATTRIBUTE_VISIBILITY 1
| #define HAVE_ENDIAN_H 1
| #define HAVE_BYTESWAP_H 1
| #define HAVE_STDIO_H 1
| #define HAVE_STDLIB_H 1
| #define HAVE_UNISTD_H 1
| #define HAVE_STRINGS_H 1
| #define HAVE_SYS_TYPES_H 1
| #define HAVE_SYS_STAT_H 1
| #define HAVE_SYS_SELECT_H 1
| #define HAVE_SYS_PRCTL_H 1
| #define HAVE_DECL_STRNLEN 1
| #define HAVE_DECL_DAEMON 1
| #define HAVE_DECL_LE16TOH 1
| #define HAVE_DECL_LE32TOH 1
| #define HAVE_DECL_LE64TOH 1
| #define HAVE_DECL_HTOLE16 1
| #define HAVE_DECL_HTOLE32 1
| #define HAVE_DECL_HTOLE64 1
| #define HAVE_DECL_BE16TOH 1
| #define HAVE_DECL_BE32TOH 1
| #define HAVE_DECL_BE64TOH 1
| #define HAVE_DECL_HTOBE16 1
| #define HAVE_DECL_HTOBE32 1
| #define HAVE_DECL_HTOBE64 1
| #define HAVE_DECL_BSWAP_16 1
| #define HAVE_DECL_BSWAP_32 1
| #define HAVE_DECL_BSWAP_64 1
| #define HAVE_DECL___BUILTIN_CLZ 1
| #define HAVE_DECL___BUILTIN_CLZL 1
| #define HAVE_DECL___BUILTIN_CLZLL 1
| #define HAVE_MSG_NOSIGNAL 1
| #define HAVE_MSG_DONTWAIT 1
| #define HAVE_MALLOC_INFO 1
| #define HAVE_MALLOPT_ARENA_MAX 1
| #define HAVE_VISIBILITY_ATTRIBUTE 1
| #define HAVE_SYS_GETRANDOM 1
| #define HAVE_GETENTROPY 1
| #define HAVE_GETENTROPY_RAND 1
| /* end confdefs.h.  */
| 
|         #include <bdb/db_cxx.h>
| 
| int
| main (void)
| {
| 
|         #if !((DB_VERSION_MAJOR == 4 && DB_VERSION_MINOR >= 8) || DB_VERSION_MAJOR > 4)
|           #error "failed to find bdb 4.8+"
|         #endif
| 
|   ;
|   return 0;
| }
configure:25190: g++ -std=c++11 -c -g -O2 -Wall -Wextra -Wformat -Wvla -Wformat-security -Wno-unused-parameter -Wno-implicit-fallthrough -fPIC  -DHAVE_BUILD_INFO -D__STDC_FORMAT_MACROS -fPIC conftest.cpp >&5
conftest.cpp:68:18: fatal error: libdb/db_cxx.h: No such file or directory
   68 |         #include <libdb/db_cxx.h>
      |                  ^~~~~~~~~~~~~~~~
compilation terminated.
configure:25190: $? = 1
configure: failed program was:
| /* confdefs.h */
| #define PACKAGE_NAME "Cephalon Core"
| #define PACKAGE_TARNAME "cephalon"
| #define PACKAGE_VERSION "4.4.4"
| #define PACKAGE_STRING "Cephalon Core 4.4.4"
| #define PACKAGE_BUGREPORT "https://github.com/CephalonChain/Cephalon/issues"
| #define PACKAGE_URL "https://cephalon.net"
| #define HAVE_CXX11 1
| #define HAVE_STDIO_H 1
| #define HAVE_STDLIB_H 1
| #define HAVE_STRING_H 1
| #define HAVE_INTTYPES_H 1
| #define HAVE_STDINT_H 1
| #define HAVE_STRINGS_H 1
| #define HAVE_SYS_STAT_H 1
| #define HAVE_SYS_TYPES_H 1
| #define HAVE_UNISTD_H 1
| #define STDC_HEADERS 1
| #define HAVE_DLFCN_H 1
| #define LT_OBJDIR ".libs/"
| #define USE_ASM 1
| #define HAVE_PTHREAD_PRIO_INHERIT 1
| #define HAVE_PTHREAD 1
| #define HAVE_DECL_STRERROR_R 1
| #define HAVE_STRERROR_R 1
| #define STRERROR_R_CHAR_P 1
| #define HAVE_FUNC_ATTRIBUTE_VISIBILITY 1
| #define HAVE_ENDIAN_H 1
| #define HAVE_BYTESWAP_H 1
| #define HAVE_STDIO_H 1
| #define HAVE_STDLIB_H 1
| #define HAVE_UNISTD_H 1
| #define HAVE_STRINGS_H 1
| #define HAVE_SYS_TYPES_H 1
| #define HAVE_SYS_STAT_H 1
| #define HAVE_SYS_SELECT_H 1
| #define HAVE_SYS_PRCTL_H 1
| #define HAVE_DECL_STRNLEN 1
| #define HAVE_DECL_DAEMON 1
| #define HAVE_DECL_LE16TOH 1
| #define HAVE_DECL_LE32TOH 1
| #define HAVE_DECL_LE64TOH 1
| #define HAVE_DECL_HTOLE16 1
| #define HAVE_DECL_HTOLE32 1
| #define HAVE_DECL_HTOLE64 1
| #define HAVE_DECL_BE16TOH 1
| #define HAVE_DECL_BE32TOH 1
| #define HAVE_DECL_BE64TOH 1
| #define HAVE_DECL_HTOBE16 1
| #define HAVE_DECL_HTOBE32 1
| #define HAVE_DECL_HTOBE64 1
| #define HAVE_DECL_BSWAP_16 1
| #define HAVE_DECL_BSWAP_32 1
| #define HAVE_DECL_BSWAP_64 1
| #define HAVE_DECL___BUILTIN_CLZ 1
| #define HAVE_DECL___BUILTIN_CLZL 1
| #define HAVE_DECL___BUILTIN_CLZLL 1
| #define HAVE_MSG_NOSIGNAL 1
| #define HAVE_MSG_DONTWAIT 1
| #define HAVE_MALLOC_INFO 1
| #define HAVE_MALLOPT_ARENA_MAX 1
| #define HAVE_VISIBILITY_ATTRIBUTE 1
| #define HAVE_SYS_GETRANDOM 1
| #define HAVE_GETENTROPY 1
| #define HAVE_GETENTROPY_RAND 1
| /* end confdefs.h.  */
| 
|         #include <libdb/db_cxx.h>
| 
| int
| main (void)
| {
| 
|         #if !((DB_VERSION_MAJOR == 4 && DB_VERSION_MINOR >= 8) || DB_VERSION_MAJOR > 4)
|           #error "failed to find bdb 4.8+"
|         #endif
| 
|   ;
|   return 0;
| }
configure:25190: g++ -std=c++11 -c -g -O2 -Wall -Wextra -Wformat -Wvla -Wformat-security -Wno-unused-parameter -Wno-implicit-fallthrough -fPIC  -DHAVE_BUILD_INFO -D__STDC_FORMAT_MACROS -fPIC conftest.cpp >&5
conftest.cpp:68:18: fatal error: db/db_cxx.h: No such file or directory
   68 |         #include <db/db_cxx.h>
      |                  ^~~~~~~~~~~~~
compilation terminated.
configure:25190: $? = 1
configure: failed program was:
| /* confdefs.h */
| #define PACKAGE_NAME "Cephalon Core"
| #define PACKAGE_TARNAME "cephalon"
| #define PACKAGE_VERSION "4.4.4"
| #define PACKAGE_STRING "Cephalon Core 4.4.4"
| #define PACKAGE_BUGREPORT "https://github.com/CephalonChain/Cephalon/issues"
| #define PACKAGE_URL "https://cephalon.net"
| #define HAVE_CXX11 1
| #define HAVE_STDIO_H 1
| #define HAVE_STDLIB_H 1
| #define HAVE_STRING_H 1
| #define HAVE_INTTYPES_H 1
| #define HAVE_STDINT_H 1
| #define HAVE_STRINGS_H 1
| #define HAVE_SYS_STAT_H 1
| #define HAVE_SYS_TYPES_H 1
| #define HAVE_UNISTD_H 1
| #define STDC_HEADERS 1
| #define HAVE_DLFCN_H 1
| #define LT_OBJDIR ".libs/"
| #define USE_ASM 1
| #define HAVE_PTHREAD_PRIO_INHERIT 1
| #define HAVE_PTHREAD 1
| #define HAVE_DECL_STRERROR_R 1
| #define HAVE_STRERROR_R 1
| #define STRERROR_R_CHAR_P 1
| #define HAVE_FUNC_ATTRIBUTE_VISIBILITY 1
| #define HAVE_ENDIAN_H 1
| #define HAVE_BYTESWAP_H 1
| #define HAVE_STDIO_H 1
| #define HAVE_STDLIB_H 1
| #define HAVE_UNISTD_H 1
| #define HAVE_STRINGS_H 1
| #define HAVE_SYS_TYPES_H 1
| #define HAVE_SYS_STAT_H 1
| #define HAVE_SYS_SELECT_H 1
| #define HAVE_SYS_PRCTL_H 1
| #define HAVE_DECL_STRNLEN 1
| #define HAVE_DECL_DAEMON 1
| #define HAVE_DECL_LE16TOH 1
| #define HAVE_DECL_LE32TOH 1
| #define HAVE_DECL_LE64TOH 1
| #define HAVE_DECL_HTOLE16 1
| #define HAVE_DECL_HTOLE32 1
| #define HAVE_DECL_HTOLE64 1
| #define HAVE_DECL_BE16TOH 1
| #define HAVE_DECL_BE32TOH 1
| #define HAVE_DECL_BE64TOH 1
| #define HAVE_DECL_HTOBE16 1
| #define HAVE_DECL_HTOBE32 1
| #define HAVE_DECL_HTOBE64 1
| #define HAVE_DECL_BSWAP_16 1
| #define HAVE_DECL_BSWAP_32 1
| #define HAVE_DECL_BSWAP_64 1
| #define HAVE_DECL___BUILTIN_CLZ 1
| #define HAVE_DECL___BUILTIN_CLZL 1
| #define HAVE_DECL___BUILTIN_CLZLL 1
| #define HAVE_MSG_NOSIGNAL 1
| #define HAVE_MSG_DONTWAIT 1
| #define HAVE_MALLOC_INFO 1
| #define HAVE_MALLOPT_ARENA_MAX 1
| #define HAVE_VISIBILITY_ATTRIBUTE 1
| #define HAVE_SYS_GETRANDOM 1
| #define HAVE_GETENTROPY 1
| #define HAVE_GETENTROPY_RAND 1
| /* end confdefs.h.  */
| 
|         #include <db/db_cxx.h>
| 
| int
| main (void)
| {
| 
|         #if !((DB_VERSION_MAJOR == 4 && DB_VERSION_MINOR >= 8) || DB_VERSION_MAJOR > 4)
|           #error "failed to find bdb 4.8+"
|         #endif
| 
|   ;
|   return 0;
| }
configure:25190: g++ -std=c++11 -c -g -O2 -Wall -Wextra -Wformat -Wvla -Wformat-security -Wno-unused-parameter -Wno-implicit-fallthrough -fPIC  -DHAVE_BUILD_INFO -D__STDC_FORMAT_MACROS -fPIC conftest.cpp >&5
configure:25190: $? = 0
configure:25220: g++ -std=c++11 -c -g -O2 -Wall -Wextra -Wformat -Wvla -Wformat-security -Wno-unused-parameter -Wno-implicit-fallthrough -fPIC  -DHAVE_BUILD_INFO -D__STDC_FORMAT_MACROS -fPIC conftest.cpp >&5
conftest.cpp:75:12: error: #error "failed to find bdb 4.8"
   75 |           #error "failed to find bdb 4.8"
      |            ^~~~~
configure:25220: $? = 1
configure: failed program was:
| /* confdefs.h */
| #define PACKAGE_NAME "Cephalon Core"
| #define PACKAGE_TARNAME "cephalon"
| #define PACKAGE_VERSION "4.4.4"
| #define PACKAGE_STRING "Cephalon Core 4.4.4"
| #define PACKAGE_BUGREPORT "https://github.com/CephalonChain/Cephalon/issues"
| #define PACKAGE_URL "https://cephalon.net"
| #define HAVE_CXX11 1
| #define HAVE_STDIO_H 1
| #define HAVE_STDLIB_H 1
| #define HAVE_STRING_H 1
| #define HAVE_INTTYPES_H 1
| #define HAVE_STDINT_H 1
| #define HAVE_STRINGS_H 1
| #define HAVE_SYS_STAT_H 1
| #define HAVE_SYS_TYPES_H 1
| #define HAVE_UNISTD_H 1
| #define STDC_HEADERS 1
| #define HAVE_DLFCN_H 1
| #define LT_OBJDIR ".libs/"
| #define USE_ASM 1
| #define HAVE_PTHREAD_PRIO_INHERIT 1
| #define HAVE_PTHREAD 1
| #define HAVE_DECL_STRERROR_R 1
| #define HAVE_STRERROR_R 1
| #define STRERROR_R_CHAR_P 1
| #define HAVE_FUNC_ATTRIBUTE_VISIBILITY 1
| #define HAVE_ENDIAN_H 1
| #define HAVE_BYTESWAP_H 1
| #define HAVE_STDIO_H 1
| #define HAVE_STDLIB_H 1
| #define HAVE_UNISTD_H 1
| #define HAVE_STRINGS_H 1
| #define HAVE_SYS_TYPES_H 1
| #define HAVE_SYS_STAT_H 1
| #define HAVE_SYS_SELECT_H 1
| #define HAVE_SYS_PRCTL_H 1
| #define HAVE_DECL_STRNLEN 1
| #define HAVE_DECL_DAEMON 1
| #define HAVE_DECL_LE16TOH 1
| #define HAVE_DECL_LE32TOH 1
| #define HAVE_DECL_LE64TOH 1
| #define HAVE_DECL_HTOLE16 1
| #define HAVE_DECL_HTOLE32 1
| #define HAVE_DECL_HTOLE64 1
| #define HAVE_DECL_BE16TOH 1
| #define HAVE_DECL_BE32TOH 1
| #define HAVE_DECL_BE64TOH 1
| #define HAVE_DECL_HTOBE16 1
| #define HAVE_DECL_HTOBE32 1
| #define HAVE_DECL_HTOBE64 1
| #define HAVE_DECL_BSWAP_16 1
| #define HAVE_DECL_BSWAP_32 1
| #define HAVE_DECL_BSWAP_64 1
| #define HAVE_DECL___BUILTIN_CLZ 1
| #define HAVE_DECL___BUILTIN_CLZL 1
| #define HAVE_DECL___BUILTIN_CLZLL 1
| #define HAVE_MSG_NOSIGNAL 1
| #define HAVE_MSG_DONTWAIT 1
| #define HAVE_MALLOC_INFO 1
| #define HAVE_MALLOPT_ARENA_MAX 1
| #define HAVE_VISIBILITY_ATTRIBUTE 1
| #define HAVE_SYS_GETRANDOM 1
| #define HAVE_GETENTROPY 1
| #define HAVE_GETENTROPY_RAND 1
| /* end confdefs.h.  */
| 
|         #include <db_cxx.h>
| 
| int
| main (void)
| {
| 
|         #if !(DB_VERSION_MAJOR == 4 && DB_VERSION_MINOR == 8)
|           #error "failed to find bdb 4.8"
|         #endif
| 
|   ;
|   return 0;
| }
configure:25236: result: default
configure:25253: WARNING: Found Berkeley DB other than 4.8; wallets opened by this build will not be portable!
configure:25288: checking for main in -ldb_cxx-4.8
configure:25310: g++ -std=c++11 -o conftest -g -O2 -Wall -Wextra -Wformat -Wvla -Wformat-security -Wno-unused-parameter -Wno-implicit-fallthrough -fPIC  -DHAVE_BUILD_INFO -D__STDC_FORMAT_MACROS -fPIC  conftest.cpp -ldb_cxx-4.8   >&5
/usr/bin/ld: cannot find -ldb_cxx-4.8: No such file or directory
collect2: error: ld returned 1 exit status
configure:25310: $? = 1
configure: failed program was:
| /* confdefs.h */
| #define PACKAGE_NAME "Cephalon Core"
| #define PACKAGE_TARNAME "cephalon"
| #define PACKAGE_VERSION "4.4.4"
| #define PACKAGE_STRING "Cephalon Core 4.4.4"
| #define PACKAGE_BUGREPORT "https://github.com/CephalonChain/Cephalon/issues"
| #define PACKAGE_URL "https://cephalon.net"
| #define HAVE_CXX11 1
| #define HAVE_STDIO_H 1
| #define HAVE_STDLIB_H 1
| #define HAVE_STRING_H 1
| #define HAVE_INTTYPES_H 1
| #define HAVE_STDINT_H 1
| #define HAVE_STRINGS_H 1
| #define HAVE_SYS_STAT_H 1
| #define HAVE_SYS_TYPES_H 1
| #define HAVE_UNISTD_H 1
| #define STDC_HEADERS 1
| #define HAVE_DLFCN_H 1
| #define LT_OBJDIR ".libs/"
| #define USE_ASM 1
| #define HAVE_PTHREAD_PRIO_INHERIT 1
| #define HAVE_PTHREAD 1
| #define HAVE_DECL_STRERROR_R 1
| #define HAVE_STRERROR_R 1
| #define STRERROR_R_CHAR_P 1
| #define HAVE_FUNC_ATTRIBUTE_VISIBILITY 1
| #define HAVE_ENDIAN_H 1
| #define HAVE_BYTESWAP_H 1
| #define HAVE_STDIO_H 1
| #define HAVE_STDLIB_H 1
| #define HAVE_UNISTD_H 1
| #define HAVE_STRINGS_H 1
| #define HAVE_SYS_TYPES_H 1
| #define HAVE_SYS_STAT_H 1
| #define HAVE_SYS_SELECT_H 1
| #define HAVE_SYS_PRCTL_H 1
| #define HAVE_DECL_STRNLEN 1
| #define HAVE_DECL_DAEMON 1
| #define HAVE_DECL_LE16TOH 1
| #define HAVE_DECL_LE32TOH 1
| #define HAVE_DECL_LE64TOH 1
| #define HAVE_DECL_HTOLE16 1
| #define HAVE_DECL_HTOLE32 1
| #define HAVE_DECL_HTOLE64 1
| #define HAVE_DECL_BE16TOH 1
| #define HAVE_DECL_BE32TOH 1
| #define HAVE_DECL_BE64TOH 1
| #define HAVE_DECL_HTOBE16 1
| #define HAVE_DECL_HTOBE32 1
| #define HAVE_DECL_HTOBE64 1
| #define HAVE_DECL_BSWAP_16 1
| #define HAVE_DECL_BSWAP_32 1
| #define HAVE_DECL_BSWAP_64 1
| #define HAVE_DECL___BUILTIN_CLZ 1
| #define HAVE_DECL___BUILTIN_CLZL 1
| #define HAVE_DECL___BUILTIN_CLZLL 1
| #define HAVE_MSG_NOSIGNAL 1
| #define HAVE_MSG_DONTWAIT 1
| #define HAVE_MALLOC_INFO 1
| #define HAVE_MALLOPT_ARENA_MAX 1
| #define HAVE_VISIBILITY_ATTRIBUTE 1
| #define HAVE_SYS_GETRANDOM 1
| #define HAVE_GETENTROPY 1
| #define HAVE_GETENTROPY_RAND 1
| /* end confdefs.h.  */
| 
| namespace conftest {
|   extern "C" int main ();
| }
| int
| main (void)
| {
| return conftest::main ();
|   ;
|   return 0;
| }
configure:25321: result: no
configure:25288: checking for main in -ldb_cxx
configure:25310: g++ -std=c++11 -o conftest -g -O2 -Wall -Wextra -Wformat -Wvla -Wformat-security -Wno-unused-parameter -Wno-implicit-fallthrough -fPIC  -DHAVE_BUILD_INFO -D__STDC_FORMAT_MACROS -fPIC  conftest.cpp -ldb_cxx   >&5
configure:25310: $? = 0
configure:25321: result: yes
configure:25344: checking for miniupnpc/miniwget.h
configure:25344: g++ -std=c++11 -c -g -O2 -Wall -Wextra -Wformat -Wvla -Wformat-security -Wno-unused-parameter -Wno-implicit-fallthrough -fPIC  -DHAVE_BUILD_INFO -D__STDC_FORMAT_MACROS -fPIC conftest.cpp >&5
conftest.cpp:95:10: fatal error: miniupnpc/miniwget.h: No such file or directory
   95 | #include <miniupnpc/miniwget.h>
      |          ^~~~~~~~~~~~~~~~~~~~~~
compilation terminated.
configure:25344: $? = 1
configure: failed program was:
| /* confdefs.h */
| #define PACKAGE_NAME "Cephalon Core"
| #define PACKAGE_TARNAME "cephalon"
| #define PACKAGE_VERSION "4.4.4"
| #define PACKAGE_STRING "Cephalon Core 4.4.4"
| #define PACKAGE_BUGREPORT "https://github.com/CephalonChain/Cephalon/issues"
| #define PACKAGE_URL "https://cephalon.net"
| #define HAVE_CXX11 1
| #define HAVE_STDIO_H 1
| #define HAVE_STDLIB_H 1
| #define HAVE_STRING_H 1
| #define HAVE_INTTYPES_H 1
| #define HAVE_STDINT_H 1
| #define HAVE_STRINGS_H 1
| #define HAVE_SYS_STAT_H 1
| #define HAVE_SYS_TYPES_H 1
| #define HAVE_UNISTD_H 1
| #define STDC_HEADERS 1
| #define HAVE_DLFCN_H 1
| #define LT_OBJDIR ".libs/"
| #define USE_ASM 1
| #define HAVE_PTHREAD_PRIO_INHERIT 1
| #define HAVE_PTHREAD 1
| #define HAVE_DECL_STRERROR_R 1
| #define HAVE_STRERROR_R 1
| #define STRERROR_R_CHAR_P 1
| #define HAVE_FUNC_ATTRIBUTE_VISIBILITY 1
| #define HAVE_ENDIAN_H 1
| #define HAVE_BYTESWAP_H 1
| #define HAVE_STDIO_H 1
| #define HAVE_STDLIB_H 1
| #define HAVE_UNISTD_H 1
| #define HAVE_STRINGS_H 1
| #define HAVE_SYS_TYPES_H 1
| #define HAVE_SYS_STAT_H 1
| #define HAVE_SYS_SELECT_H 1
| #define HAVE_SYS_PRCTL_H 1
| #define HAVE_DECL_STRNLEN 1
| #define HAVE_DECL_DAEMON 1
| #define HAVE_DECL_LE16TOH 1
| #define HAVE_DECL_LE32TOH 1
| #define HAVE_DECL_LE64TOH 1
| #define HAVE_DECL_HTOLE16 1
| #define HAVE_DECL_HTOLE32 1
| #define HAVE_DECL_HTOLE64 1
| #define HAVE_DECL_BE16TOH 1
| #define HAVE_DECL_BE32TOH 1
| #define HAVE_DECL_BE64TOH 1
| #define HAVE_DECL_HTOBE16 1
| #define HAVE_DECL_HTOBE32 1
| #define HAVE_DECL_HTOBE64 1
| #define HAVE_DECL_BSWAP_16 1
| #define HAVE_DECL_BSWAP_32 1
| #define HAVE_DECL_BSWAP_64 1
| #define HAVE_DECL___BUILTIN_CLZ 1
| #define HAVE_DECL___BUILTIN_CLZL 1
| #define HAVE_DECL___BUILTIN_CLZLL 1
| #define HAVE_MSG_NOSIGNAL 1
| #define HAVE_MSG_DONTWAIT 1
| #define HAVE_MALLOC_INFO 1
| #define HAVE_MALLOPT_ARENA_MAX 1
| #define HAVE_VISIBILITY_ATTRIBUTE 1
| #define HAVE_SYS_GETRANDOM 1
| #define HAVE_GETENTROPY 1
| #define HAVE_GETENTROPY_RAND 1
| /* end confdefs.h.  */
| #include <stddef.h>
| #ifdef HAVE_STDIO_H
| # include <stdio.h>
| #endif
| #ifdef HAVE_STDLIB_H
| # include <stdlib.h>
| #endif
| #ifdef HAVE_STRING_H
| # include <string.h>
| #endif
| #ifdef HAVE_INTTYPES_H
| # include <inttypes.h>
| #endif
| #ifdef HAVE_STDINT_H
| # include <stdint.h>
| #endif
| #ifdef HAVE_STRINGS_H
| # include <strings.h>
| #endif
| #ifdef HAVE_SYS_TYPES_H
| # include <sys/types.h>
| #endif
| #ifdef HAVE_SYS_STAT_H
| # include <sys/stat.h>
| #endif
| #ifdef HAVE_UNISTD_H
| # include <unistd.h>
| #endif
| #include <miniupnpc/miniwget.h>
configure:25344: result: no
configure:25344: checking for miniupnpc/miniupnpc.h
configure:25344: g++ -std=c++11 -c -g -O2 -Wall -Wextra -Wformat -Wvla -Wformat-security -Wno-unused-parameter -Wno-implicit-fallthrough -fPIC  -DHAVE_BUILD_INFO -D__STDC_FORMAT_MACROS -fPIC conftest.cpp >&5
conftest.cpp:95:10: fatal error: miniupnpc/miniupnpc.h: No such file or directory
   95 | #include <miniupnpc/miniupnpc.h>
      |          ^~~~~~~~~~~~~~~~~~~~~~~
compilation terminated.
configure:25344: $? = 1
configure: failed program was:
| /* confdefs.h */
| #define PACKAGE_NAME "Cephalon Core"
| #define PACKAGE_TARNAME "cephalon"
| #define PACKAGE_VERSION "4.4.4"
| #define PACKAGE_STRING "Cephalon Core 4.4.4"
| #define PACKAGE_BUGREPORT "https://github.com/CephalonChain/Cephalon/issues"
| #define PACKAGE_URL "https://cephalon.net"
| #define HAVE_CXX11 1
| #define HAVE_STDIO_H 1
| #define HAVE_STDLIB_H 1
| #define HAVE_STRING_H 1
| #define HAVE_INTTYPES_H 1
| #define HAVE_STDINT_H 1
| #define HAVE_STRINGS_H 1
| #define HAVE_SYS_STAT_H 1
| #define HAVE_SYS_TYPES_H 1
| #define HAVE_UNISTD_H 1
| #define STDC_HEADERS 1
| #define HAVE_DLFCN_H 1
| #define LT_OBJDIR ".libs/"
| #define USE_ASM 1
| #define HAVE_PTHREAD_PRIO_INHERIT 1
| #define HAVE_PTHREAD 1
| #define HAVE_DECL_STRERROR_R 1
| #define HAVE_STRERROR_R 1
| #define STRERROR_R_CHAR_P 1
| #define HAVE_FUNC_ATTRIBUTE_VISIBILITY 1
| #define HAVE_ENDIAN_H 1
| #define HAVE_BYTESWAP_H 1
| #define HAVE_STDIO_H 1
| #define HAVE_STDLIB_H 1
| #define HAVE_UNISTD_H 1
| #define HAVE_STRINGS_H 1
| #define HAVE_SYS_TYPES_H 1
| #define HAVE_SYS_STAT_H 1
| #define HAVE_SYS_SELECT_H 1
| #define HAVE_SYS_PRCTL_H 1
| #define HAVE_DECL_STRNLEN 1
| #define HAVE_DECL_DAEMON 1
| #define HAVE_DECL_LE16TOH 1
| #define HAVE_DECL_LE32TOH 1
| #define HAVE_DECL_LE64TOH 1
| #define HAVE_DECL_HTOLE16 1
| #define HAVE_DECL_HTOLE32 1
| #define HAVE_DECL_HTOLE64 1
| #define HAVE_DECL_BE16TOH 1
| #define HAVE_DECL_BE32TOH 1
| #define HAVE_DECL_BE64TOH 1
| #define HAVE_DECL_HTOBE16 1
| #define HAVE_DECL_HTOBE32 1
| #define HAVE_DECL_HTOBE64 1
| #define HAVE_DECL_BSWAP_16 1
| #define HAVE_DECL_BSWAP_32 1
| #define HAVE_DECL_BSWAP_64 1
| #define HAVE_DECL___BUILTIN_CLZ 1
| #define HAVE_DECL___BUILTIN_CLZL 1
| #define HAVE_DECL___BUILTIN_CLZLL 1
| #define HAVE_MSG_NOSIGNAL 1
| #define HAVE_MSG_DONTWAIT 1
| #define HAVE_MALLOC_INFO 1
| #define HAVE_MALLOPT_ARENA_MAX 1
| #define HAVE_VISIBILITY_ATTRIBUTE 1
| #define HAVE_SYS_GETRANDOM 1
| #define HAVE_GETENTROPY 1
| #define HAVE_GETENTROPY_RAND 1
| /* end confdefs.h.  */
| #include <stddef.h>
| #ifdef HAVE_STDIO_H
| # include <stdio.h>
| #endif
| #ifdef HAVE_STDLIB_H
| # include <stdlib.h>
| #endif
| #ifdef HAVE_STRING_H
| # include <string.h>
| #endif
| #ifdef HAVE_INTTYPES_H
| # include <inttypes.h>
| #endif
| #ifdef HAVE_STDINT_H
| # include <stdint.h>
| #endif
| #ifdef HAVE_STRINGS_H
| # include <strings.h>
| #endif
| #ifdef HAVE_SYS_TYPES_H
| # include <sys/types.h>
| #endif
| #ifdef HAVE_SYS_STAT_H
| # include <sys/stat.h>
| #endif
| #ifdef HAVE_UNISTD_H
| # include <unistd.h>
| #endif
| #include <miniupnpc/miniupnpc.h>
configure:25344: result: no
configure:25344: checking for miniupnpc/upnpcommands.h
configure:25344: g++ -std=c++11 -c -g -O2 -Wall -Wextra -Wformat -Wvla -Wformat-security -Wno-unused-parameter -Wno-implicit-fallthrough -fPIC  -DHAVE_BUILD_INFO -D__STDC_FORMAT_MACROS -fPIC conftest.cpp >&5
conftest.cpp:95:10: fatal error: miniupnpc/upnpcommands.h: No such file or directory
   95 | #include <miniupnpc/upnpcommands.h>
      |          ^~~~~~~~~~~~~~~~~~~~~~~~~~
compilation terminated.
configure:25344: $? = 1
configure: failed program was:
| /* confdefs.h */
| #define PACKAGE_NAME "Cephalon Core"
| #define PACKAGE_TARNAME "cephalon"
| #define PACKAGE_VERSION "4.4.4"
| #define PACKAGE_STRING "Cephalon Core 4.4.4"
| #define PACKAGE_BUGREPORT "https://github.com/CephalonChain/Cephalon/issues"
| #define PACKAGE_URL "https://cephalon.net"
| #define HAVE_CXX11 1
| #define HAVE_STDIO_H 1
| #define HAVE_STDLIB_H 1
| #define HAVE_STRING_H 1
| #define HAVE_INTTYPES_H 1
| #define HAVE_STDINT_H 1
| #define HAVE_STRINGS_H 1
| #define HAVE_SYS_STAT_H 1
| #define HAVE_SYS_TYPES_H 1
| #define HAVE_UNISTD_H 1
| #define STDC_HEADERS 1
| #define HAVE_DLFCN_H 1
| #define LT_OBJDIR ".libs/"
| #define USE_ASM 1
| #define HAVE_PTHREAD_PRIO_INHERIT 1
| #define HAVE_PTHREAD 1
| #define HAVE_DECL_STRERROR_R 1
| #define HAVE_STRERROR_R 1
| #define STRERROR_R_CHAR_P 1
| #define HAVE_FUNC_ATTRIBUTE_VISIBILITY 1
| #define HAVE_ENDIAN_H 1
| #define HAVE_BYTESWAP_H 1
| #define HAVE_STDIO_H 1
| #define HAVE_STDLIB_H 1
| #define HAVE_UNISTD_H 1
| #define HAVE_STRINGS_H 1
| #define HAVE_SYS_TYPES_H 1
| #define HAVE_SYS_STAT_H 1
| #define HAVE_SYS_SELECT_H 1
| #define HAVE_SYS_PRCTL_H 1
| #define HAVE_DECL_STRNLEN 1
| #define HAVE_DECL_DAEMON 1
| #define HAVE_DECL_LE16TOH 1
| #define HAVE_DECL_LE32TOH 1
| #define HAVE_DECL_LE64TOH 1
| #define HAVE_DECL_HTOLE16 1
| #define HAVE_DECL_HTOLE32 1
| #define HAVE_DECL_HTOLE64 1
| #define HAVE_DECL_BE16TOH 1
| #define HAVE_DECL_BE32TOH 1
| #define HAVE_DECL_BE64TOH 1
| #define HAVE_DECL_HTOBE16 1
| #define HAVE_DECL_HTOBE32 1
| #define HAVE_DECL_HTOBE64 1
| #define HAVE_DECL_BSWAP_16 1
| #define HAVE_DECL_BSWAP_32 1
| #define HAVE_DECL_BSWAP_64 1
| #define HAVE_DECL___BUILTIN_CLZ 1
| #define HAVE_DECL___BUILTIN_CLZL 1
| #define HAVE_DECL___BUILTIN_CLZLL 1
| #define HAVE_MSG_NOSIGNAL 1
| #define HAVE_MSG_DONTWAIT 1
| #define HAVE_MALLOC_INFO 1
| #define HAVE_MALLOPT_ARENA_MAX 1
| #define HAVE_VISIBILITY_ATTRIBUTE 1
| #define HAVE_SYS_GETRANDOM 1
| #define HAVE_GETENTROPY 1
| #define HAVE_GETENTROPY_RAND 1
| /* end confdefs.h.  */
| #include <stddef.h>
| #ifdef HAVE_STDIO_H
| # include <stdio.h>
| #endif
| #ifdef HAVE_STDLIB_H
| # include <stdlib.h>
| #endif
| #ifdef HAVE_STRING_H
| # include <string.h>
| #endif
| #ifdef HAVE_INTTYPES_H
| # include <inttypes.h>
| #endif
| #ifdef HAVE_STDINT_H
| # include <stdint.h>
| #endif
| #ifdef HAVE_STRINGS_H
| # include <strings.h>
| #endif
| #ifdef HAVE_SYS_TYPES_H
| # include <sys/types.h>
| #endif
| #ifdef HAVE_SYS_STAT_H
| # include <sys/stat.h>
| #endif
| #ifdef HAVE_UNISTD_H
| # include <unistd.h>
| #endif
| #include <miniupnpc/upnpcommands.h>
configure:25344: result: no
configure:25344: checking for miniupnpc/upnperrors.h
configure:25344: g++ -std=c++11 -c -g -O2 -Wall -Wextra -Wformat -Wvla -Wformat-security -Wno-unused-parameter -Wno-implicit-fallthrough -fPIC  -DHAVE_BUILD_INFO -D__STDC_FORMAT_MACROS -fPIC conftest.cpp >&5
conftest.cpp:95:10: fatal error: miniupnpc/upnperrors.h: No such file or directory
   95 | #include <miniupnpc/upnperrors.h>
      |          ^~~~~~~~~~~~~~~~~~~~~~~~
compilation terminated.
configure:25344: $? = 1
configure: failed program was:
| /* confdefs.h */
| #define PACKAGE_NAME "Cephalon Core"
| #define PACKAGE_TARNAME "cephalon"
| #define PACKAGE_VERSION "4.4.4"
| #define PACKAGE_STRING "Cephalon Core 4.4.4"
| #define PACKAGE_BUGREPORT "https://github.com/CephalonChain/Cephalon/issues"
| #define PACKAGE_URL "https://cephalon.net"
| #define HAVE_CXX11 1
| #define HAVE_STDIO_H 1
| #define HAVE_STDLIB_H 1
| #define HAVE_STRING_H 1
| #define HAVE_INTTYPES_H 1
| #define HAVE_STDINT_H 1
| #define HAVE_STRINGS_H 1
| #define HAVE_SYS_STAT_H 1
| #define HAVE_SYS_TYPES_H 1
| #define HAVE_UNISTD_H 1
| #define STDC_HEADERS 1
| #define HAVE_DLFCN_H 1
| #define LT_OBJDIR ".libs/"
| #define USE_ASM 1
| #define HAVE_PTHREAD_PRIO_INHERIT 1
| #define HAVE_PTHREAD 1
| #define HAVE_DECL_STRERROR_R 1
| #define HAVE_STRERROR_R 1
| #define STRERROR_R_CHAR_P 1
| #define HAVE_FUNC_ATTRIBUTE_VISIBILITY 1
| #define HAVE_ENDIAN_H 1
| #define HAVE_BYTESWAP_H 1
| #define HAVE_STDIO_H 1
| #define HAVE_STDLIB_H 1
| #define HAVE_UNISTD_H 1
| #define HAVE_STRINGS_H 1
| #define HAVE_SYS_TYPES_H 1
| #define HAVE_SYS_STAT_H 1
| #define HAVE_SYS_SELECT_H 1
| #define HAVE_SYS_PRCTL_H 1
| #define HAVE_DECL_STRNLEN 1
| #define HAVE_DECL_DAEMON 1
| #define HAVE_DECL_LE16TOH 1
| #define HAVE_DECL_LE32TOH 1
| #define HAVE_DECL_LE64TOH 1
| #define HAVE_DECL_HTOLE16 1
| #define HAVE_DECL_HTOLE32 1
| #define HAVE_DECL_HTOLE64 1
| #define HAVE_DECL_BE16TOH 1
| #define HAVE_DECL_BE32TOH 1
| #define HAVE_DECL_BE64TOH 1
| #define HAVE_DECL_HTOBE16 1
| #define HAVE_DECL_HTOBE32 1
| #define HAVE_DECL_HTOBE64 1
| #define HAVE_DECL_BSWAP_16 1
| #define HAVE_DECL_BSWAP_32 1
| #define HAVE_DECL_BSWAP_64 1
| #define HAVE_DECL___BUILTIN_CLZ 1
| #define HAVE_DECL___BUILTIN_CLZL 1
| #define HAVE_DECL___BUILTIN_CLZLL 1
| #define HAVE_MSG_NOSIGNAL 1
| #define HAVE_MSG_DONTWAIT 1
| #define HAVE_MALLOC_INFO 1
| #define HAVE_MALLOPT_ARENA_MAX 1
| #define HAVE_VISIBILITY_ATTRIBUTE 1
| #define HAVE_SYS_GETRANDOM 1
| #define HAVE_GETENTROPY 1
| #define HAVE_GETENTROPY_RAND 1
| /* end confdefs.h.  */
| #include <stddef.h>
| #ifdef HAVE_STDIO_H
| # include <stdio.h>
| #endif
| #ifdef HAVE_STDLIB_H
| # include <stdlib.h>
| #endif
| #ifdef HAVE_STRING_H
| # include <string.h>
| #endif
| #ifdef HAVE_INTTYPES_H
| # include <inttypes.h>
| #endif
| #ifdef HAVE_STDINT_H
| # include <stdint.h>
| #endif
| #ifdef HAVE_STRINGS_H
| # include <strings.h>
| #endif
| #ifdef HAVE_SYS_TYPES_H
| # include <sys/types.h>
| #endif
| #ifdef HAVE_SYS_STAT_H
| # include <sys/stat.h>
| #endif
| #ifdef HAVE_UNISTD_H
| # include <unistd.h>
| #endif
| #include <miniupnpc/upnperrors.h>
configure:25344: result: no
configure:25499: checking for Qt5Core Qt5Gui Qt5Network Qt5Widgets
configure:25506: $PKG_CONFIG --exists --print-errors "$qt5_modules"
configure:25509: $? = 0
configure:25523: $PKG_CONFIG --exists --print-errors "$qt5_modules"
configure:25526: $? = 0
configure:25564: result: yes
configure:25816: checking for Qt5Test
configure:25823: $PKG_CONFIG --exists --print-errors "${QT_LIB_PREFIX}Test"
configure:25826: $? = 0
configure:25840: $PKG_CONFIG --exists --print-errors "${QT_LIB_PREFIX}Test"
configure:25843: $? = 0
configure:25881: result: yes
configure:25888: checking for Qt5DBus
configure:25895: $PKG_CONFIG --exists --print-errors "${QT_LIB_PREFIX}DBus"
configure:25898: $? = 0
configure:25912: $PKG_CONFIG --exists --print-errors "${QT_LIB_PREFIX}DBus"
configure:25915: $? = 0
configure:25953: result: yes
configure:26965: checking for static Qt
configure:26989: g++ -std=c++11 -c -fPIC -g -O2 -Wall -Wextra -Wformat -Wvla -Wformat-security -Wno-unused-parameter -Wno-implicit-fallthrough -fPIC -DQT_NETWORK_LIB -DQT_WIDGETS_LIB -DQT_GUI_LIB -DQT_CORE_LIB -I/usr/include/x86_64-linux-gnu/qt5/QtNetwork -I/usr/include/x86_64-linux-gnu/qt5 -I/usr/include/x86_64-linux-gnu/qt5/QtWidgets -I/usr/include/x86_64-linux-gnu/qt5 -I/usr/include/x86_64-linux-gnu/qt5/QtGui -I/usr/include/x86_64-linux-gnu/qt5 -I/usr/include/x86_64-linux-gnu/qt5/QtCore -I/usr/include/x86_64-linux-gnu/qt5  -DHAVE_BUILD_INFO -D__STDC_FORMAT_MACROS -fPIC conftest.cpp >&5
conftest.cpp: In function 'int main()':
conftest.cpp:75:7: error: 'choke' was not declared in this scope
   75 |       choke me
      |       ^~~~~
configure:26989: $? = 1
configure: failed program was:
| /* confdefs.h */
| #define PACKAGE_NAME "Cephalon Core"
| #define PACKAGE_TARNAME "cephalon"
| #define PACKAGE_VERSION "4.4.4"
| #define PACKAGE_STRING "Cephalon Core 4.4.4"
| #define PACKAGE_BUGREPORT "https://github.com/CephalonChain/Cephalon/issues"
| #define PACKAGE_URL "https://cephalon.net"
| #define HAVE_CXX11 1
| #define HAVE_STDIO_H 1
| #define HAVE_STDLIB_H 1
| #define HAVE_STRING_H 1
| #define HAVE_INTTYPES_H 1
| #define HAVE_STDINT_H 1
| #define HAVE_STRINGS_H 1
| #define HAVE_SYS_STAT_H 1
| #define HAVE_SYS_TYPES_H 1
| #define HAVE_UNISTD_H 1
| #define STDC_HEADERS 1
| #define HAVE_DLFCN_H 1
| #define LT_OBJDIR ".libs/"
| #define USE_ASM 1
| #define HAVE_PTHREAD_PRIO_INHERIT 1
| #define HAVE_PTHREAD 1
| #define HAVE_DECL_STRERROR_R 1
| #define HAVE_STRERROR_R 1
| #define STRERROR_R_CHAR_P 1
| #define HAVE_FUNC_ATTRIBUTE_VISIBILITY 1
| #define HAVE_ENDIAN_H 1
| #define HAVE_BYTESWAP_H 1
| #define HAVE_STDIO_H 1
| #define HAVE_STDLIB_H 1
| #define HAVE_UNISTD_H 1
| #define HAVE_STRINGS_H 1
| #define HAVE_SYS_TYPES_H 1
| #define HAVE_SYS_STAT_H 1
| #define HAVE_SYS_SELECT_H 1
| #define HAVE_SYS_PRCTL_H 1
| #define HAVE_DECL_STRNLEN 1
| #define HAVE_DECL_DAEMON 1
| #define HAVE_DECL_LE16TOH 1
| #define HAVE_DECL_LE32TOH 1
| #define HAVE_DECL_LE64TOH 1
| #define HAVE_DECL_HTOLE16 1
| #define HAVE_DECL_HTOLE32 1
| #define HAVE_DECL_HTOLE64 1
| #define HAVE_DECL_BE16TOH 1
| #define HAVE_DECL_BE32TOH 1
| #define HAVE_DECL_BE64TOH 1
| #define HAVE_DECL_HTOBE16 1
| #define HAVE_DECL_HTOBE32 1
| #define HAVE_DECL_HTOBE64 1
| #define HAVE_DECL_BSWAP_16 1
| #define HAVE_DECL_BSWAP_32 1
| #define HAVE_DECL_BSWAP_64 1
| #define HAVE_DECL___BUILTIN_CLZ 1
| #define HAVE_DECL___BUILTIN_CLZL 1
| #define HAVE_DECL___BUILTIN_CLZLL 1
| #define HAVE_MSG_NOSIGNAL 1
| #define HAVE_MSG_DONTWAIT 1
| #define HAVE_MALLOC_INFO 1
| #define HAVE_MALLOPT_ARENA_MAX 1
| #define HAVE_VISIBILITY_ATTRIBUTE 1
| #define HAVE_SYS_GETRANDOM 1
| #define HAVE_GETENTROPY 1
| #define HAVE_GETENTROPY_RAND 1
| /* end confdefs.h.  */
| #include <QtCore>
| int
| main (void)
| {
| 
|       #if defined(QT_STATIC)
|       return 0;
|       #else
|       choke me
|       #endif
| 
|   ;
|   return 0;
| }
configure:26998: result: no
configure:27876: checking whether -fPIE can be used with this Qt config
configure:27897: g++ -std=c++11 -c -fPIE -g -O2 -Wall -Wextra -Wformat -Wvla -Wformat-security -Wno-unused-parameter -Wno-implicit-fallthrough -fPIC -DQT_NETWORK_LIB -DQT_WIDGETS_LIB -DQT_GUI_LIB -DQT_CORE_LIB -I/usr/include/x86_64-linux-gnu/qt5/QtNetwork -I/usr/include/x86_64-linux-gnu/qt5 -I/usr/include/x86_64-linux-gnu/qt5/QtWidgets -I/usr/include/x86_64-linux-gnu/qt5 -I/usr/include/x86_64-linux-gnu/qt5/QtGui -I/usr/include/x86_64-linux-gnu/qt5 -I/usr/include/x86_64-linux-gnu/qt5/QtCore -I/usr/include/x86_64-linux-gnu/qt5  -DHAVE_BUILD_INFO -D__STDC_FORMAT_MACROS -fPIC conftest.cpp >&5
conftest.cpp: In function 'int main()':
conftest.cpp:73:15: error: 'choke' was not declared in this scope
   73 |               choke;
      |               ^~~~~
configure:27897: $? = 1
configure: failed program was:
| /* confdefs.h */
| #define PACKAGE_NAME "Cephalon Core"
| #define PACKAGE_TARNAME "cephalon"
| #define PACKAGE_VERSION "4.4.4"
| #define PACKAGE_STRING "Cephalon Core 4.4.4"
| #define PACKAGE_BUGREPORT "https://github.com/CephalonChain/Cephalon/issues"
| #define PACKAGE_URL "https://cephalon.net"
| #define HAVE_CXX11 1
| #define HAVE_STDIO_H 1
| #define HAVE_STDLIB_H 1
| #define HAVE_STRING_H 1
| #define HAVE_INTTYPES_H 1
| #define HAVE_STDINT_H 1
| #define HAVE_STRINGS_H 1
| #define HAVE_SYS_STAT_H 1
| #define HAVE_SYS_TYPES_H 1
| #define HAVE_UNISTD_H 1
| #define STDC_HEADERS 1
| #define HAVE_DLFCN_H 1
| #define LT_OBJDIR ".libs/"
| #define USE_ASM 1
| #define HAVE_PTHREAD_PRIO_INHERIT 1
| #define HAVE_PTHREAD 1
| #define HAVE_DECL_STRERROR_R 1
| #define HAVE_STRERROR_R 1
| #define STRERROR_R_CHAR_P 1
| #define HAVE_FUNC_ATTRIBUTE_VISIBILITY 1
| #define HAVE_ENDIAN_H 1
| #define HAVE_BYTESWAP_H 1
| #define HAVE_STDIO_H 1
| #define HAVE_STDLIB_H 1
| #define HAVE_UNISTD_H 1
| #define HAVE_STRINGS_H 1
| #define HAVE_SYS_TYPES_H 1
| #define HAVE_SYS_STAT_H 1
| #define HAVE_SYS_SELECT_H 1
| #define HAVE_SYS_PRCTL_H 1
| #define HAVE_DECL_STRNLEN 1
| #define HAVE_DECL_DAEMON 1
| #define HAVE_DECL_LE16TOH 1
| #define HAVE_DECL_LE32TOH 1
| #define HAVE_DECL_LE64TOH 1
| #define HAVE_DECL_HTOLE16 1
| #define HAVE_DECL_HTOLE32 1
| #define HAVE_DECL_HTOLE64 1
| #define HAVE_DECL_BE16TOH 1
| #define HAVE_DECL_BE32TOH 1
| #define HAVE_DECL_BE64TOH 1
| #define HAVE_DECL_HTOBE16 1
| #define HAVE_DECL_HTOBE32 1
| #define HAVE_DECL_HTOBE64 1
| #define HAVE_DECL_BSWAP_16 1
| #define HAVE_DECL_BSWAP_32 1
| #define HAVE_DECL_BSWAP_64 1
| #define HAVE_DECL___BUILTIN_CLZ 1
| #define HAVE_DECL___BUILTIN_CLZL 1
| #define HAVE_DECL___BUILTIN_CLZLL 1
| #define HAVE_MSG_NOSIGNAL 1
| #define HAVE_MSG_DONTWAIT 1
| #define HAVE_MALLOC_INFO 1
| #define HAVE_MALLOPT_ARENA_MAX 1
| #define HAVE_VISIBILITY_ATTRIBUTE 1
| #define HAVE_SYS_GETRANDOM 1
| #define HAVE_GETENTROPY 1
| #define HAVE_GETENTROPY_RAND 1
| /* end confdefs.h.  */
| #include <QtCore/qconfig.h>
| int
| main (void)
| {
| 
|           #if defined(QT_REDUCE_RELOCATIONS)
|               choke;
|           #endif
| 
|   ;
|   return 0;
| }
configure:27902: result: no
configure:27968: checking for moc-qt5
configure:28006: result: no
configure:27968: checking for moc5
configure:28006: result: no
configure:27968: checking for moc
configure:27991: found /usr/lib/x86_64-linux-gnu/qt5/bin/moc
configure:28003: result: /usr/lib/x86_64-linux-gnu/qt5/bin/moc
configure:28097: checking for uic-qt5
configure:28135: result: no
configure:28097: checking for uic5
configure:28135: result: no
configure:28097: checking for uic
configure:28120: found /usr/lib/x86_64-linux-gnu/qt5/bin/uic
configure:28132: result: /usr/lib/x86_64-linux-gnu/qt5/bin/uic
configure:28226: checking for rcc-qt5
configure:28264: result: no
configure:28226: checking for rcc5
configure:28264: result: no
configure:28226: checking for rcc
configure:28249: found /usr/lib/x86_64-linux-gnu/qt5/bin/rcc
configure:28261: result: /usr/lib/x86_64-linux-gnu/qt5/bin/rcc
configure:28355: checking for lrelease-qt5
configure:28393: result: no
configure:28355: checking for lrelease5
configure:28393: result: no
configure:28355: checking for lrelease
configure:28378: found /usr/lib/x86_64-linux-gnu/qt5/bin/lrelease
configure:28390: result: /usr/lib/x86_64-linux-gnu/qt5/bin/lrelease
configure:28484: checking for lupdate-qt5
configure:28522: result: no
configure:28484: checking for lupdate5
configure:28522: result: no
configure:28484: checking for lupdate
configure:28507: found /usr/lib/x86_64-linux-gnu/qt5/bin/lupdate
configure:28519: result: /usr/lib/x86_64-linux-gnu/qt5/bin/lupdate
configure:28715: checking whether to build Cephalon Core GUI
configure:28745: result: yes (Qt5)
configure:28821: checking for boostlib >= 1.47.0
configure:28906: g++ -std=c++11 -c -g -O2 -Wall -Wextra -Wformat -Wvla -Wformat-security -Wno-unused-parameter -Wno-implicit-fallthrough -fPIC  -DHAVE_BUILD_INFO -D__STDC_FORMAT_MACROS -fPIC -I/usr/include conftest.cpp >&5
configure:28906: $? = 0
configure:28909: result: yes
configure:29098: checking whether the Boost::System library is available
configure:29124: g++ -std=c++11 -c   -DHAVE_BUILD_INFO -D__STDC_FORMAT_MACROS -fPIC -I/usr/include conftest.cpp >&5
configure:29124: $? = 0
configure:29140: result: yes
configure:29156: checking for exit in -lboost_system
configure:29178: g++ -std=c++11 -o conftest -g -O2 -Wall -Wextra -Wformat -Wvla -Wformat-security -Wno-unused-parameter -Wno-implicit-fallthrough -fPIC  -DHAVE_BUILD_INFO -D__STDC_FORMAT_MACROS -fPIC -I/usr/include  -L/usr/lib/x86_64-linux-gnu conftest.cpp -lboost_system   >&5
configure:29178: $? = 0
configure:29189: result: yes
configure:29344: checking whether the Boost::Filesystem library is available
configure:29369: g++ -std=c++11 -c -g -O2 -Wall -Wextra -Wformat -Wvla -Wformat-security -Wno-unused-parameter -Wno-implicit-fallthrough -fPIC  -DHAVE_BUILD_INFO -D__STDC_FORMAT_MACROS -fPIC -I/usr/include conftest.cpp >&5
configure:29369: $? = 0
configure:29384: result: yes
configure:29396: checking for exit in -lboost_filesystem
configure:29418: g++ -std=c++11 -o conftest -g -O2 -Wall -Wextra -Wformat -Wvla -Wformat-security -Wno-unused-parameter -Wno-implicit-fallthrough -fPIC  -DHAVE_BUILD_INFO -D__STDC_FORMAT_MACROS -fPIC -I/usr/include  -L/usr/lib/x86_64-linux-gnu conftest.cpp -lboost_filesystem   -lboost_system >&5
configure:29418: $? = 0
configure:29429: result: yes
configure:29579: checking whether the Boost::Program_Options library is available
configure:29604: g++ -std=c++11 -c -g -O2 -Wall -Wextra -Wformat -Wvla -Wformat-security -Wno-unused-parameter -Wno-implicit-fallthrough -fPIC  -DHAVE_BUILD_INFO -D__STDC_FORMAT_MACROS -fPIC -I/usr/include conftest.cpp >&5
configure:29604: $? = 0
configure:29619: result: yes
configure:29630: checking for exit in -lboost_program_options
configure:29652: g++ -std=c++11 -o conftest -g -O2 -Wall -Wextra -Wformat -Wvla -Wformat-security -Wno-unused-parameter -Wno-implicit-fallthrough -fPIC  -DHAVE_BUILD_INFO -D__STDC_FORMAT_MACROS -fPIC -I/usr/include  -L/usr/lib/x86_64-linux-gnu conftest.cpp -lboost_program_options   >&5
configure:29652: $? = 0
configure:29663: result: yes
configure:29812: checking whether the Boost::Thread library is available
configure:29845: g++ -std=c++11 -c -pthread -g -O2 -Wall -Wextra -Wformat -Wvla -Wformat-security -Wno-unused-parameter -Wno-implicit-fallthrough -fPIC  -DHAVE_BUILD_INFO -D__STDC_FORMAT_MACROS -fPIC -I/usr/include conftest.cpp >&5
configure:29845: $? = 0
configure:29861: result: yes
configure:29891: checking for exit in -lboost_thread
configure:29913: g++ -std=c++11 -o conftest -g -O2 -Wall -Wextra -Wformat -Wvla -Wformat-security -Wno-unused-parameter -Wno-implicit-fallthrough -fPIC  -DHAVE_BUILD_INFO -D__STDC_FORMAT_MACROS -fPIC -I/usr/include  -L/usr/lib/x86_64-linux-gnu conftest.cpp -lboost_thread   >&5
configure:29913: $? = 0
configure:29924: result: yes
configure:30084: checking whether the Boost::Chrono library is available
configure:30109: g++ -std=c++11 -c -g -O2 -Wall -Wextra -Wformat -Wvla -Wformat-security -Wno-unused-parameter -Wno-implicit-fallthrough -fPIC  -DHAVE_BUILD_INFO -D__STDC_FORMAT_MACROS -fPIC -pthread -I/usr/include conftest.cpp >&5
configure:30109: $? = 0
configure:30125: result: yes
configure:30141: checking for exit in -lboost_chrono
configure:30163: g++ -std=c++11 -o conftest -g -O2 -Wall -Wextra -Wformat -Wvla -Wformat-security -Wno-unused-parameter -Wno-implicit-fallthrough -fPIC  -DHAVE_BUILD_INFO -D__STDC_FORMAT_MACROS -fPIC -pthread -I/usr/include  -L/usr/lib/x86_64-linux-gnu conftest.cpp -lboost_chrono   >&5
configure:30163: $? = 0
configure:30174: result: yes
configure:30420: checking whether the Boost::Unit_Test_Framework library is available
configure:30444: g++ -std=c++11 -c -g -O2 -Wall -Wextra -Wformat -Wvla -Wformat-security -Wno-unused-parameter -Wno-implicit-fallthrough -fPIC  -DHAVE_BUILD_INFO -D__STDC_FORMAT_MACROS -fPIC -DBOOST_SP_USE_STD_ATOMIC -DBOOST_AC_USE_STD_ATOMIC -pthread -I/usr/include conftest.cpp >&5
conftest.cpp: In function 'int main()':
conftest.cpp:78:70: warning: unused variable 'test' [-Wunused-variable]
   78 |                                                          test_suite* test= BOOST_TEST_SUITE( "Unit test example 1" ); return 0;
      |                                                                      ^~~~
configure:30444: $? = 0
configure:30459: result: yes
configure:30570: checking for dynamic linked boost test
configure:30585: g++ -std=c++11 -o conftest -g -O2 -Wall -Wextra -Wformat -Wvla -Wformat-security -Wno-unused-parameter -Wno-implicit-fallthrough -fPIC  -DHAVE_BUILD_INFO -D__STDC_FORMAT_MACROS -fPIC -DBOOST_SP_USE_STD_ATOMIC -DBOOST_AC_USE_STD_ATOMIC -pthread -I/usr/include  conftest.cpp  -L/usr/lib/x86_64-linux-gnu -lboost_unit_test_framework >&5
configure:30585: $? = 0
configure:30587: result: yes
configure:30613: checking for mismatched boost c++11 scoped enums
configure:30641: g++ -std=c++11 -o conftest -g -O2 -Wall -Wextra -Wformat -Wvla -Wformat-security -Wno-unused-parameter -Wno-implicit-fallthrough -fPIC  -DHAVE_BUILD_INFO -D__STDC_FORMAT_MACROS -fPIC -DBOOST_SP_USE_STD_ATOMIC -DBOOST_AC_USE_STD_ATOMIC -pthread -I/usr/include  conftest.cpp -L/usr/lib/x86_64-linux-gnu -lboost_system -lboost_filesystem -lboost_program_options -lboost_thread -lboost_chrono  >&5
conftest.cpp: In function 'int main()':
conftest.cpp:91:5: error: 'choke' was not declared in this scope
   91 |     choke;
      |     ^~~~~
configure:30641: $? = 1
configure: failed program was:
| /* confdefs.h */
| #define PACKAGE_NAME "Cephalon Core"
| #define PACKAGE_TARNAME "cephalon"
| #define PACKAGE_VERSION "4.4.4"
| #define PACKAGE_STRING "Cephalon Core 4.4.4"
| #define PACKAGE_BUGREPORT "https://github.com/CephalonChain/Cephalon/issues"
| #define PACKAGE_URL "https://cephalon.net"
| #define HAVE_CXX11 1
| #define HAVE_STDIO_H 1
| #define HAVE_STDLIB_H 1
| #define HAVE_STRING_H 1
| #define HAVE_INTTYPES_H 1
| #define HAVE_STDINT_H 1
| #define HAVE_STRINGS_H 1
| #define HAVE_SYS_STAT_H 1
| #define HAVE_SYS_TYPES_H 1
| #define HAVE_UNISTD_H 1
| #define STDC_HEADERS 1
| #define HAVE_DLFCN_H 1
| #define LT_OBJDIR ".libs/"
| #define USE_ASM 1
| #define HAVE_PTHREAD_PRIO_INHERIT 1
| #define HAVE_PTHREAD 1
| #define HAVE_DECL_STRERROR_R 1
| #define HAVE_STRERROR_R 1
| #define STRERROR_R_CHAR_P 1
| #define HAVE_FUNC_ATTRIBUTE_VISIBILITY 1
| #define HAVE_ENDIAN_H 1
| #define HAVE_BYTESWAP_H 1
| #define HAVE_STDIO_H 1
| #define HAVE_STDLIB_H 1
| #define HAVE_UNISTD_H 1
| #define HAVE_STRINGS_H 1
| #define HAVE_SYS_TYPES_H 1
| #define HAVE_SYS_STAT_H 1
| #define HAVE_SYS_SELECT_H 1
| #define HAVE_SYS_PRCTL_H 1
| #define HAVE_DECL_STRNLEN 1
| #define HAVE_DECL_DAEMON 1
| #define HAVE_DECL_LE16TOH 1
| #define HAVE_DECL_LE32TOH 1
| #define HAVE_DECL_LE64TOH 1
| #define HAVE_DECL_HTOLE16 1
| #define HAVE_DECL_HTOLE32 1
| #define HAVE_DECL_HTOLE64 1
| #define HAVE_DECL_BE16TOH 1
| #define HAVE_DECL_BE32TOH 1
| #define HAVE_DECL_BE64TOH 1
| #define HAVE_DECL_HTOBE16 1
| #define HAVE_DECL_HTOBE32 1
| #define HAVE_DECL_HTOBE64 1
| #define HAVE_DECL_BSWAP_16 1
| #define HAVE_DECL_BSWAP_32 1
| #define HAVE_DECL_BSWAP_64 1
| #define HAVE_DECL___BUILTIN_CLZ 1
| #define HAVE_DECL___BUILTIN_CLZL 1
| #define HAVE_DECL___BUILTIN_CLZLL 1
| #define HAVE_MSG_NOSIGNAL 1
| #define HAVE_MSG_DONTWAIT 1
| #define HAVE_MALLOC_INFO 1
| #define HAVE_MALLOPT_ARENA_MAX 1
| #define HAVE_VISIBILITY_ATTRIBUTE 1
| #define HAVE_SYS_GETRANDOM 1
| #define HAVE_GETENTROPY 1
| #define HAVE_GETENTROPY_RAND 1
| #define HAVE_BOOST /**/
| #define HAVE_BOOST_SYSTEM /**/
| #define HAVE_BOOST_FILESYSTEM /**/
| #define HAVE_BOOST_PROGRAM_OPTIONS /**/
| #define HAVE_BOOST_THREAD /**/
| #define HAVE_BOOST_CHRONO /**/
| #define HAVE_BOOST_UNIT_TEST_FRAMEWORK /**/
| /* end confdefs.h.  */
| 
|   #include <boost/config.hpp>
|   #include <boost/version.hpp>
|   #if !defined(BOOST_NO_SCOPED_ENUMS) && !defined(BOOST_NO_CXX11_SCOPED_ENUMS) && BOOST_VERSION < 105700
|   #define BOOST_NO_SCOPED_ENUMS
|   #define BOOST_NO_CXX11_SCOPED_ENUMS
|   #define CHECK
|   #endif
|   #include <boost/filesystem.hpp>
| 
| int
| main (void)
| {
| 
|   #if defined(CHECK)
|     boost::filesystem::copy_file("foo", "bar");
|   #else
|     choke;
|   #endif
| 
|   ;
|   return 0;
| }
configure:30646: result: ok
configure:30678: g++ -std=c++11 -o conftest -g -O2 -Wall -Wextra -Wformat -Wvla -Wformat-security -Wno-unused-parameter -Wno-implicit-fallthrough -fPIC  -DHAVE_BUILD_INFO -D__STDC_FORMAT_MACROS -fPIC -DBOOST_SP_USE_STD_ATOMIC -DBOOST_AC_USE_STD_ATOMIC -pthread -I/usr/include  conftest.cpp -L/usr/lib/x86_64-linux-gnu -lboost_system -lboost_filesystem -lboost_program_options -lboost_thread -lboost_chrono  >&5
configure:30678: $? = 0
configure:30742: checking for libssl
configure:30749: $PKG_CONFIG --exists --print-errors "libssl"
configure:30752: $? = 0
configure:30766: $PKG_CONFIG --exists --print-errors "libssl"
configure:30769: $? = 0
configure:30807: result: yes
configure:30813: checking for libcrypto
configure:30820: $PKG_CONFIG --exists --print-errors "libcrypto"
configure:30823: $? = 0
configure:30837: $PKG_CONFIG --exists --print-errors "libcrypto"
configure:30840: $? = 0
configure:30878: result: yes
configure:30887: checking for protobuf
configure:30894: $PKG_CONFIG --exists --print-errors "protobuf"
configure:30897: $? = 0
configure:30911: $PKG_CONFIG --exists --print-errors "protobuf"
configure:30914: $? = 0
configure:30974: result: yes
configure:30989: checking for libqrencode
configure:30996: $PKG_CONFIG --exists --print-errors "libqrencode"
configure:30999: $? = 0
configure:31013: $PKG_CONFIG --exists --print-errors "libqrencode"
configure:31016: $? = 0
configure:31054: result: yes
configure:31067: checking for libevent
configure:31074: $PKG_CONFIG --exists --print-errors "libevent"
configure:31077: $? = 0
configure:31091: $PKG_CONFIG --exists --print-errors "libevent"
configure:31094: $? = 0
configure:31132: result: yes
configure:31139: checking for libevent_pthreads
configure:31146: $PKG_CONFIG --exists --print-errors "libevent_pthreads"
configure:31149: $? = 0
configure:31163: $PKG_CONFIG --exists --print-errors "libevent_pthreads"
configure:31166: $? = 0
configure:31204: result: yes
configure:31214: checking for libzmq >= 4
configure:31221: $PKG_CONFIG --exists --print-errors "libzmq >= 4"
configure:31224: $? = 0
configure:31238: $PKG_CONFIG --exists --print-errors "libzmq >= 4"
configure:31241: $? = 0
configure:31289: result: yes
configure:31707: checking whether EVP_MD_CTX_new is declared
configure:31707: g++ -std=c++11 -c -g -O2 -Wall -Wextra -Wformat -Wvla -Wformat-security -Wno-unused-parameter -Wno-implicit-fallthrough -fPIC     -DHAVE_BUILD_INFO -D__STDC_FORMAT_MACROS -fPIC conftest.cpp >&5
configure:31707: $? = 0
configure:31707: result: yes
configure:31951: checking for protoc
configure:31974: found /usr/bin/protoc
configure:31986: result: /usr/bin/protoc
configure:32020: checking whether to build cephalond
configure:32030: result: yes
configure:32033: checking whether to build cephalon-cli
configure:32043: result: yes
configure:32046: checking whether to build cephalon-tx
configure:32056: result: no
configure:32059: checking whether to build libraries
configure:32076: result: yes
configure:32087: checking if ccache should be used
configure:32100: result: no
configure:32144: checking if wallet should be enabled
configure:32147: result: yes
configure:32158: checking whether to build with support for UPnP
configure:32164: result: no
configure:32194: checking whether to build GUI with support for D-Bus
configure:32201: result: yes
configure:32204: checking whether to build GUI with support for QR codes
configure:32214: result: yes
configure:32227: WARNING: "xgettext is required to update qt translations"
configure:32231: checking whether to build test_cephalon-qt
configure:32234: result: yes
configure:32252: checking whether to build test_cephalon
configure:32255: result: yes
configure:32264: checking whether to reduce exports
configure:32270: result: no
configure:32615: checking that generated files are newer than configure
configure:32621: result: done
configure:32749: creating ./config.status
configure:35351: result: Fixing libtool for -rpath problems.

## ---------------- ##
## Cache variables. ##
## ---------------- ##

ac_cv_build=x86_64-pc-linux-gnu
ac_cv_c_bigendian=no
ac_cv_c_compiler_gnu=yes
ac_cv_cxx_compiler_gnu=yes
ac_cv_cxx_undeclared_builtin_options='none needed'
ac_cv_env_ARFLAGS_set=
ac_cv_env_ARFLAGS_value=
ac_cv_env_BDB_CFLAGS_set=
ac_cv_env_BDB_CFLAGS_value=
ac_cv_env_BDB_LIBS_set=
ac_cv_env_BDB_LIBS_value=
ac_cv_env_CCC_set=
ac_cv_env_CCC_value=
ac_cv_env_CC_set=
ac_cv_env_CC_value=
ac_cv_env_CFLAGS_set=
ac_cv_env_CFLAGS_value=
ac_cv_env_CPPFLAGS_set=
ac_cv_env_CPPFLAGS_value=
ac_cv_env_CPP_set=
ac_cv_env_CPP_value=
ac_cv_env_CRYPTO_CFLAGS_set=
ac_cv_env_CRYPTO_CFLAGS_value=
ac_cv_env_CRYPTO_LIBS_set=
ac_cv_env_CRYPTO_LIBS_value=
ac_cv_env_CXXCPP_set=
ac_cv_env_CXXCPP_value=
ac_cv_env_CXXFLAGS_set=
ac_cv_env_CXXFLAGS_value=
ac_cv_env_CXX_set=
ac_cv_env_CXX_value=
ac_cv_env_EVENT_CFLAGS_set=
ac_cv_env_EVENT_CFLAGS_value=
ac_cv_env_EVENT_LIBS_set=
ac_cv_env_EVENT_LIBS_value=
ac_cv_env_EVENT_PTHREADS_CFLAGS_set=
ac_cv_env_EVENT_PTHREADS_CFLAGS_value=
ac_cv_env_EVENT_PTHREADS_LIBS_set=
ac_cv_env_EVENT_PTHREADS_LIBS_value=
ac_cv_env_LDFLAGS_set=
ac_cv_env_LDFLAGS_value=
ac_cv_env_LIBS_set=
ac_cv_env_LIBS_value=
ac_cv_env_LT_SYS_LIBRARY_PATH_set=
ac_cv_env_LT_SYS_LIBRARY_PATH_value=
ac_cv_env_OBJCXXFLAGS_set=
ac_cv_env_OBJCXXFLAGS_value=
ac_cv_env_OBJCXX_set=
ac_cv_env_OBJCXX_value=
ac_cv_env_PKG_CONFIG_LIBDIR_set=
ac_cv_env_PKG_CONFIG_LIBDIR_value=
ac_cv_env_PKG_CONFIG_PATH_set=
ac_cv_env_PKG_CONFIG_PATH_value=
ac_cv_env_PKG_CONFIG_set=
ac_cv_env_PKG_CONFIG_value=
ac_cv_env_PROTOBUF_CFLAGS_set=
ac_cv_env_PROTOBUF_CFLAGS_value=
ac_cv_env_PROTOBUF_LIBS_set=
ac_cv_env_PROTOBUF_LIBS_value=
ac_cv_env_PYTHONPATH_set=set
ac_cv_env_PYTHONPATH_value=
ac_cv_env_QR_CFLAGS_set=
ac_cv_env_QR_CFLAGS_value=
ac_cv_env_QR_LIBS_set=
ac_cv_env_QR_LIBS_value=
ac_cv_env_QT4_CFLAGS_set=
ac_cv_env_QT4_CFLAGS_value=
ac_cv_env_QT4_LIBS_set=
ac_cv_env_QT4_LIBS_value=
ac_cv_env_QT5_CFLAGS_set=
ac_cv_env_QT5_CFLAGS_value=
ac_cv_env_QT5_LIBS_set=
ac_cv_env_QT5_LIBS_value=
ac_cv_env_QTPLATFORM_CFLAGS_set=
ac_cv_env_QTPLATFORM_CFLAGS_value=
ac_cv_env_QTPLATFORM_LIBS_set=
ac_cv_env_QTPLATFORM_LIBS_value=
ac_cv_env_QTPRINT_CFLAGS_set=
ac_cv_env_QTPRINT_CFLAGS_value=
ac_cv_env_QTPRINT_LIBS_set=
ac_cv_env_QTPRINT_LIBS_value=
ac_cv_env_QTXCBQPA_CFLAGS_set=
ac_cv_env_QTXCBQPA_CFLAGS_value=
ac_cv_env_QTXCBQPA_LIBS_set=
ac_cv_env_QTXCBQPA_LIBS_value=
ac_cv_env_QT_DBUS_CFLAGS_set=
ac_cv_env_QT_DBUS_CFLAGS_value=
ac_cv_env_QT_DBUS_LIBS_set=
ac_cv_env_QT_DBUS_LIBS_value=
ac_cv_env_QT_TEST_CFLAGS_set=
ac_cv_env_QT_TEST_CFLAGS_value=
ac_cv_env_QT_TEST_LIBS_set=
ac_cv_env_QT_TEST_LIBS_value=
ac_cv_env_SSL_CFLAGS_set=
ac_cv_env_SSL_CFLAGS_value=
ac_cv_env_SSL_LIBS_set=
ac_cv_env_SSL_LIBS_value=
ac_cv_env_UNIVALUE_CFLAGS_set=
ac_cv_env_UNIVALUE_CFLAGS_value=
ac_cv_env_UNIVALUE_LIBS_set=
ac_cv_env_UNIVALUE_LIBS_value=
ac_cv_env_X11XCB_CFLAGS_set=
ac_cv_env_X11XCB_CFLAGS_value=
ac_cv_env_X11XCB_LIBS_set=
ac_cv_env_X11XCB_LIBS_value=
ac_cv_env_ZMQ_CFLAGS_set=
ac_cv_env_ZMQ_CFLAGS_value=
ac_cv_env_ZMQ_LIBS_set=
ac_cv_env_ZMQ_LIBS_value=
ac_cv_env_build_alias_set=
ac_cv_env_build_alias_value=
ac_cv_env_host_alias_set=
ac_cv_env_host_alias_value=
ac_cv_env_target_alias_set=
ac_cv_env_target_alias_value=
ac_cv_func_strerror_r_char_p=yes
ac_cv_have_decl_EVP_MD_CTX_new=yes
ac_cv_have_decl___builtin_clz=yes
ac_cv_have_decl___builtin_clzl=yes
ac_cv_have_decl___builtin_clzll=yes
ac_cv_have_decl_be16toh=yes
ac_cv_have_decl_be32toh=yes
ac_cv_have_decl_be64toh=yes
ac_cv_have_decl_bswap_16=yes
ac_cv_have_decl_bswap_32=yes
ac_cv_have_decl_bswap_64=yes
ac_cv_have_decl_daemon=yes
ac_cv_have_decl_htobe16=yes
ac_cv_have_decl_htobe32=yes
ac_cv_have_decl_htobe64=yes
ac_cv_have_decl_htole16=yes
ac_cv_have_decl_htole32=yes
ac_cv_have_decl_htole64=yes
ac_cv_have_decl_le16toh=yes
ac_cv_have_decl_le32toh=yes
ac_cv_have_decl_le64toh=yes
ac_cv_have_decl_strerror_r=yes
ac_cv_have_decl_strnlen=yes
ac_cv_header_byteswap_h=yes
ac_cv_header_dlfcn_h=yes
ac_cv_header_endian_h=yes
ac_cv_header_inttypes_h=yes
ac_cv_header_miniupnpc_miniupnpc_h=no
ac_cv_header_miniupnpc_miniwget_h=no
ac_cv_header_miniupnpc_upnpcommands_h=no
ac_cv_header_miniupnpc_upnperrors_h=no
ac_cv_header_stdint_h=yes
ac_cv_header_stdio_h=yes
ac_cv_header_stdlib_h=yes
ac_cv_header_string_h=yes
ac_cv_header_strings_h=yes
ac_cv_header_sys_endian_h=no
ac_cv_header_sys_prctl_h=yes
ac_cv_header_sys_select_h=yes
ac_cv_header_sys_stat_h=yes
ac_cv_header_sys_types_h=yes
ac_cv_header_unistd_h=yes
ac_cv_host=x86_64-pc-linux-gnu
ac_cv_lib_boost_chrono_exit=yes
ac_cv_lib_boost_filesystem_exit=yes
ac_cv_lib_boost_program_options_exit=yes
ac_cv_lib_boost_system_exit=yes
ac_cv_lib_boost_thread_exit=yes
ac_cv_lib_db_cxx_4_8_main=no
ac_cv_lib_db_cxx_main=yes
ac_cv_objcxx_compiler_gnu=no
ac_cv_objext=o
ac_cv_path_EGREP='/usr/bin/grep -E'
ac_cv_path_FGREP='/usr/bin/grep -F'
ac_cv_path_GIT=/usr/bin/git
ac_cv_path_GREP=/usr/bin/grep
ac_cv_path_HEXDUMP=/usr/bin/hexdump
ac_cv_path_LRELEASE=/usr/lib/x86_64-linux-gnu/qt5/bin/lrelease
ac_cv_path_LUPDATE=/usr/lib/x86_64-linux-gnu/qt5/bin/lupdate
ac_cv_path_MOC=/usr/lib/x86_64-linux-gnu/qt5/bin/moc
ac_cv_path_PROTOC=/usr/bin/protoc
ac_cv_path_PYTHON=/usr/bin/python3
ac_cv_path_RCC=/usr/lib/x86_64-linux-gnu/qt5/bin/rcc
ac_cv_path_SED=/usr/bin/sed
ac_cv_path_UIC=/usr/lib/x86_64-linux-gnu/qt5/bin/uic
ac_cv_path_ac_pt_AR=/usr/bin/ar
ac_cv_path_ac_pt_CPPFILT=/usr/bin/c++filt
ac_cv_path_ac_pt_GCOV=/usr/bin/gcov
ac_cv_path_ac_pt_OBJCOPY=/usr/bin/objcopy
ac_cv_path_ac_pt_PKG_CONFIG=/usr/bin/pkg-config
ac_cv_path_ac_pt_RANLIB=/usr/bin/ranlib
ac_cv_path_ac_pt_READELF=/usr/bin/readelf
ac_cv_path_ac_pt_STRIP=/usr/bin/strip
ac_cv_path_install='/usr/bin/install -c'
ac_cv_path_lt_DD=/usr/bin/dd
ac_cv_path_mkdir=/usr/bin/mkdir
ac_cv_prog_AWK=gawk
ac_cv_prog_CPP='gcc -E'
ac_cv_prog_CXXCPP='g++ -std=c++11 -E'
ac_cv_prog_ac_ct_AR=ar
ac_cv_prog_ac_ct_CC=gcc
ac_cv_prog_ac_ct_CXX=g++
ac_cv_prog_ac_ct_MANIFEST_TOOL=mt
ac_cv_prog_ac_ct_OBJDUMP=objdump
ac_cv_prog_ac_ct_RANLIB=ranlib
ac_cv_prog_ac_ct_STRIP=strip
ac_cv_prog_cc_c11=
ac_cv_prog_cc_g=yes
ac_cv_prog_cc_stdc=
ac_cv_prog_cxx_11=no
ac_cv_prog_cxx_cxx11=
ac_cv_prog_cxx_g=yes
ac_cv_prog_cxx_stdcxx=
ac_cv_prog_make_make_set=yes
ac_cv_prog_objcxx_g=no
ac_cv_search_clock_gettime='none required'
ac_cv_sys_file_offset_bits=no
ac_cv_sys_largefile_CC=no
am_cv_CC_dependencies_compiler_type=gcc3
am_cv_CXX_dependencies_compiler_type=gcc3
am_cv_OBJCXX_dependencies_compiler_type=gcc3
am_cv_make_support_nested_variables=yes
am_cv_prog_cc_c_o=yes
ax_cv_PTHREAD_CLANG=no
ax_cv_PTHREAD_JOINABLE_ATTR=PTHREAD_CREATE_JOINABLE
ax_cv_PTHREAD_PRIO_INHERIT=yes
ax_cv_PTHREAD_SPECIAL_FLAGS=no
ax_cv_boost_chrono=yes
ax_cv_boost_filesystem=yes
ax_cv_boost_program_options=yes
ax_cv_boost_system=yes
ax_cv_boost_thread=yes
ax_cv_boost_unit_test_framework=yes
ax_cv_check_cxxcppflags___D_FORTIFY_SOURCE_2=yes
ax_cv_check_cxxcppflags___U_FORTIFY_SOURCE=yes
ax_cv_check_cxxflags__Wall=yes
ax_cv_check_cxxflags__Wdeprecated_register=no
ax_cv_check_cxxflags__Wextra=yes
ax_cv_check_cxxflags__Wformat=yes
ax_cv_check_cxxflags__Wformat_security=yes
ax_cv_check_cxxflags__Wimplicit_fallthrough=yes
ax_cv_check_cxxflags__Wself_assign=no
ax_cv_check_cxxflags__Wunused_local_typedef=no
ax_cv_check_cxxflags__Wunused_parameter=yes
ax_cv_check_cxxflags__Wuser_defined_warnings=no
ax_cv_check_cxxflags__Wvla=yes
ax_cv_check_cxxflags___Werror=yes
ax_cv_check_cxxflags___Wstack_protector=yes
ax_cv_check_cxxflags___fPIC=yes
ax_cv_check_cxxflags___fstack_protector_all=yes
ax_cv_check_cxxflags__msse4_2=yes
ax_cv_check_ldflags___Wl___dynamicbase=no
ax_cv_check_ldflags___Wl___high_entropy_va=no
ax_cv_check_ldflags___Wl___large_address_aware=no
ax_cv_check_ldflags___Wl___nxcompat=no
ax_cv_check_ldflags___Wl__z_now=yes
ax_cv_check_ldflags___Wl__z_relro=yes
ax_cv_check_ldflags__fPIE__pie=yes
ax_cv_cxx_compile_cxx11__std_cpp11=yes
ax_cv_have_func_attribute_dllexport=no
ax_cv_have_func_attribute_dllimport=no
ax_cv_have_func_attribute_visibility=yes
cephalon_cv_static_qt=no
lt_cv_ar_at_file=@
lt_cv_deplibs_check_method=pass_all
lt_cv_file_magic_cmd='$MAGIC_CMD'
lt_cv_file_magic_test_file=
lt_cv_ld_reload_flag=-r
lt_cv_nm_interface='BSD nm'
lt_cv_objdir=.libs
lt_cv_path_LD=/usr/bin/ld
lt_cv_path_LDCXX='/usr/bin/ld -m elf_x86_64'
lt_cv_path_NM='/usr/bin/nm -B'
lt_cv_path_mainfest_tool=no
lt_cv_prog_compiler_c_o=yes
lt_cv_prog_compiler_c_o_CXX=yes
lt_cv_prog_compiler_pic='-fPIC -DPIC'
lt_cv_prog_compiler_pic_CXX='-fPIC -DPIC'
lt_cv_prog_compiler_pic_works=yes
lt_cv_prog_compiler_pic_works_CXX=yes
lt_cv_prog_compiler_rtti_exceptions=no
lt_cv_prog_compiler_static_works=yes
lt_cv_prog_compiler_static_works_CXX=yes
lt_cv_prog_gnu_ld=yes
lt_cv_prog_gnu_ldcxx=yes
lt_cv_sharedlib_from_linklib_cmd='printf %s\n'
lt_cv_shlibpath_overrides_runpath=yes
lt_cv_sys_global_symbol_pipe='sed -n -e '\''s/^.*[	 ]\([ABCDGIRSTW][ABCDGIRSTW]*\)[	 ][	 ]*\([_A-Za-z][_A-Za-z0-9]*\)$/\1 \2 \2/p'\'' | sed '\''/ __gnu_lto/d'\'''
lt_cv_sys_global_symbol_to_c_name_address='sed -n -e '\''s/^: \(.*\) .*$/  {"\1", (void *) 0},/p'\'' -e '\''s/^[ABCDGIRSTW][ABCDGIRSTW]* .* \(.*\)$/  {"\1", (void *) \&\1},/p'\'''
lt_cv_sys_global_symbol_to_c_name_address_lib_prefix='sed -n -e '\''s/^: \(.*\) .*$/  {"\1", (void *) 0},/p'\'' -e '\''s/^[ABCDGIRSTW][ABCDGIRSTW]* .* \(lib.*\)$/  {"\1", (void *) \&\1},/p'\'' -e '\''s/^[ABCDGIRSTW][ABCDGIRSTW]* .* \(.*\)$/  {"lib\1", (void *) \&\1},/p'\'''
lt_cv_sys_global_symbol_to_cdecl='sed -n -e '\''s/^T .* \(.*\)$/extern int \1();/p'\'' -e '\''s/^[ABCDGIRSTW][ABCDGIRSTW]* .* \(.*\)$/extern char \1;/p'\'''
lt_cv_sys_global_symbol_to_import=
lt_cv_sys_max_cmd_len=1572864
lt_cv_to_host_file_cmd=func_convert_file_noop
lt_cv_to_tool_file_cmd=func_convert_file_noop
lt_cv_truncate_bin='/usr/bin/dd bs=4096 count=1'
pkg_cv_CRYPTO_CFLAGS=
pkg_cv_CRYPTO_LIBS=-lcrypto
pkg_cv_EVENT_CFLAGS=
pkg_cv_EVENT_LIBS=-levent
pkg_cv_EVENT_PTHREADS_CFLAGS=
pkg_cv_EVENT_PTHREADS_LIBS='-levent_pthreads -levent'
pkg_cv_PROTOBUF_CFLAGS=-pthread
pkg_cv_PROTOBUF_LIBS=-lprotobuf
pkg_cv_QR_CFLAGS=
pkg_cv_QR_LIBS=-lqrencode
pkg_cv_QT5_CFLAGS='-DQT_NETWORK_LIB -DQT_WIDGETS_LIB -DQT_GUI_LIB -DQT_CORE_LIB -I/usr/include/x86_64-linux-gnu/qt5/QtNetwork -I/usr/include/x86_64-linux-gnu/qt5 -I/usr/include/x86_64-linux-gnu/qt5/QtWidgets -I/usr/include/x86_64-linux-gnu/qt5 -I/usr/include/x86_64-linux-gnu/qt5/QtGui -I/usr/include/x86_64-linux-gnu/qt5 -I/usr/include/x86_64-linux-gnu/qt5/QtCore -I/usr/include/x86_64-linux-gnu/qt5'
pkg_cv_QT5_LIBS='-lQt5Network -lQt5Widgets -lQt5Gui -lQt5Core'
pkg_cv_QT_DBUS_CFLAGS='-DQT_DBUS_LIB -DQT_CORE_LIB -I/usr/include/x86_64-linux-gnu/qt5/QtDBus -I/usr/include/x86_64-linux-gnu/qt5 -I/usr/include/x86_64-linux-gnu/qt5/QtCore -I/usr/include/x86_64-linux-gnu/qt5'
pkg_cv_QT_DBUS_LIBS='-lQt5DBus -lQt5Core'
pkg_cv_QT_TEST_CFLAGS='-DQT_TESTLIB_LIB -DQT_CORE_LIB -I/usr/include/x86_64-linux-gnu/qt5/QtTest -I/usr/include/x86_64-linux-gnu/qt5 -I/usr/include/x86_64-linux-gnu/qt5/QtCore -I/usr/include/x86_64-linux-gnu/qt5'
pkg_cv_QT_TEST_LIBS='-lQt5Test -lQt5Core'
pkg_cv_SSL_CFLAGS=
pkg_cv_SSL_LIBS=-lssl
pkg_cv_ZMQ_CFLAGS='-isystem /usr/include/mit-krb5 -I/usr/include/pgm-5.3 -I/usr/include/libxml2'
pkg_cv_ZMQ_LIBS=-lzmq

## ----------------- ##
## Output variables. ##
## ----------------- ##

ACLOCAL='${SHELL} '\''/home/dellacsep1/Desktop/oct/build-aux/missing'\'' aclocal-1.16'
AMDEPBACKSLASH='\'
AMDEP_FALSE='#'
AMDEP_TRUE=''
AMTAR='$${TAR-tar}'
AM_BACKSLASH='\'
AM_DEFAULT_V='$(AM_DEFAULT_VERBOSITY)'
AM_DEFAULT_VERBOSITY='0'
AM_V='$(V)'
AR='/usr/bin/ar'
ARFLAGS='cr'
AUTOCONF='${SHELL} '\''/home/dellacsep1/Desktop/oct/build-aux/missing'\'' autoconf'
AUTOHEADER='${SHELL} '\''/home/dellacsep1/Desktop/oct/build-aux/missing'\'' autoheader'
AUTOMAKE='${SHELL} '\''/home/dellacsep1/Desktop/oct/build-aux/missing'\'' automake-1.16'
AWK='gawk'
BDB_CFLAGS=''
BDB_CPPFLAGS=''
BDB_LIBS='-ldb_cxx'
BOOST_CHRONO_LIB='-lboost_chrono'
BOOST_CPPFLAGS='-DBOOST_SP_USE_STD_ATOMIC -DBOOST_AC_USE_STD_ATOMIC -pthread -I/usr/include'
BOOST_FILESYSTEM_LIB='-lboost_filesystem'
BOOST_LDFLAGS='-L/usr/lib/x86_64-linux-gnu'
BOOST_LIBS='-L/usr/lib/x86_64-linux-gnu -lboost_system -lboost_filesystem -lboost_program_options -lboost_thread -lboost_chrono'
BOOST_PROGRAM_OPTIONS_LIB='-lboost_program_options'
BOOST_SYSTEM_LIB='-lboost_system'
BOOST_THREAD_LIB='-lboost_thread'
BOOST_UNIT_TEST_FRAMEWORK_LIB='-lboost_unit_test_framework'
BREW=''
BUILD_CEPHALOND_FALSE='#'
BUILD_CEPHALOND_TRUE=''
BUILD_CEPHALON_CLI_FALSE='#'
BUILD_CEPHALON_CLI_TRUE=''
BUILD_CEPHALON_LIBS_FALSE='#'
BUILD_CEPHALON_LIBS_TRUE=''
BUILD_CEPHALON_TX_FALSE=''
BUILD_CEPHALON_TX_TRUE='#'
BUILD_DARWIN_FALSE=''
BUILD_DARWIN_TRUE='#'
CC='gcc'
CCACHE=''
CCDEPMODE='depmode=gcc3'
CEPHALON_DAEMON_NAME='cephalond'
CEPHALON_GUI_NAME='cephalon-qt'
CEPHALON_TX_NAME='cephalon-tx'
CFLAGS='-g -O2'
CLIENT_VERSION_BUILD='2'
CLIENT_VERSION_IS_RELEASE='true'
CLIENT_VERSION_MAJOR='4'
CLIENT_VERSION_MINOR='4'
CLIENT_VERSION_REVISION='4'
COMPAT_LDFLAGS=''
COPYRIGHT_HOLDERS='The %s developers'
COPYRIGHT_HOLDERS_FINAL='The Cephalon Core developers'
COPYRIGHT_HOLDERS_SUBSTITUTION='Cephalon Core'
COPYRIGHT_YEAR='2021'
CPP='gcc -E'
CPPFILT='/usr/bin/c++filt'
CPPFLAGS=' -DHAVE_BUILD_INFO -D__STDC_FORMAT_MACROS -fPIC'
CRYPTO_CFLAGS=''
CRYPTO_LIBS='-lcrypto'
CSCOPE='cscope'
CTAGS='ctags'
CXX='g++ -std=c++11'
CXXCPP='g++ -std=c++11 -E'
CXXDEPMODE='depmode=gcc3'
CXXFLAGS='-g -O2 -Wall -Wextra -Wformat -Wvla -Wformat-security -Wno-unused-parameter -Wno-implicit-fallthrough -fPIC'
CYGPATH_W='echo'
DEFS='-DHAVE_CONFIG_H'
DEPDIR='.deps'
DLLTOOL='false'
DOXYGEN=''
DSYMUTIL=''
DUMPBIN=''
ECHO_C=''
ECHO_N='-n'
ECHO_T=''
EGREP='/usr/bin/grep -E'
EMBEDDED_LEVELDB_FALSE='#'
EMBEDDED_LEVELDB_TRUE=''
EMBEDDED_UNIVALUE_FALSE='#'
EMBEDDED_UNIVALUE_TRUE=''
ENABLE_BENCH_FALSE='#'
ENABLE_BENCH_TRUE=''
ENABLE_HWCRC32_FALSE='#'
ENABLE_HWCRC32_TRUE=''
ENABLE_MAN_FALSE='#'
ENABLE_MAN_TRUE=''
ENABLE_QT_FALSE='#'
ENABLE_QT_TESTS_FALSE='#'
ENABLE_QT_TESTS_TRUE=''
ENABLE_QT_TRUE=''
ENABLE_TESTS_FALSE='#'
ENABLE_TESTS_TRUE=''
ENABLE_WALLET_FALSE='#'
ENABLE_WALLET_TRUE=''
ENABLE_ZMQ_FALSE='#'
ENABLE_ZMQ_TRUE=''
ERROR_CXXFLAGS=''
ETAGS='etags'
EVENT_CFLAGS=''
EVENT_LIBS='-levent'
EVENT_PTHREADS_CFLAGS=''
EVENT_PTHREADS_LIBS='-levent_pthreads -levent'
EXEEXT=''
EXTENDED_FUNCTIONAL_TESTS=''
FGREP='/usr/bin/grep -F'
GCOV='/usr/bin/gcov'
GENHTML=''
GENISOIMAGE=''
GIT='/usr/bin/git'
GLIBC_BACK_COMPAT_FALSE=''
GLIBC_BACK_COMPAT_TRUE='#'
GREP='/usr/bin/grep'
HARDENED_CPPFLAGS=' -U_FORTIFY_SOURCE -D_FORTIFY_SOURCE=2'
HARDENED_CXXFLAGS=' -Wstack-protector -fstack-protector-all'
HARDENED_LDFLAGS=' -Wl,-z,relro -Wl,-z,now -pie'
HARDEN_FALSE='#'
HARDEN_TRUE=''
HAVE_CXX11='1'
HAVE_DOXYGEN_FALSE=''
HAVE_DOXYGEN_TRUE='#'
HEXDUMP='/usr/bin/hexdump'
IMAGEMAGICK_CONVERT=''
INSTALLNAMETOOL=''
INSTALL_DATA='${INSTALL} -m 644'
INSTALL_PROGRAM='${INSTALL}'
INSTALL_SCRIPT='${INSTALL}'
INSTALL_STRIP_PROGRAM='$(install_sh) -c -s'
LCOV=''
LCOV_OPTS=''
LD='/usr/bin/ld -m elf_x86_64'
LDFLAGS=''
LEVELDB_CPPFLAGS=''
LEVELDB_TARGET_FLAGS='-DOS_LINUX'
LIBLEVELDB=''
LIBMEMENV=''
LIBOBJS=''
LIBS=''
LIBTOOL='$(SHELL) $(top_builddir)/libtool'
LIBTOOL_APP_LDFLAGS=''
LIPO=''
LN_S='ln -s'
LRELEASE='/usr/lib/x86_64-linux-gnu/qt5/bin/lrelease'
LTLIBOBJS=''
LT_SYS_LIBRARY_PATH=''
LUPDATE='/usr/lib/x86_64-linux-gnu/qt5/bin/lupdate'
MAINT=''
MAINTAINER_MODE_FALSE='#'
MAINTAINER_MODE_TRUE=''
MAKEINFO='${SHELL} '\''/home/dellacsep1/Desktop/oct/build-aux/missing'\'' makeinfo'
MAKENSIS=''
MANIFEST_TOOL=':'
MINIUPNPC_CPPFLAGS=''
MINIUPNPC_LIBS=''
MKDIR_P='/usr/bin/mkdir -p'
MOC='/usr/lib/x86_64-linux-gnu/qt5/bin/moc'
MOC_DEFS='-DHAVE_CONFIG_H -I$(srcdir)'
NM='/usr/bin/nm -B'
NMEDIT=''
OBJCOPY='/usr/bin/objcopy'
OBJCXX='g++ -std=c++11'
OBJCXXDEPMODE='depmode=gcc3'
OBJCXXFLAGS=''
OBJDUMP='objdump'
OBJEXT='o'
OTOOL64=''
OTOOL=''
PACKAGE='cephalon'
PACKAGE_BUGREPORT='https://github.com/CephalonChain/Cephalon/issues'
PACKAGE_NAME='Cephalon Core'
PACKAGE_STRING='Cephalon Core 4.4.4'
PACKAGE_TARNAME='cephalon'
PACKAGE_URL='https://cephalon.net'
PACKAGE_VERSION='4.4.4'
PATH_SEPARATOR=':'
PIC_FLAGS='-fPIC'
PIE_FLAGS='-fPIE'
PKG_CONFIG='/usr/bin/pkg-config'
PKG_CONFIG_LIBDIR=''
PKG_CONFIG_PATH=''
PORT=''
PROTOBUF_CFLAGS='-pthread'
PROTOBUF_LIBS='-lprotobuf'
PROTOC='/usr/bin/protoc'
PTHREAD_CC='gcc'
PTHREAD_CFLAGS='-pthread'
PTHREAD_LIBS=''
PYTHON='/usr/bin/python3'
PYTHONPATH=''
QR_CFLAGS=''
QR_LIBS='-lqrencode'
QT4_CFLAGS=''
QT4_LIBS=''
QT5_CFLAGS='-DQT_NETWORK_LIB -DQT_WIDGETS_LIB -DQT_GUI_LIB -DQT_CORE_LIB -I/usr/include/x86_64-linux-gnu/qt5/QtNetwork -I/usr/include/x86_64-linux-gnu/qt5 -I/usr/include/x86_64-linux-gnu/qt5/QtWidgets -I/usr/include/x86_64-linux-gnu/qt5 -I/usr/include/x86_64-linux-gnu/qt5/QtGui -I/usr/include/x86_64-linux-gnu/qt5 -I/usr/include/x86_64-linux-gnu/qt5/QtCore -I/usr/include/x86_64-linux-gnu/qt5'
QT5_LIBS='-lQt5Network -lQt5Widgets -lQt5Gui -lQt5Core'
QTPLATFORM_CFLAGS=''
QTPLATFORM_LIBS=''
QTPRINT_CFLAGS=''
QTPRINT_LIBS=''
QTXCBQPA_CFLAGS=''
QTXCBQPA_LIBS=''
QT_DBUS_CFLAGS='-DQT_DBUS_LIB -DQT_CORE_LIB -I/usr/include/x86_64-linux-gnu/qt5/QtDBus -I/usr/include/x86_64-linux-gnu/qt5 -I/usr/include/x86_64-linux-gnu/qt5/QtCore -I/usr/include/x86_64-linux-gnu/qt5'
QT_DBUS_INCLUDES='-DQT_DBUS_LIB -DQT_CORE_LIB -I/usr/include/x86_64-linux-gnu/qt5/QtDBus -I/usr/include/x86_64-linux-gnu/qt5 -I/usr/include/x86_64-linux-gnu/qt5/QtCore -I/usr/include/x86_64-linux-gnu/qt5'
QT_DBUS_LIBS='-lQt5DBus -lQt5Core'
QT_INCLUDES='-DQT_NETWORK_LIB -DQT_WIDGETS_LIB -DQT_GUI_LIB -DQT_CORE_LIB -I/usr/include/x86_64-linux-gnu/qt5/QtNetwork -I/usr/include/x86_64-linux-gnu/qt5 -I/usr/include/x86_64-linux-gnu/qt5/QtWidgets -I/usr/include/x86_64-linux-gnu/qt5 -I/usr/include/x86_64-linux-gnu/qt5/QtGui -I/usr/include/x86_64-linux-gnu/qt5 -I/usr/include/x86_64-linux-gnu/qt5/QtCore -I/usr/include/x86_64-linux-gnu/qt5'
QT_LDFLAGS=''
QT_LIBS='-lQt5Network -lQt5Widgets -lQt5Gui -lQt5Core'
QT_PIE_FLAGS='-fPIC'
QT_SELECT='qt5'
QT_TEST_CFLAGS='-DQT_TESTLIB_LIB -DQT_CORE_LIB -I/usr/include/x86_64-linux-gnu/qt5/QtTest -I/usr/include/x86_64-linux-gnu/qt5 -I/usr/include/x86_64-linux-gnu/qt5/QtCore -I/usr/include/x86_64-linux-gnu/qt5'
QT_TEST_INCLUDES='-DQT_TESTLIB_LIB -DQT_CORE_LIB -I/usr/include/x86_64-linux-gnu/qt5/QtTest -I/usr/include/x86_64-linux-gnu/qt5 -I/usr/include/x86_64-linux-gnu/qt5/QtCore -I/usr/include/x86_64-linux-gnu/qt5'
QT_TEST_LIBS='-lQt5Test -lQt5Core'
QT_TRANSLATION_DIR=''
RANLIB='/usr/bin/ranlib'
RCC='/usr/lib/x86_64-linux-gnu/qt5/bin/rcc'
READELF='/usr/bin/readelf'
RELDFLAGS=''
RSVG_CONVERT=''
SED='/usr/bin/sed'
SET_MAKE=''
SHELL='/bin/bash'
SSE42_CXXFLAGS='-msse4.2'
SSL_CFLAGS=''
SSL_LIBS='-lssl'
STRIP='/usr/bin/strip'
TARGET_DARWIN_FALSE=''
TARGET_DARWIN_TRUE='#'
TARGET_WINDOWS_FALSE=''
TARGET_WINDOWS_TRUE='#'
TESTDEFS=' -DBOOST_TEST_DYN_LINK'
TIFFCP=''
UIC='/usr/lib/x86_64-linux-gnu/qt5/bin/uic'
UNIVALUE_CFLAGS='-I$(srcdir)/univalue/include'
UNIVALUE_LIBS='univalue/libunivalue.la'
USE_ASM_FALSE='#'
USE_ASM_TRUE=''
USE_LCOV_FALSE=''
USE_LCOV_TRUE='#'
USE_QRCODE=''
USE_QRCODE_FALSE='#'
USE_QRCODE_TRUE=''
USE_UPNP=''
VERSION='4.4.4'
WINDOWS_BITS=''
WINDRES=''
X11XCB_CFLAGS=''
X11XCB_LIBS=''
XGETTEXT=''
ZMQ_CFLAGS='-isystem /usr/include/mit-krb5 -I/usr/include/pgm-5.3 -I/usr/include/libxml2'
ZMQ_LIBS='-lzmq'
ac_ct_AR='ar'
ac_ct_CC='gcc'
ac_ct_CXX='g++'
ac_ct_DUMPBIN=''
ac_ct_OBJCXX=''
am__EXEEXT_FALSE=''
am__EXEEXT_TRUE='#'
am__fastdepCC_FALSE='#'
am__fastdepCC_TRUE=''
am__fastdepCXX_FALSE='#'
am__fastdepCXX_TRUE=''
am__fastdepOBJCXX_FALSE='#'
am__fastdepOBJCXX_TRUE=''
am__include='include'
am__isrc=''
am__leading_dot='.'
am__nodep='_no'
am__quote=''
am__tar='$${TAR-tar} chof - "$$tardir"'
am__untar='$${TAR-tar} xf -'
ax_pthread_config=''
bindir='${exec_prefix}/bin'
build='x86_64-pc-linux-gnu'
build_alias=''
build_cpu='x86_64'
build_os='linux-gnu'
build_vendor='pc'
cephalon_cli_NAME='cephalon-cli'
datadir='${datarootdir}'
datarootdir='${prefix}/share'
docdir='${datarootdir}/doc/${PACKAGE_TARNAME}'
dvidir='${docdir}'
exec_prefix='${prefix}'
host='x86_64-pc-linux-gnu'
host_alias=''
host_cpu='x86_64'
host_os='linux-gnu'
host_vendor='pc'
htmldir='${docdir}'
includedir='${prefix}/include'
infodir='${datarootdir}/info'
install_sh='${SHELL} /home/dellacsep1/Desktop/oct/build-aux/install-sh'
libdir='${exec_prefix}/lib'
libexecdir='${exec_prefix}/libexec'
localedir='${datarootdir}/locale'
localstatedir='${prefix}/var'
mandir='${datarootdir}/man'
mkdir_p='$(MKDIR_P)'
oldincludedir='/usr/include'
pdfdir='${docdir}'
prefix='/usr/local'
program_transform_name='s,x,x,'
psdir='${docdir}'
runstatedir='${localstatedir}/run'
sbindir='${exec_prefix}/sbin'
sharedstatedir='${prefix}/com'
subdirs=' src/univalue src/secp256k1'
sysconfdir='${prefix}/etc'
target_alias=''

## ----------- ##
## confdefs.h. ##
## ----------- ##

/* confdefs.h */
#define PACKAGE_NAME "Cephalon Core"
#define PACKAGE_TARNAME "cephalon"
#define PACKAGE_VERSION "4.4.4"
#define PACKAGE_STRING "Cephalon Core 4.4.4"
#define PACKAGE_BUGREPORT "https://github.com/CephalonChain/Cephalon/issues"
#define PACKAGE_URL "https://cephalon.net"
#define HAVE_CXX11 1
#define HAVE_STDIO_H 1
#define HAVE_STDLIB_H 1
#define HAVE_STRING_H 1
#define HAVE_INTTYPES_H 1
#define HAVE_STDINT_H 1
#define HAVE_STRINGS_H 1
#define HAVE_SYS_STAT_H 1
#define HAVE_SYS_TYPES_H 1
#define HAVE_UNISTD_H 1
#define STDC_HEADERS 1
#define HAVE_DLFCN_H 1
#define LT_OBJDIR ".libs/"
#define USE_ASM 1
#define HAVE_PTHREAD_PRIO_INHERIT 1
#define HAVE_PTHREAD 1
#define HAVE_DECL_STRERROR_R 1
#define HAVE_STRERROR_R 1
#define STRERROR_R_CHAR_P 1
#define HAVE_FUNC_ATTRIBUTE_VISIBILITY 1
#define HAVE_ENDIAN_H 1
#define HAVE_BYTESWAP_H 1
#define HAVE_STDIO_H 1
#define HAVE_STDLIB_H 1
#define HAVE_UNISTD_H 1
#define HAVE_STRINGS_H 1
#define HAVE_SYS_TYPES_H 1
#define HAVE_SYS_STAT_H 1
#define HAVE_SYS_SELECT_H 1
#define HAVE_SYS_PRCTL_H 1
#define HAVE_DECL_STRNLEN 1
#define HAVE_DECL_DAEMON 1
#define HAVE_DECL_LE16TOH 1
#define HAVE_DECL_LE32TOH 1
#define HAVE_DECL_LE64TOH 1
#define HAVE_DECL_HTOLE16 1
#define HAVE_DECL_HTOLE32 1
#define HAVE_DECL_HTOLE64 1
#define HAVE_DECL_BE16TOH 1
#define HAVE_DECL_BE32TOH 1
#define HAVE_DECL_BE64TOH 1
#define HAVE_DECL_HTOBE16 1
#define HAVE_DECL_HTOBE32 1
#define HAVE_DECL_HTOBE64 1
#define HAVE_DECL_BSWAP_16 1
#define HAVE_DECL_BSWAP_32 1
#define HAVE_DECL_BSWAP_64 1
#define HAVE_DECL___BUILTIN_CLZ 1
#define HAVE_DECL___BUILTIN_CLZL 1
#define HAVE_DECL___BUILTIN_CLZLL 1
#define HAVE_MSG_NOSIGNAL 1
#define HAVE_MSG_DONTWAIT 1
#define HAVE_MALLOC_INFO 1
#define HAVE_MALLOPT_ARENA_MAX 1
#define HAVE_VISIBILITY_ATTRIBUTE 1
#define HAVE_SYS_GETRANDOM 1
#define HAVE_GETENTROPY 1
#define HAVE_GETENTROPY_RAND 1
#define HAVE_BOOST /**/
#define HAVE_BOOST_SYSTEM /**/
#define HAVE_BOOST_FILESYSTEM /**/
#define HAVE_BOOST_PROGRAM_OPTIONS /**/
#define HAVE_BOOST_THREAD /**/
#define HAVE_BOOST_CHRONO /**/
#define HAVE_BOOST_UNIT_TEST_FRAMEWORK /**/
#define HAVE_WORKING_BOOST_SLEEP_FOR 1
#define ENABLE_ZMQ 1
#define HAVE_DECL_EVP_MD_CTX_NEW 1
#define HAVE_CONSENSUS_LIB 1
#define ENABLE_WALLET 1
#define USE_DBUS 1
#define USE_QRCODE 1
#define CLIENT_VERSION_MAJOR 4
#define CLIENT_VERSION_MINOR 4
#define CLIENT_VERSION_REVISION 4
#define CLIENT_VERSION_BUILD 2
#define CLIENT_VERSION_IS_RELEASE true
#define COPYRIGHT_YEAR 2021
#define COPYRIGHT_HOLDERS "The %s developers"
#define COPYRIGHT_HOLDERS_SUBSTITUTION "Cephalon Core"
#define COPYRIGHT_HOLDERS_FINAL "The Cephalon Core developers"

configure: exit 0

## ---------------------- ##
## Running config.status. ##
## ---------------------- ##

This file was extended by Cephalon Core config.status 4.4.4, which was
generated by GNU Autoconf 2.71.  Invocation command line was

  CONFIG_FILES    = 
  CONFIG_HEADERS  = 
  CONFIG_LINKS    = 
  CONFIG_COMMANDS = 
  $ ./config.status 

on dellacsep1

config.status:1417: creating libcephalonconsensus.pc
config.status:1417: creating Makefile
config.status:1417: creating src/Makefile
config.status:1417: creating doc/man/Makefile
config.status:1417: creating share/setup.nsi
config.status:1417: creating share/qt/Info.plist
config.status:1417: creating test/config.ini
config.status:1417: creating contrib/devtools/split-debug.sh
config.status:1417: creating src/config/cephalon-config.h
config.status:1598: src/config/cephalon-config.h is unchanged
config.status:1677: executing depfiles commands
config.status:1754: cd src       && sed -e '/# am--include-marker/d' Makefile         | make -f - am--depfiles
make[1]: warning: jobserver unavailable: using -j1.  Add '+' to parent make rule.
make[1]: Entering directory '/home/dellacsep1/Desktop/oct/src'
make[1]: Nothing to be done for 'am--depfiles'.
make[1]: Leaving directory '/home/dellacsep1/Desktop/oct/src'
config.status:1759: $? = 0
config.status:1677: executing libtool commands
